Using pre-set license
Built from '2021.3/staging' branch; Version is '2021.3.4f1 (cb45f9cae8b7) revision 13321721'; Using compiler version '192829333'; Build Type 'Release'
OS: 'Windows 10  (10.0.19043) 64bit CoreSingleLanguage' Language: 'ru' Physical Memory: 16224 MB
BatchMode: 1, IsHumanControllingUs: 0, StartBugReporterOnCrash: 0, Is64bit: 1, IsPro: 1

COMMAND LINE ARGUMENTS:
C:\Program Files\Unity\Hub\Editor\2021.3.4f1\Editor\Unity.exe
-adb2
-batchMode
-noUpm
-name
AssetImportWorker9
-projectPath
C:/Games/Test/GameECS
-logFile
Logs/AssetImportWorker9.log
-srvPort
1045
Successfully changed project path to: C:/Games/Test/GameECS
C:/Games/Test/GameECS
[UnityMemory] Configuration Parameters - Can be set up in boot.config
    "memorysetup-bucket-allocator-granularity=16"
    "memorysetup-bucket-allocator-bucket-count=8"
    "memorysetup-bucket-allocator-block-size=33554432"
    "memorysetup-bucket-allocator-block-count=8"
    "memorysetup-main-allocator-block-size=16777216"
    "memorysetup-thread-allocator-block-size=16777216"
    "memorysetup-gfx-main-allocator-block-size=16777216"
    "memorysetup-gfx-thread-allocator-block-size=16777216"
    "memorysetup-cache-allocator-block-size=4194304"
    "memorysetup-typetree-allocator-block-size=2097152"
    "memorysetup-profiler-bucket-allocator-granularity=16"
    "memorysetup-profiler-bucket-allocator-bucket-count=8"
    "memorysetup-profiler-bucket-allocator-block-size=33554432"
    "memorysetup-profiler-bucket-allocator-block-count=8"
    "memorysetup-profiler-allocator-block-size=16777216"
    "memorysetup-profiler-editor-allocator-block-size=1048576"
    "memorysetup-temp-allocator-size-main=16777216"
    "memorysetup-job-temp-allocator-block-size=2097152"
    "memorysetup-job-temp-allocator-block-size-background=1048576"
    "memorysetup-job-temp-allocator-reduction-small-platforms=262144"
    "memorysetup-temp-allocator-size-background-worker=32768"
    "memorysetup-temp-allocator-size-job-worker=262144"
    "memorysetup-temp-allocator-size-preload-manager=33554432"
    "memorysetup-temp-allocator-size-nav-mesh-worker=65536"
    "memorysetup-temp-allocator-size-audio-worker=65536"
    "memorysetup-temp-allocator-size-cloud-worker=32768"
    "memorysetup-temp-allocator-size-gi-baking-worker=262144"
    "memorysetup-temp-allocator-size-gfx=262144"
Refreshing native plugins compatible for Editor in 171.87 ms, found 3 plugins.
Preloading 0 native plugins for Editor in 0.00 ms.
Initialize engine version: 2021.3.4f1 (cb45f9cae8b7)
[Subsystems] Discovering subsystems at path C:/Program Files/Unity/Hub/Editor/2021.3.4f1/Editor/Data/Resources/UnitySubsystems
[Subsystems] Discovering subsystems at path C:/Games/Test/GameECS/Assets
GfxDevice: creating device client; threaded=0; jobified=0
Direct3D:
    Version:  Direct3D 11.0 [level 11.1]
    Renderer: AMD Radeon (TM) R7 370 Series (ID=0x6811)
    Vendor:   ATI
    VRAM:     4075 MB
    Driver:   27.20.20903.8001
Shader 'WFX/Transparent Diffuse': fallback shader 'Particles/Alpha Blended' not found
Shader 'WFX/Transparent Specular': fallback shader 'Particles/Alpha Blended' not found
Initialize mono
Mono path[0] = 'C:/Program Files/Unity/Hub/Editor/2021.3.4f1/Editor/Data/Managed'
Mono path[1] = 'C:/Program Files/Unity/Hub/Editor/2021.3.4f1/Editor/Data/MonoBleedingEdge/lib/mono/unityjit-win32'
Mono config path = 'C:/Program Files/Unity/Hub/Editor/2021.3.4f1/Editor/Data/MonoBleedingEdge/etc'
Using monoOptions --debugger-agent=transport=dt_socket,embedding=1,server=y,suspend=n,address=127.0.0.1:56224
Begin MonoManager ReloadAssembly
Registering precompiled unity dll's ...
Register platform support module: C:/Program Files/Unity/Hub/Editor/2021.3.4f1/Editor/Data/PlaybackEngines/WebGLSupport/UnityEditor.WebGL.Extensions.dll
Register platform support module: C:/Program Files/Unity/Hub/Editor/2021.3.4f1/Editor/Data/PlaybackEngines/WindowsStandaloneSupport/UnityEditor.WindowsStandalone.Extensions.dll
Registered in 0.010842 seconds.
Native extension for WindowsStandalone target not found
Native extension for WebGL target not found
Refreshing native plugins compatible for Editor in 183.34 ms, found 3 plugins.
Preloading 0 native plugins for Editor in 0.00 ms.
Mono: successfully reloaded assembly
- Completed reload, in  0.921 seconds
Domain Reload Profiling:
	ReloadAssembly (922ms)
		BeginReloadAssembly (93ms)
			ExecutionOrderSort (0ms)
			DisableScriptedObjects (0ms)
			BackupInstance (0ms)
			ReleaseScriptingObjects (0ms)
			CreateAndSetChildDomain (1ms)
		EndReloadAssembly (680ms)
			LoadAssemblies (90ms)
			RebuildTransferFunctionScriptingTraits (0ms)
			SetupTypeCache (145ms)
			ReleaseScriptCaches (0ms)
			RebuildScriptCaches (36ms)
			SetupLoadedEditorAssemblies (426ms)
				LogAssemblyErrors (0ms)
				InitializePlatformSupportModulesInManaged (14ms)
				SetLoadedEditorAssemblies (0ms)
				RefreshPlugins (183ms)
				BeforeProcessingInitializeOnLoad (2ms)
				ProcessInitializeOnLoadAttributes (163ms)
				ProcessInitializeOnLoadMethodAttributes (63ms)
				AfterProcessingInitializeOnLoad (0ms)
				EditorAssembliesLoaded (0ms)
			ExecutionOrderSort2 (0ms)
			AwakeInstancesAfterBackupRestoration (0ms)
Platform modules already initialized, skipping
Registering precompiled user dll's ...
Registered in 0.010516 seconds.
Begin MonoManager ReloadAssembly
Symbol file LoadedFromMemory doesn't match image C:\Games\Test\GameECS\Library\PackageCache\com.unity.visualscripting@1.7.8\Editor\VisualScripting.Core\Dependencies\YamlDotNet\Unity.VisualScripting.YamlDotNet.dll
Symbol file LoadedFromMemory doesn't match image C:\Games\Test\GameECS\Library\PackageCache\com.unity.visualscripting@1.7.8\Editor\VisualScripting.Core\Dependencies\DotNetZip\Unity.VisualScripting.IonicZip.dll
Native extension for WindowsStandalone target not found
Native extension for WebGL target not found
Refreshing native plugins compatible for Editor in 157.87 ms, found 3 plugins.
Preloading 0 native plugins for Editor in 0.00 ms.
Mono: successfully reloaded assembly
- Completed reload, in  1.711 seconds
Domain Reload Profiling:
	ReloadAssembly (1712ms)
		BeginReloadAssembly (147ms)
			ExecutionOrderSort (0ms)
			DisableScriptedObjects (8ms)
			BackupInstance (0ms)
			ReleaseScriptingObjects (0ms)
			CreateAndSetChildDomain (26ms)
		EndReloadAssembly (1410ms)
			LoadAssemblies (118ms)
			RebuildTransferFunctionScriptingTraits (0ms)
			SetupTypeCache (377ms)
			ReleaseScriptCaches (1ms)
			RebuildScriptCaches (79ms)
			SetupLoadedEditorAssemblies (781ms)
				LogAssemblyErrors (0ms)
				InitializePlatformSupportModulesInManaged (8ms)
				SetLoadedEditorAssemblies (0ms)
				RefreshPlugins (158ms)
				BeforeProcessingInitializeOnLoad (148ms)
				ProcessInitializeOnLoadAttributes (349ms)
				ProcessInitializeOnLoadMethodAttributes (107ms)
				AfterProcessingInitializeOnLoad (11ms)
				EditorAssembliesLoaded (0ms)
			ExecutionOrderSort2 (0ms)
			AwakeInstancesAfterBackupRestoration (8ms)
Platform modules already initialized, skipping
========================================================================
Worker process is ready to serve import requests
Shader 'WFX/Transparent Specular': fallback shader 'Particles/Alpha Blended' not found
Shader 'WFX/Transparent Diffuse': fallback shader 'Particles/Alpha Blended' not found
Launched and connected shader compiler UnityShaderCompiler.exe after 0.08 seconds
Refreshing native plugins compatible for Editor in 1.47 ms, found 3 plugins.
Preloading 0 native plugins for Editor in 0.00 ms.
Unloading 5283 Unused Serialized files (Serialized files now loaded: 0)
Unloading 35 unused Assets / (424.7 KB). Loaded Objects now: 5737.
Memory consumption went from 214.2 MB to 213.8 MB.
Total: 4.767900 ms (FindLiveObjects: 0.591500 ms CreateObjectMapping: 0.367300 ms MarkObjects: 3.496100 ms  DeleteObjects: 0.312100 ms)

AssetImportParameters requested are different than current active one (requested -> active):
  custom:video-decoder-ogg-theora: a1e56fd34408186e4bbccfd4996cb3dc -> 
  custom:container-muxer-webm: aa71ff27fc2769a1b78a27578f13a17b -> 
  custom:container-demuxer-webm: 4f35f7cbe854078d1ac9338744f61a02 -> 
  custom:video-encoder-webm-vp8: eb34c28f22e8b96e1ab97ce403110664 -> 
  custom:audio-encoder-webm-vorbis: bf7c407c2cedff20999df2af8eb42d56 -> 
  custom:framework-win-MediaFoundation: 216162199b28c13a410421893ffa2e32 -> 
  custom:container-demuxer-ogg: 62fdf1f143b41e24485cea50d1cbac27 -> 
  custom:video-decoder-webm-vp8: 9c59270c3fd7afecdb556c50c9e8de78 -> 
  custom:audio-decoder-ogg-vorbis: bf7c407c2cedff20999df2af8eb42d56 -> 
========================================================================
Received Import Request.
  Time since last request: 43807.097891 seconds.
  path: Assets/Weapon/FBX format/blasterD.fbx
  artifactKey: Guid(cea8dc59eb0ffc147890ab9d928d4678) Importer(815301076,1909f56bfc062723c751e8b465ee728b)
Start importing Assets/Weapon/FBX format/blasterD.fbx using Guid(cea8dc59eb0ffc147890ab9d928d4678) Importer(815301076,1909f56bfc062723c751e8b465ee728b)  -> (artifact id: '1ff81ee9c15580e1374ddf1072e3c869') in 0.452530 seconds 
========================================================================
Received Import Request.
  Time since last request: 7628.005775 seconds.
  path: Assets/Weapon/Prefabs/BobaFett.prefab
  artifactKey: Guid(cdad4ca73e42b41448a5e701f8d1d88b) Importer(815301076,1909f56bfc062723c751e8b465ee728b)
Start importing Assets/Weapon/Prefabs/BobaFett.prefab using Guid(cdad4ca73e42b41448a5e701f8d1d88b) Importer(815301076,1909f56bfc062723c751e8b465ee728b)  -> (artifact id: 'd0431cf32cb9f389e0690c1aab43400b') in 0.030444 seconds 
========================================================================
Received Import Request.
  Time since last request: 0.000033 seconds.
  path: Assets/Weapon/Prefabs/Flamegun.prefab
  artifactKey: Guid(854a20728f6f2f74198a3687263ae707) Importer(815301076,1909f56bfc062723c751e8b465ee728b)
Start importing Assets/Weapon/Prefabs/Flamegun.prefab using Guid(854a20728f6f2f74198a3687263ae707) Importer(815301076,1909f56bfc062723c751e8b465ee728b)  -> (artifact id: '6139dd291f6184b237bec13110857a34') in 0.017594 seconds 
========================================================================
Received Import Request.
  Time since last request: 0.000029 seconds.
  path: Assets/Weapon/Prefabs/PPgun.prefab
  artifactKey: Guid(11f82e92b648b934c90272aa1165dd40) Importer(815301076,1909f56bfc062723c751e8b465ee728b)
Start importing Assets/Weapon/Prefabs/PPgun.prefab using Guid(11f82e92b648b934c90272aa1165dd40) Importer(815301076,1909f56bfc062723c751e8b465ee728b)  -> (artifact id: 'd30b56cc1370f6ee9b253f81fb57ba7c') in 0.018338 seconds 
========================================================================
Received Import Request.
  Time since last request: 0.000032 seconds.
  path: Assets/Weapon/Prefabs/Shotgun.prefab
  artifactKey: Guid(3c9a1ad4bb833b540b300f71f94c1caa) Importer(815301076,1909f56bfc062723c751e8b465ee728b)
Start importing Assets/Weapon/Prefabs/Shotgun.prefab using Guid(3c9a1ad4bb833b540b300f71f94c1caa) Importer(815301076,1909f56bfc062723c751e8b465ee728b)  -> (artifact id: '5fd7f930c8bfdbc501422d530792bd2c') in 0.018879 seconds 
========================================================================
Received Import Request.
  Time since last request: 27.069992 seconds.
  path: Assets/Weapon/BulletPrefabs/Muzzle.prefab
  artifactKey: Guid(15c07c6ec39ea204d9979788ceb09bf9) Importer(815301076,1909f56bfc062723c751e8b465ee728b)
Start importing Assets/Weapon/BulletPrefabs/Muzzle.prefab using Guid(15c07c6ec39ea204d9979788ceb09bf9) Importer(815301076,1909f56bfc062723c751e8b465ee728b)  -> (artifact id: 'fc46d397ec2e76f813dc220db57e6bc4') in 0.021996 seconds 
========================================================================
Received Import Request.
  Time since last request: 89.995036 seconds.
  path: Assets/Ecs/Data/AllWaves.asset
  artifactKey: Guid(b2ff86fa57f49b14b9651f4f5e6dcd3a) Importer(815301076,1909f56bfc062723c751e8b465ee728b)
Start importing Assets/Ecs/Data/AllWaves.asset using Guid(b2ff86fa57f49b14b9651f4f5e6dcd3a) Importer(815301076,1909f56bfc062723c751e8b465ee728b)  -> (artifact id: '8fa9b968133bdcec6f658b46f93cb1ed') in 0.009464 seconds 
========================================================================
Received Import Request.
  Time since last request: 0.000024 seconds.
  path: Assets/Ecs/Data/StaticPlayerData.asset
  artifactKey: Guid(89979318268bb3747b2ff75384d411a9) Importer(815301076,1909f56bfc062723c751e8b465ee728b)
Start importing Assets/Ecs/Data/StaticPlayerData.asset using Guid(89979318268bb3747b2ff75384d411a9) Importer(815301076,1909f56bfc062723c751e8b465ee728b)  -> (artifact id: 'f64840ebac2e2f2214a4c1072ad061bf') in 0.007052 seconds 
========================================================================
Received Import Request.
  Time since last request: 0.000022 seconds.
  path: Assets/Ecs/Data/TerrainMaterialsData.asset
  artifactKey: Guid(6b2501a7976792f4a80064b4ae9031f6) Importer(815301076,1909f56bfc062723c751e8b465ee728b)
Start importing Assets/Ecs/Data/TerrainMaterialsData.asset using Guid(6b2501a7976792f4a80064b4ae9031f6) Importer(815301076,1909f56bfc062723c751e8b465ee728b)  -> (artifact id: 'f8fdaba202aa6f2afb4fdbc914be8696') in 0.012142 seconds 
