Using pre-set license
Built from '2022.1/staging' branch; Version is '2022.1.0b16 (098023fe5c31) revision 622627'; Using compiler version '192829333'; Build Type 'Release'
OS: 'Windows 10  (10.0.19043) 64bit CoreSingleLanguage' Language: 'ru' Physical Memory: 16224 MB
BatchMode: 1, IsHumanControllingUs: 0, StartBugReporterOnCrash: 0, Is64bit: 1, IsPro: 1

COMMAND LINE ARGUMENTS:
C:\Program Files\Unity\Hub\Editor\2022.1.0b16\Editor\Unity.exe
-adb2
-batchMode
-noUpm
-name
AssetImportWorker8
-projectPath
C:/Games/Test/GameECS
-logFile
Logs/AssetImportWorker8.log
-srvPort
22557
Successfully changed project path to: C:/Games/Test/GameECS
C:/Games/Test/GameECS
[UnityMemory] Configuration Parameters - Can be set up in boot.config
    "memorysetup-bucket-allocator-granularity=16"
    "memorysetup-bucket-allocator-bucket-count=8"
    "memorysetup-bucket-allocator-block-size=33554432"
    "memorysetup-bucket-allocator-block-count=8"
    "memorysetup-main-allocator-block-size=16777216"
    "memorysetup-thread-allocator-block-size=16777216"
    "memorysetup-gfx-main-allocator-block-size=16777216"
    "memorysetup-gfx-thread-allocator-block-size=16777216"
    "memorysetup-cache-allocator-block-size=4194304"
    "memorysetup-typetree-allocator-block-size=2097152"
    "memorysetup-profiler-bucket-allocator-granularity=16"
    "memorysetup-profiler-bucket-allocator-bucket-count=8"
    "memorysetup-profiler-bucket-allocator-block-size=33554432"
    "memorysetup-profiler-bucket-allocator-block-count=8"
    "memorysetup-profiler-allocator-block-size=16777216"
    "memorysetup-profiler-editor-allocator-block-size=1048576"
    "memorysetup-temp-allocator-size-main=16777216"
    "memorysetup-job-temp-allocator-block-size=2097152"
    "memorysetup-job-temp-allocator-block-size-background=1048576"
    "memorysetup-job-temp-allocator-reduction-small-platforms=262144"
    "memorysetup-temp-allocator-size-background-worker=32768"
    "memorysetup-temp-allocator-size-job-worker=262144"
    "memorysetup-temp-allocator-size-preload-manager=33554432"
    "memorysetup-temp-allocator-size-nav-mesh-worker=65536"
    "memorysetup-temp-allocator-size-audio-worker=65536"
    "memorysetup-temp-allocator-size-cloud-worker=32768"
    "memorysetup-temp-allocator-size-gi-baking-worker=262144"
    "memorysetup-temp-allocator-size-gfx=262144"
Refreshing native plugins compatible for Editor in 80.30 ms, found 2 plugins.
Preloading 0 native plugins for Editor in 0.00 ms.
Initialize engine version: 2022.1.0b16 (098023fe5c31)
[Subsystems] Discovering subsystems at path C:/Program Files/Unity/Hub/Editor/2022.1.0b16/Editor/Data/Resources/UnitySubsystems
[Subsystems] Discovering subsystems at path C:/Games/Test/GameECS/Assets
GfxDevice: creating device client; threaded=0; jobified=0
Direct3D:
    Version:  Direct3D 11.0 [level 11.1]
    Renderer: AMD Radeon (TM) R7 370 Series (ID=0x6811)
    Vendor:   ATI
    VRAM:     4075 MB
    Driver:   27.20.20903.8001
Initialize mono
Mono path[0] = 'C:/Program Files/Unity/Hub/Editor/2022.1.0b16/Editor/Data/Managed'
Mono path[1] = 'C:/Program Files/Unity/Hub/Editor/2022.1.0b16/Editor/Data/MonoBleedingEdge/lib/mono/unityjit-win32'
Mono config path = 'C:/Program Files/Unity/Hub/Editor/2022.1.0b16/Editor/Data/MonoBleedingEdge/etc'
Using monoOptions --debugger-agent=transport=dt_socket,embedding=1,server=y,suspend=n,address=127.0.0.1:56196
Begin MonoManager ReloadAssembly
Registering precompiled unity dll's ...
Register platform support module: C:/Program Files/Unity/Hub/Editor/2022.1.0b16/Editor/Data/PlaybackEngines/WebGLSupport/UnityEditor.WebGL.Extensions.dll
Register platform support module: C:/Program Files/Unity/Hub/Editor/2022.1.0b16/Editor/Data/PlaybackEngines/WindowsStandaloneSupport/UnityEditor.WindowsStandalone.Extensions.dll
Registered in 0.008912 seconds.
Native extension for WindowsStandalone target not found
Native extension for WebGL target not found
Refreshing native plugins compatible for Editor in 75.96 ms, found 2 plugins.
Preloading 0 native plugins for Editor in 0.00 ms.
Mono: successfully reloaded assembly
- Completed reload, in  0.834 seconds
Domain Reload Profiling:
	ReloadAssembly (834ms)
		BeginReloadAssembly (97ms)
			ExecutionOrderSort (0ms)
			DisableScriptedObjects (0ms)
			BackupInstance (0ms)
			ReleaseScriptingObjects (0ms)
			CreateAndSetChildDomain (1ms)
		EndReloadAssembly (590ms)
			LoadAssemblies (95ms)
			RebuildTransferFunctionScriptingTraits (0ms)
			SetupTypeCache (150ms)
				TypeCache.Initialize (150ms)
					TypeCache.ScanAssembly (148ms)
				ResolveRequiredComponents (1ms)
			ReleaseScriptCaches (0ms)
			RebuildScriptCaches (38ms)
			SetupLoadedEditorAssemblies (332ms)
				LogAssemblyErrors (0ms)
				InitializePlatformSupportModulesInManaged (11ms)
				SetLoadedEditorAssemblies (9ms)
				RefreshPlugins (76ms)
				BeforeProcessingInitializeOnLoad (2ms)
				ProcessInitializeOnLoadAttributes (177ms)
				ProcessInitializeOnLoadMethodAttributes (57ms)
				AfterProcessingInitializeOnLoad (0ms)
				EditorAssembliesLoaded (0ms)
			ExecutionOrderSort2 (0ms)
			AwakeInstancesAfterBackupRestoration (0ms)
Platform modules already initialized, skipping
Registering precompiled user dll's ...
Registered in 0.005841 seconds.
Begin MonoManager ReloadAssembly
Symbol file LoadedFromMemory is not a mono symbol file
Native extension for WindowsStandalone target not found
Native extension for WebGL target not found
Refreshing native plugins compatible for Editor in 76.79 ms, found 2 plugins.
Preloading 0 native plugins for Editor in 0.00 ms.
Mono: successfully reloaded assembly
- Completed reload, in  1.515 seconds
Domain Reload Profiling:
	ReloadAssembly (1516ms)
		BeginReloadAssembly (154ms)
			ExecutionOrderSort (0ms)
			DisableScriptedObjects (8ms)
			BackupInstance (0ms)
			ReleaseScriptingObjects (0ms)
			CreateAndSetChildDomain (27ms)
		EndReloadAssembly (1211ms)
			LoadAssemblies (117ms)
			RebuildTransferFunctionScriptingTraits (0ms)
			SetupTypeCache (299ms)
				TypeCache.Initialize (283ms)
					TypeCache.ScanAssembly (279ms)
				ResolveRequiredComponents (16ms)
			ReleaseScriptCaches (1ms)
			RebuildScriptCaches (79ms)
			SetupLoadedEditorAssemblies (650ms)
				LogAssemblyErrors (0ms)
				InitializePlatformSupportModulesInManaged (7ms)
				SetLoadedEditorAssemblies (8ms)
				RefreshPlugins (77ms)
				BeforeProcessingInitializeOnLoad (100ms)
				ProcessInitializeOnLoadAttributes (340ms)
				ProcessInitializeOnLoadMethodAttributes (108ms)
				AfterProcessingInitializeOnLoad (9ms)
				EditorAssembliesLoaded (0ms)
			ExecutionOrderSort2 (0ms)
			AwakeInstancesAfterBackupRestoration (8ms)
Platform modules already initialized, skipping
========================================================================
Worker process is ready to serve import requests
Launched and connected shader compiler UnityShaderCompiler.exe after 0.10 seconds
Refreshing native plugins compatible for Editor in 0.99 ms, found 2 plugins.
Preloading 0 native plugins for Editor in 0.00 ms.
Unloading 3727 Unused Serialized files (Serialized files now loaded: 0)
Unloading 38 unused Assets / (145.3 KB). Loaded Objects now: 4203.
Memory consumption went from 0.61 GB to 0.61 GB.
Total: 5.332800 ms (FindLiveObjects: 0.429100 ms CreateObjectMapping: 0.219900 ms MarkObjects: 4.523800 ms  DeleteObjects: 0.158900 ms)

AssetImportParameters requested are different than current active one (requested -> active):
  custom:video-decoder-ogg-theora: a1e56fd34408186e4bbccfd4996cb3dc -> 
  custom:container-muxer-webm: aa71ff27fc2769a1b78a27578f13a17b -> 
  custom:container-demuxer-webm: 4f35f7cbe854078d1ac9338744f61a02 -> 
  custom:video-encoder-webm-vp8: eb34c28f22e8b96e1ab97ce403110664 -> 
  custom:audio-encoder-webm-vorbis: bf7c407c2cedff20999df2af8eb42d56 -> 
  custom:framework-win-MediaFoundation: 216162199b28c13a410421893ffa2e32 -> 
  custom:container-demuxer-ogg: 62fdf1f143b41e24485cea50d1cbac27 -> 
  custom:video-decoder-webm-vp8: 9c59270c3fd7afecdb556c50c9e8de78 -> 
  custom:audio-decoder-ogg-vorbis: bf7c407c2cedff20999df2af8eb42d56 -> 
========================================================================
Received Import Request.
  Time since last request: 9160.945779 seconds.
  path: Assets/10WeaponsPack/Prefabs/Weapon 2.prefab
  artifactKey: Guid(c2107d6b89a397a47a200faf13fc5d23) Importer(815301076,1909f56bfc062723c751e8b465ee728b)
Start importing Assets/10WeaponsPack/Prefabs/Weapon 2.prefab using Guid(c2107d6b89a397a47a200faf13fc5d23) Importer(815301076,1909f56bfc062723c751e8b465ee728b)  -> (artifact id: 'fb591d4a8fc0e1ea695d670ee169960e') in 0.372526 seconds 
========================================================================
Received Import Request.
  Time since last request: 27.333824 seconds.
  path: Assets/10WeaponsPack/Models/Blaster2.fbx
  artifactKey: Guid(ae28c140271a1264a92aaf85e1e67c96) Importer(815301076,1909f56bfc062723c751e8b465ee728b)
Start importing Assets/10WeaponsPack/Models/Blaster2.fbx using Guid(ae28c140271a1264a92aaf85e1e67c96) Importer(815301076,1909f56bfc062723c751e8b465ee728b)  -> (artifact id: '6dafc3fd7cb1397a3958aeb5e732f54c') in 0.164032 seconds 
========================================================================
Received Import Request.
  Time since last request: 13.216989 seconds.
  path: Assets/10WeaponsPack/Prefabs/Weapon 2.prefab
  artifactKey: Guid(c2107d6b89a397a47a200faf13fc5d23) Importer(815301076,1909f56bfc062723c751e8b465ee728b)
Start importing Assets/10WeaponsPack/Prefabs/Weapon 2.prefab using Guid(c2107d6b89a397a47a200faf13fc5d23) Importer(815301076,1909f56bfc062723c751e8b465ee728b)  -> (artifact id: 'b5d593d72b8c413b20376afd7b4870ac') in 0.014200 seconds 
========================================================================
Received Import Request.
  Time since last request: 0.000030 seconds.
  path: Assets/10WeaponsPack/Prefabs/Weapon9.prefab
  artifactKey: Guid(51de231404b50ed4fb2918b986744b05) Importer(815301076,1909f56bfc062723c751e8b465ee728b)
Start importing Assets/10WeaponsPack/Prefabs/Weapon9.prefab using Guid(51de231404b50ed4fb2918b986744b05) Importer(815301076,1909f56bfc062723c751e8b465ee728b)  -> (artifact id: '0c9a2031d9dd25c248305e80eecbc365') in 0.011534 seconds 
========================================================================
Received Import Request.
  Time since last request: 1.066899 seconds.
  path: Assets/10WeaponsPack/Prefabs/Weapon 7.prefab
  artifactKey: Guid(cf522fc33bfbfdf4fb6995b125071336) Importer(815301076,1909f56bfc062723c751e8b465ee728b)
Start importing Assets/10WeaponsPack/Prefabs/Weapon 7.prefab using Guid(cf522fc33bfbfdf4fb6995b125071336) Importer(815301076,1909f56bfc062723c751e8b465ee728b)  -> (artifact id: 'e7d4fb3e9629c1b628380e46c71ac362') in 0.022922 seconds 
========================================================================
Received Import Request.
  Time since last request: 1046.085377 seconds.
  path: Assets/Weapon/Prefabs/Weapon.prefab
  artifactKey: Guid(ea85e48c94b3bb44b8fde3ebe1fa830c) Importer(815301076,1909f56bfc062723c751e8b465ee728b)
Start importing Assets/Weapon/Prefabs/Weapon.prefab using Guid(ea85e48c94b3bb44b8fde3ebe1fa830c) Importer(815301076,1909f56bfc062723c751e8b465ee728b)  -> (artifact id: '41374f813db36e0fd1bbc45ad001abe9') in 0.023512 seconds 
========================================================================
Received Import Request.
  Time since last request: 2.965258 seconds.
  path: Assets/Weapon/Prefabs/BlueBlaster1.prefab
  artifactKey: Guid(a6a85774ac55f034e825bef77541e54d) Importer(815301076,1909f56bfc062723c751e8b465ee728b)
Start importing Assets/Weapon/Prefabs/BlueBlaster1.prefab using Guid(a6a85774ac55f034e825bef77541e54d) Importer(815301076,1909f56bfc062723c751e8b465ee728b)  -> (artifact id: '7ee013a8a8a31093b1d76a74e5b6a0e6') in 0.018021 seconds 
========================================================================
Received Import Request.
  Time since last request: 44.688892 seconds.
  path: Assets/Weapon/Prefabs/BlueBlaster1.prefab
  artifactKey: Guid(a6a85774ac55f034e825bef77541e54d) Importer(815301076,1909f56bfc062723c751e8b465ee728b)
Start importing Assets/Weapon/Prefabs/BlueBlaster1.prefab using Guid(a6a85774ac55f034e825bef77541e54d) Importer(815301076,1909f56bfc062723c751e8b465ee728b)  -> (artifact id: 'eb4c4e6f255886cbf681b26fc9ac46dd') in 0.013688 seconds 
========================================================================
Received Import Request.
  Time since last request: 2.176283 seconds.
  path: Assets/Weapon/Prefabs/BlueBlaster1.prefab
  artifactKey: Guid(a6a85774ac55f034e825bef77541e54d) Importer(815301076,1909f56bfc062723c751e8b465ee728b)
Start importing Assets/Weapon/Prefabs/BlueBlaster1.prefab using Guid(a6a85774ac55f034e825bef77541e54d) Importer(815301076,1909f56bfc062723c751e8b465ee728b)  -> (artifact id: '175ce679dee2ad6a14d982bb359bc7df') in 0.012965 seconds 
========================================================================
Received Import Request.
  Time since last request: 3.176039 seconds.
  path: Assets/Weapon/Prefabs/BlueBlaster1.prefab
  artifactKey: Guid(a6a85774ac55f034e825bef77541e54d) Importer(815301076,1909f56bfc062723c751e8b465ee728b)
Start importing Assets/Weapon/Prefabs/BlueBlaster1.prefab using Guid(a6a85774ac55f034e825bef77541e54d) Importer(815301076,1909f56bfc062723c751e8b465ee728b)  -> (artifact id: 'e4908a8654cb8ac372687657d84a9737') in 0.012101 seconds 
========================================================================
Received Import Request.
  Time since last request: 25.364327 seconds.
  path: Assets/Weapon/Prefabs
  artifactKey: Guid(48cd870dafa789f4f938f04b724440f9) Importer(815301076,1909f56bfc062723c751e8b465ee728b)
Start importing Assets/Weapon/Prefabs using Guid(48cd870dafa789f4f938f04b724440f9) Importer(815301076,1909f56bfc062723c751e8b465ee728b)  -> (artifact id: '0a9fce720a2ab017038a88cebc2ca5aa') in 0.006606 seconds 
========================================================================
Received Import Request.
  Time since last request: 42.449644 seconds.
  path: Assets/Weapon/Prefabs/BlueBlaster1.prefab
  artifactKey: Guid(a6a85774ac55f034e825bef77541e54d) Importer(815301076,1909f56bfc062723c751e8b465ee728b)
Start importing Assets/Weapon/Prefabs/BlueBlaster1.prefab using Guid(a6a85774ac55f034e825bef77541e54d) Importer(815301076,1909f56bfc062723c751e8b465ee728b)  -> (artifact id: '1c3bd5e9027c60335f4f05eb7e17d0c4') in 0.012304 seconds 
========================================================================
Received Import Request.
  Time since last request: 4.006907 seconds.
  path: Assets/Weapon/Prefabs/BlueBlaster1.prefab
  artifactKey: Guid(a6a85774ac55f034e825bef77541e54d) Importer(815301076,1909f56bfc062723c751e8b465ee728b)
Start importing Assets/Weapon/Prefabs/BlueBlaster1.prefab using Guid(a6a85774ac55f034e825bef77541e54d) Importer(815301076,1909f56bfc062723c751e8b465ee728b)  -> (artifact id: '6b92b58a3fb54d01b2ef35835778f3af') in 0.015652 seconds 
========================================================================
Received Import Request.
  Time since last request: 4.630102 seconds.
  path: Assets/Weapon/Prefabs/BlueBlaster1.prefab
  artifactKey: Guid(a6a85774ac55f034e825bef77541e54d) Importer(815301076,1909f56bfc062723c751e8b465ee728b)
Start importing Assets/Weapon/Prefabs/BlueBlaster1.prefab using Guid(a6a85774ac55f034e825bef77541e54d) Importer(815301076,1909f56bfc062723c751e8b465ee728b)  -> (artifact id: '5bf23cd04c1c842e52d70d403b2333c1') in 0.020972 seconds 
========================================================================
Received Import Request.
  Time since last request: 3.004322 seconds.
  path: Assets/Weapon/Prefabs/BlueBlaster1.prefab
  artifactKey: Guid(a6a85774ac55f034e825bef77541e54d) Importer(815301076,1909f56bfc062723c751e8b465ee728b)
Start importing Assets/Weapon/Prefabs/BlueBlaster1.prefab using Guid(a6a85774ac55f034e825bef77541e54d) Importer(815301076,1909f56bfc062723c751e8b465ee728b)  -> (artifact id: 'e6534f7473926cd601d0f6a441d90fca') in 0.019020 seconds 
========================================================================
Received Import Request.
  Time since last request: 175.583721 seconds.
  path: Assets/10WeaponsPack/Models/Blaster2.fbx
  artifactKey: Guid(ae28c140271a1264a92aaf85e1e67c96) Importer(815301076,1909f56bfc062723c751e8b465ee728b)
Start importing Assets/10WeaponsPack/Models/Blaster2.fbx using Guid(ae28c140271a1264a92aaf85e1e67c96) Importer(815301076,1909f56bfc062723c751e8b465ee728b)  -> (artifact id: '65bd806603df05777decd2768621692d') in 0.127636 seconds 
========================================================================
Received Import Request.
  Time since last request: 0.000032 seconds.
  path: Assets/10WeaponsPack/Models/Blaster8.fbx
  artifactKey: Guid(7c0a61129beb9f1429eabd49903adb4e) Importer(815301076,1909f56bfc062723c751e8b465ee728b)
Start importing Assets/10WeaponsPack/Models/Blaster8.fbx using Guid(7c0a61129beb9f1429eabd49903adb4e) Importer(815301076,1909f56bfc062723c751e8b465ee728b)  -> (artifact id: 'b9e6be5bdc658025d3f8deb6b589b867') in 0.078027 seconds 
========================================================================
Received Import Request.
  Time since last request: 0.000035 seconds.
  path: Assets/10WeaponsPack/Models/Blaster4.fbx
  artifactKey: Guid(d17da7ec4f4f3b741a6321ca6741ce39) Importer(815301076,1909f56bfc062723c751e8b465ee728b)
Start importing Assets/10WeaponsPack/Models/Blaster4.fbx using Guid(d17da7ec4f4f3b741a6321ca6741ce39) Importer(815301076,1909f56bfc062723c751e8b465ee728b)  -> (artifact id: '5cd416b6e792359a6f81d5a58cb59516') in 0.078255 seconds 
========================================================================
Received Import Request.
  Time since last request: 0.000027 seconds.
  path: Assets/10WeaponsPack/Models/Blaster6.fbx
  artifactKey: Guid(9545cf8a0378b5545a96dcdefb2f420e) Importer(815301076,1909f56bfc062723c751e8b465ee728b)
Start importing Assets/10WeaponsPack/Models/Blaster6.fbx using Guid(9545cf8a0378b5545a96dcdefb2f420e) Importer(815301076,1909f56bfc062723c751e8b465ee728b)  -> (artifact id: '0cb76343fc6d48ec28a1225db76dc7ee') in 0.058367 seconds 
========================================================================
Received Import Request.
  Time since last request: 0.000025 seconds.
  path: Assets/10WeaponsPack/Models/Blaster10.fbx
  artifactKey: Guid(a4bca856892ba5844b51fbfa08ef5070) Importer(815301076,1909f56bfc062723c751e8b465ee728b)
Start importing Assets/10WeaponsPack/Models/Blaster10.fbx using Guid(a4bca856892ba5844b51fbfa08ef5070) Importer(815301076,1909f56bfc062723c751e8b465ee728b)  -> (artifact id: 'cc8b35522358f27cf0cc6e4a570f49df') in 0.051187 seconds 
========================================================================
Received Import Request.
  Time since last request: 8.571571 seconds.
  path: Assets/10WeaponsPack/Models/Blaster4.fbx
  artifactKey: Guid(d17da7ec4f4f3b741a6321ca6741ce39) Importer(815301076,1909f56bfc062723c751e8b465ee728b)
Start importing Assets/10WeaponsPack/Models/Blaster4.fbx using Guid(d17da7ec4f4f3b741a6321ca6741ce39) Importer(815301076,1909f56bfc062723c751e8b465ee728b)  -> (artifact id: 'f137df0cd2bcaf1afeeb15a7c540ef3b') in 0.080455 seconds 
========================================================================
Received Import Request.
  Time since last request: 0.000027 seconds.
  path: Assets/10WeaponsPack/Models/Blaster9.fbx
  artifactKey: Guid(903d2e1f4e8d5db49b5f73c23be9328c) Importer(815301076,1909f56bfc062723c751e8b465ee728b)
Start importing Assets/10WeaponsPack/Models/Blaster9.fbx using Guid(903d2e1f4e8d5db49b5f73c23be9328c) Importer(815301076,1909f56bfc062723c751e8b465ee728b)  -> (artifact id: 'e3a5ae305ec5d12cd5ea6387f3970048') in 0.071016 seconds 
========================================================================
Received Import Request.
  Time since last request: 0.000037 seconds.
  path: Assets/10WeaponsPack/Models/Blaster7.fbx
  artifactKey: Guid(3612b36e5c0f4204abe1702df853c621) Importer(815301076,1909f56bfc062723c751e8b465ee728b)
Start importing Assets/10WeaponsPack/Models/Blaster7.fbx using Guid(3612b36e5c0f4204abe1702df853c621) Importer(815301076,1909f56bfc062723c751e8b465ee728b)  -> (artifact id: '3f122ca192aa4661d654205ff378c955') in 0.098094 seconds 
========================================================================
Received Import Request.
  Time since last request: 3.451167 seconds.
  path: Assets/10WeaponsPack/Models/Blaster4.fbx
  artifactKey: Guid(d17da7ec4f4f3b741a6321ca6741ce39) Importer(815301076,1909f56bfc062723c751e8b465ee728b)
Start importing Assets/10WeaponsPack/Models/Blaster4.fbx using Guid(d17da7ec4f4f3b741a6321ca6741ce39) Importer(815301076,1909f56bfc062723c751e8b465ee728b)  -> (artifact id: 'b5e4f50ce91435bba284ac7fcf3f2965') in 0.092052 seconds 
========================================================================
Received Import Request.
  Time since last request: 0.000034 seconds.
  path: Assets/10WeaponsPack/Models/Blaster7.fbx
  artifactKey: Guid(3612b36e5c0f4204abe1702df853c621) Importer(815301076,1909f56bfc062723c751e8b465ee728b)
Start importing Assets/10WeaponsPack/Models/Blaster7.fbx using Guid(3612b36e5c0f4204abe1702df853c621) Importer(815301076,1909f56bfc062723c751e8b465ee728b)  -> (artifact id: '06037f71cec410f743bd8020951f8ffb') in 0.101910 seconds 
========================================================================
Received Import Request.
  Time since last request: 3.844821 seconds.
  path: Assets/10WeaponsPack/Models/Blaster3.fbx
  artifactKey: Guid(1fd3f599f31216545bc2aa73164c4ed2) Importer(815301076,1909f56bfc062723c751e8b465ee728b)
Start importing Assets/10WeaponsPack/Models/Blaster3.fbx using Guid(1fd3f599f31216545bc2aa73164c4ed2) Importer(815301076,1909f56bfc062723c751e8b465ee728b)  -> (artifact id: '046f06008694a17df008e8df9d422ea0') in 0.115492 seconds 
========================================================================
Received Import Request.
  Time since last request: 0.000030 seconds.
  path: Assets/10WeaponsPack/Models/Blaster10.fbx
  artifactKey: Guid(a4bca856892ba5844b51fbfa08ef5070) Importer(815301076,1909f56bfc062723c751e8b465ee728b)
Start importing Assets/10WeaponsPack/Models/Blaster10.fbx using Guid(a4bca856892ba5844b51fbfa08ef5070) Importer(815301076,1909f56bfc062723c751e8b465ee728b)  -> (artifact id: 'b02c66712ffe1dc5ee49e587676b49ae') in 0.051890 seconds 
========================================================================
Received Import Request.
  Time since last request: 3.747568 seconds.
  path: Assets/10WeaponsPack/Models/Blaster4.fbx
  artifactKey: Guid(d17da7ec4f4f3b741a6321ca6741ce39) Importer(815301076,1909f56bfc062723c751e8b465ee728b)
Start importing Assets/10WeaponsPack/Models/Blaster4.fbx using Guid(d17da7ec4f4f3b741a6321ca6741ce39) Importer(815301076,1909f56bfc062723c751e8b465ee728b)  -> (artifact id: '708cbdf467ce8495c3d0df888ecb11a8') in 0.092995 seconds 
========================================================================
Received Import Request.
  Time since last request: 0.000029 seconds.
  path: Assets/10WeaponsPack/Models/Blaster7.fbx
  artifactKey: Guid(3612b36e5c0f4204abe1702df853c621) Importer(815301076,1909f56bfc062723c751e8b465ee728b)
Start importing Assets/10WeaponsPack/Models/Blaster7.fbx using Guid(3612b36e5c0f4204abe1702df853c621) Importer(815301076,1909f56bfc062723c751e8b465ee728b)  -> (artifact id: 'bda0cce59e4ecfcfb48691e58d733a01') in 0.097843 seconds 
========================================================================
Received Import Request.
  Time since last request: 184.656514 seconds.
  path: Assets/Weapon/BulletPrefabs/EnemyMelee.prefab
  artifactKey: Guid(d1c18d64b0019b544af0530c8b61912b) Importer(815301076,1909f56bfc062723c751e8b465ee728b)
Start importing Assets/Weapon/BulletPrefabs/EnemyMelee.prefab using Guid(d1c18d64b0019b544af0530c8b61912b) Importer(815301076,1909f56bfc062723c751e8b465ee728b)  -> (artifact id: '9f653621f41160b462aea08e78fa4b4c') in 0.011024 seconds 
========================================================================
Received Import Request.
  Time since last request: 131.073541 seconds.
  path: Assets/Mummy/Materials/Weapon/poleaxeMat.mat
  artifactKey: Guid(ebcbf16af8fa7844789cb2b6ebb31fa9) Importer(815301076,1909f56bfc062723c751e8b465ee728b)
Start importing Assets/Mummy/Materials/Weapon/poleaxeMat.mat using Guid(ebcbf16af8fa7844789cb2b6ebb31fa9) Importer(815301076,1909f56bfc062723c751e8b465ee728b)  -> (artifact id: '71f36787f95fccfc942c6dcd66a8548f') in 0.040075 seconds 
========================================================================
Received Import Request.
  Time since last request: 0.000026 seconds.
  path: Assets/Shift - Complete Sci-Fi UI/Fonts/Rajdhani-Regular SDF.asset
  artifactKey: Guid(baf5990ef136e594abc52299c06d9b48) Importer(815301076,1909f56bfc062723c751e8b465ee728b)
Start importing Assets/Shift - Complete Sci-Fi UI/Fonts/Rajdhani-Regular SDF.asset using Guid(baf5990ef136e594abc52299c06d9b48) Importer(815301076,1909f56bfc062723c751e8b465ee728b)  -> (artifact id: '1823191d6465625d161572f371a55501') in 0.055303 seconds 
========================================================================
Received Import Request.
  Time since last request: 0.000026 seconds.
  path: Assets/Shift - Complete Sci-Fi UI/Fonts/Rajdhani-SemiBold SDF.asset
  artifactKey: Guid(581c047ed60765249b12f37ff2895497) Importer(815301076,1909f56bfc062723c751e8b465ee728b)
Start importing Assets/Shift - Complete Sci-Fi UI/Fonts/Rajdhani-SemiBold SDF.asset using Guid(581c047ed60765249b12f37ff2895497) Importer(815301076,1909f56bfc062723c751e8b465ee728b)  -> (artifact id: '1be69c824f5c191a73ea5ab86970bc2b') in 0.030774 seconds 
========================================================================
Received Import Request.
  Time since last request: 0.000030 seconds.
  path: Assets/Shift - Complete Sci-Fi UI/Fonts/Rajdhani-Bold SDF.asset
  artifactKey: Guid(194c956b3d864664890e731c63fd4a02) Importer(815301076,1909f56bfc062723c751e8b465ee728b)
Start importing Assets/Shift - Complete Sci-Fi UI/Fonts/Rajdhani-Bold SDF.asset using Guid(194c956b3d864664890e731c63fd4a02) Importer(815301076,1909f56bfc062723c751e8b465ee728b)  -> (artifact id: 'd3fe26ecac649fdbdfd3140403b40f7b') in 0.025712 seconds 
========================================================================
Received Import Request.
  Time since last request: 0.663982 seconds.
  path: Assets/Mummy/Materials/Weapon/shieldMat.mat
  artifactKey: Guid(844bdc2481ab56f4a9df5d6d1b3b65a5) Importer(815301076,1909f56bfc062723c751e8b465ee728b)
Start importing Assets/Mummy/Materials/Weapon/shieldMat.mat using Guid(844bdc2481ab56f4a9df5d6d1b3b65a5) Importer(815301076,1909f56bfc062723c751e8b465ee728b)  -> (artifact id: 'd893ec99d86d3627f9f03b81a6d78cd9') in 0.034054 seconds 
========================================================================
Received Import Request.
  Time since last request: 0.000026 seconds.
  path: Assets/Mummy/Materials/Weapon/spearMat.mat
  artifactKey: Guid(6f2e37ab1ad84e447bd8dbbf515279ab) Importer(815301076,1909f56bfc062723c751e8b465ee728b)
Start importing Assets/Mummy/Materials/Weapon/spearMat.mat using Guid(6f2e37ab1ad84e447bd8dbbf515279ab) Importer(815301076,1909f56bfc062723c751e8b465ee728b)  -> (artifact id: 'da31183da3a61ff2a0e7144b4372f477') in 0.059122 seconds 
========================================================================
Received Import Request.
  Time since last request: 0.000024 seconds.
  path: Assets/Stylized Grass Texture/Materials/Stylize_Grass_diffuse.mat
  artifactKey: Guid(516e6f11e8de6624eb6be4bac8c14555) Importer(815301076,1909f56bfc062723c751e8b465ee728b)
Start importing Assets/Stylized Grass Texture/Materials/Stylize_Grass_diffuse.mat using Guid(516e6f11e8de6624eb6be4bac8c14555) Importer(815301076,1909f56bfc062723c751e8b465ee728b)  -> (artifact id: '4dc4a9deb6b34b35af3e66350c07daad') in 1.773676 seconds 
========================================================================
Received Import Request.
  Time since last request: 0.000033 seconds.
  path: Assets/Stylized Grass Texture/Materials/Stylize_Grass.mat
  artifactKey: Guid(5d8af8f434f69794eabd684fb44b4fbf) Importer(815301076,1909f56bfc062723c751e8b465ee728b)
Start importing Assets/Stylized Grass Texture/Materials/Stylize_Grass.mat using Guid(5d8af8f434f69794eabd684fb44b4fbf) Importer(815301076,1909f56bfc062723c751e8b465ee728b)  -> (artifact id: '4ee81d149d166b3b642997c56faeb70a') in 1.715605 seconds 
========================================================================
Received Import Request.
  Time since last request: 0.000048 seconds.
  path: Assets/TextMesh Pro/Resources/Fonts & Materials/LiberationSans SDF - Outline.mat
  artifactKey: Guid(79459efec17a4d00a321bdcc27bbc385) Importer(815301076,1909f56bfc062723c751e8b465ee728b)
Start importing Assets/TextMesh Pro/Resources/Fonts & Materials/LiberationSans SDF - Outline.mat using Guid(79459efec17a4d00a321bdcc27bbc385) Importer(815301076,1909f56bfc062723c751e8b465ee728b)  -> (artifact id: '4162ff5ade3c30892960c1213495ca00') in 0.107553 seconds 
========================================================================
Received Import Request.
  Time since last request: 0.000028 seconds.
  path: Assets/FC_GoblinRanger/R1/Materials/MAT_Goblin_Ranger_R1.mat
  artifactKey: Guid(7d45291a3c19284488d33053632d38b4) Importer(815301076,1909f56bfc062723c751e8b465ee728b)
Start importing Assets/FC_GoblinRanger/R1/Materials/MAT_Goblin_Ranger_R1.mat using Guid(7d45291a3c19284488d33053632d38b4) Importer(815301076,1909f56bfc062723c751e8b465ee728b)  -> (artifact id: 'e7aa5ec0a77de3d25fa7d1c701c1336a') in 0.552925 seconds 
========================================================================
Received Import Request.
  Time since last request: 0.000030 seconds.
  path: Assets/FC_GoblinRanger/R1/Materials/MAT_Goblin_Ranger_RD_R1.mat
  artifactKey: Guid(06a2d2b8353f2b942ac5e2dc1ec62046) Importer(815301076,1909f56bfc062723c751e8b465ee728b)
Start importing Assets/FC_GoblinRanger/R1/Materials/MAT_Goblin_Ranger_RD_R1.mat using Guid(06a2d2b8353f2b942ac5e2dc1ec62046) Importer(815301076,1909f56bfc062723c751e8b465ee728b)  -> (artifact id: 'a6ef27b98b31893af4e0b4a7c1a8f5be') in 0.031589 seconds 
========================================================================
Received Import Request.
  Time since last request: 0.000036 seconds.
  path: Assets/FC_GoblinRanger/Weapon/OM_Sword/R1/Materials/MAT_OM_Sword_R1.mat
  artifactKey: Guid(40d15d22e8988594fa1fca59fa0c1f53) Importer(815301076,1909f56bfc062723c751e8b465ee728b)
Start importing Assets/FC_GoblinRanger/Weapon/OM_Sword/R1/Materials/MAT_OM_Sword_R1.mat using Guid(40d15d22e8988594fa1fca59fa0c1f53) Importer(815301076,1909f56bfc062723c751e8b465ee728b)  -> (artifact id: '0294553e6a4095e9c71f6ca9b9c96ef7') in 1.716306 seconds 
Editor requested this worker to shutdown with reason: Scaling down because of idle timeout
AssetImportWorker is now disconnected from the server
Process exiting
Exiting without the bug reporter. Application will terminate with return code 0