Using pre-set license
Built from '2022.1/staging' branch; Version is '2022.1.0b16 (098023fe5c31) revision 622627'; Using compiler version '192829333'; Build Type 'Release'
OS: 'Windows 10  (10.0.19043) 64bit CoreSingleLanguage' Language: 'ru' Physical Memory: 16224 MB
BatchMode: 1, IsHumanControllingUs: 0, StartBugReporterOnCrash: 0, Is64bit: 1, IsPro: 1

COMMAND LINE ARGUMENTS:
C:\Program Files\Unity\Hub\Editor\2022.1.0b16\Editor\Unity.exe
-adb2
-batchMode
-noUpm
-name
AssetImportWorker8
-projectPath
C:/Games/Test/GameECS
-logFile
Logs/AssetImportWorker8.log
-srvPort
27756
Successfully changed project path to: C:/Games/Test/GameECS
C:/Games/Test/GameECS
[UnityMemory] Configuration Parameters - Can be set up in boot.config
    "memorysetup-bucket-allocator-granularity=16"
    "memorysetup-bucket-allocator-bucket-count=8"
    "memorysetup-bucket-allocator-block-size=33554432"
    "memorysetup-bucket-allocator-block-count=8"
    "memorysetup-main-allocator-block-size=16777216"
    "memorysetup-thread-allocator-block-size=16777216"
    "memorysetup-gfx-main-allocator-block-size=16777216"
    "memorysetup-gfx-thread-allocator-block-size=16777216"
    "memorysetup-cache-allocator-block-size=4194304"
    "memorysetup-typetree-allocator-block-size=2097152"
    "memorysetup-profiler-bucket-allocator-granularity=16"
    "memorysetup-profiler-bucket-allocator-bucket-count=8"
    "memorysetup-profiler-bucket-allocator-block-size=33554432"
    "memorysetup-profiler-bucket-allocator-block-count=8"
    "memorysetup-profiler-allocator-block-size=16777216"
    "memorysetup-profiler-editor-allocator-block-size=1048576"
    "memorysetup-temp-allocator-size-main=16777216"
    "memorysetup-job-temp-allocator-block-size=2097152"
    "memorysetup-job-temp-allocator-block-size-background=1048576"
    "memorysetup-job-temp-allocator-reduction-small-platforms=262144"
    "memorysetup-temp-allocator-size-background-worker=32768"
    "memorysetup-temp-allocator-size-job-worker=262144"
    "memorysetup-temp-allocator-size-preload-manager=33554432"
    "memorysetup-temp-allocator-size-nav-mesh-worker=65536"
    "memorysetup-temp-allocator-size-audio-worker=65536"
    "memorysetup-temp-allocator-size-cloud-worker=32768"
    "memorysetup-temp-allocator-size-gi-baking-worker=262144"
    "memorysetup-temp-allocator-size-gfx=262144"
Refreshing native plugins compatible for Editor in 82.76 ms, found 2 plugins.
Preloading 0 native plugins for Editor in 0.00 ms.
Initialize engine version: 2022.1.0b16 (098023fe5c31)
[Subsystems] Discovering subsystems at path C:/Program Files/Unity/Hub/Editor/2022.1.0b16/Editor/Data/Resources/UnitySubsystems
[Subsystems] Discovering subsystems at path C:/Games/Test/GameECS/Assets
GfxDevice: creating device client; threaded=0; jobified=0
Direct3D:
    Version:  Direct3D 11.0 [level 11.1]
    Renderer: AMD Radeon (TM) R7 370 Series (ID=0x6811)
    Vendor:   ATI
    VRAM:     4075 MB
    Driver:   27.20.20903.8001
Initialize mono
Mono path[0] = 'C:/Program Files/Unity/Hub/Editor/2022.1.0b16/Editor/Data/Managed'
Mono path[1] = 'C:/Program Files/Unity/Hub/Editor/2022.1.0b16/Editor/Data/MonoBleedingEdge/lib/mono/unityjit-win32'
Mono config path = 'C:/Program Files/Unity/Hub/Editor/2022.1.0b16/Editor/Data/MonoBleedingEdge/etc'
Using monoOptions --debugger-agent=transport=dt_socket,embedding=1,server=y,suspend=n,address=127.0.0.1:56280
Begin MonoManager ReloadAssembly
Registering precompiled unity dll's ...
Register platform support module: C:/Program Files/Unity/Hub/Editor/2022.1.0b16/Editor/Data/PlaybackEngines/WebGLSupport/UnityEditor.WebGL.Extensions.dll
Register platform support module: C:/Program Files/Unity/Hub/Editor/2022.1.0b16/Editor/Data/PlaybackEngines/WindowsStandaloneSupport/UnityEditor.WindowsStandalone.Extensions.dll
Registered in 0.010938 seconds.
Native extension for WindowsStandalone target not found
Native extension for WebGL target not found
Refreshing native plugins compatible for Editor in 77.98 ms, found 2 plugins.
Preloading 0 native plugins for Editor in 0.00 ms.
Mono: successfully reloaded assembly
- Completed reload, in  0.834 seconds
Domain Reload Profiling:
	ReloadAssembly (835ms)
		BeginReloadAssembly (94ms)
			ExecutionOrderSort (0ms)
			DisableScriptedObjects (0ms)
			BackupInstance (0ms)
			ReleaseScriptingObjects (0ms)
			CreateAndSetChildDomain (1ms)
		EndReloadAssembly (592ms)
			LoadAssemblies (91ms)
			RebuildTransferFunctionScriptingTraits (0ms)
			SetupTypeCache (150ms)
				TypeCache.Initialize (149ms)
					TypeCache.ScanAssembly (147ms)
				ResolveRequiredComponents (1ms)
			ReleaseScriptCaches (0ms)
			RebuildScriptCaches (37ms)
			SetupLoadedEditorAssemblies (336ms)
				LogAssemblyErrors (0ms)
				InitializePlatformSupportModulesInManaged (12ms)
				SetLoadedEditorAssemblies (9ms)
				RefreshPlugins (78ms)
				BeforeProcessingInitializeOnLoad (2ms)
				ProcessInitializeOnLoadAttributes (178ms)
				ProcessInitializeOnLoadMethodAttributes (58ms)
				AfterProcessingInitializeOnLoad (0ms)
				EditorAssembliesLoaded (0ms)
			ExecutionOrderSort2 (0ms)
			AwakeInstancesAfterBackupRestoration (0ms)
Platform modules already initialized, skipping
Registering precompiled user dll's ...
Registered in 0.007002 seconds.
Begin MonoManager ReloadAssembly
Symbol file LoadedFromMemory is not a mono symbol file
Native extension for WindowsStandalone target not found
Native extension for WebGL target not found
Refreshing native plugins compatible for Editor in 75.42 ms, found 2 plugins.
Preloading 0 native plugins for Editor in 0.00 ms.
Mono: successfully reloaded assembly
- Completed reload, in  1.525 seconds
Domain Reload Profiling:
	ReloadAssembly (1526ms)
		BeginReloadAssembly (159ms)
			ExecutionOrderSort (0ms)
			DisableScriptedObjects (8ms)
			BackupInstance (0ms)
			ReleaseScriptingObjects (0ms)
			CreateAndSetChildDomain (32ms)
		EndReloadAssembly (1209ms)
			LoadAssemblies (115ms)
			RebuildTransferFunctionScriptingTraits (0ms)
			SetupTypeCache (299ms)
				TypeCache.Initialize (283ms)
					TypeCache.ScanAssembly (278ms)
				ResolveRequiredComponents (16ms)
			ReleaseScriptCaches (1ms)
			RebuildScriptCaches (77ms)
			SetupLoadedEditorAssemblies (650ms)
				LogAssemblyErrors (0ms)
				InitializePlatformSupportModulesInManaged (8ms)
				SetLoadedEditorAssemblies (8ms)
				RefreshPlugins (76ms)
				BeforeProcessingInitializeOnLoad (104ms)
				ProcessInitializeOnLoadAttributes (340ms)
				ProcessInitializeOnLoadMethodAttributes (104ms)
				AfterProcessingInitializeOnLoad (11ms)
				EditorAssembliesLoaded (0ms)
			ExecutionOrderSort2 (0ms)
			AwakeInstancesAfterBackupRestoration (8ms)
Platform modules already initialized, skipping
========================================================================
Worker process is ready to serve import requests
Launched and connected shader compiler UnityShaderCompiler.exe after 0.10 seconds
Refreshing native plugins compatible for Editor in 0.94 ms, found 2 plugins.
Preloading 0 native plugins for Editor in 0.00 ms.
Unloading 3726 Unused Serialized files (Serialized files now loaded: 0)
Unloading 38 unused Assets / (145.4 KB). Loaded Objects now: 4202.
Memory consumption went from 0.61 GB to 0.61 GB.
Total: 5.108100 ms (FindLiveObjects: 0.411300 ms CreateObjectMapping: 0.221100 ms MarkObjects: 4.322800 ms  DeleteObjects: 0.151700 ms)

AssetImportParameters requested are different than current active one (requested -> active):
  custom:video-decoder-ogg-theora: a1e56fd34408186e4bbccfd4996cb3dc -> 
  custom:container-muxer-webm: aa71ff27fc2769a1b78a27578f13a17b -> 
  custom:container-demuxer-webm: 4f35f7cbe854078d1ac9338744f61a02 -> 
  custom:video-encoder-webm-vp8: eb34c28f22e8b96e1ab97ce403110664 -> 
  custom:audio-encoder-webm-vorbis: bf7c407c2cedff20999df2af8eb42d56 -> 
  custom:framework-win-MediaFoundation: 216162199b28c13a410421893ffa2e32 -> 
  custom:container-demuxer-ogg: 62fdf1f143b41e24485cea50d1cbac27 -> 
  custom:video-decoder-webm-vp8: 9c59270c3fd7afecdb556c50c9e8de78 -> 
  custom:audio-decoder-ogg-vorbis: bf7c407c2cedff20999df2af8eb42d56 -> 
========================================================================
Received Import Request.
  Time since last request: 2889.828430 seconds.
  path: Assets/Shift - Complete Sci-Fi UI/Textures/Loader/3.png
  artifactKey: Guid(bcceef34aacdf054f8d27ad5d8a23f8b) Importer(815301076,1909f56bfc062723c751e8b465ee728b)
Start importing Assets/Shift - Complete Sci-Fi UI/Textures/Loader/3.png using Guid(bcceef34aacdf054f8d27ad5d8a23f8b) Importer(815301076,1909f56bfc062723c751e8b465ee728b)  -> (artifact id: 'ca20b65c33518ea7e86dfe5927dc9ce7') in 0.184662 seconds 
========================================================================
Received Import Request.
  Time since last request: 0.000035 seconds.
  path: Assets/Shift - Complete Sci-Fi UI/Textures/Loader/15.png
  artifactKey: Guid(a40eb0597a534e546a3d560ec881fc6c) Importer(815301076,1909f56bfc062723c751e8b465ee728b)
Start importing Assets/Shift - Complete Sci-Fi UI/Textures/Loader/15.png using Guid(a40eb0597a534e546a3d560ec881fc6c) Importer(815301076,1909f56bfc062723c751e8b465ee728b)  -> (artifact id: '35db464a555837b298a83422586e17a5') in 0.017885 seconds 
========================================================================
Received Import Request.
  Time since last request: 0.619404 seconds.
  path: Assets/Shift - Complete Sci-Fi UI/Textures/Loader/27.png
  artifactKey: Guid(948e0185bea1b9c4dabe7d74e84b6740) Importer(815301076,1909f56bfc062723c751e8b465ee728b)
Start importing Assets/Shift - Complete Sci-Fi UI/Textures/Loader/27.png using Guid(948e0185bea1b9c4dabe7d74e84b6740) Importer(815301076,1909f56bfc062723c751e8b465ee728b)  -> (artifact id: '1d20ca6440ed6c639188b8a1218bff89') in 0.017597 seconds 
========================================================================
Received Import Request.
  Time since last request: 0.064634 seconds.
  path: Assets/Shift - Complete Sci-Fi UI/Textures/Loader/33.png
  artifactKey: Guid(5d52522b0aaad4147a06fa932b2b4c6b) Importer(815301076,1909f56bfc062723c751e8b465ee728b)
Start importing Assets/Shift - Complete Sci-Fi UI/Textures/Loader/33.png using Guid(5d52522b0aaad4147a06fa932b2b4c6b) Importer(815301076,1909f56bfc062723c751e8b465ee728b)  -> (artifact id: 'f7c0ef034a0001631431b7e83f436d2d') in 0.018019 seconds 
========================================================================
Received Import Request.
  Time since last request: 0.037430 seconds.
  path: Assets/Shift - Complete Sci-Fi UI/Textures/Loader/39.png
  artifactKey: Guid(477e59a875551a644906a666b0d9ecf5) Importer(815301076,1909f56bfc062723c751e8b465ee728b)
Start importing Assets/Shift - Complete Sci-Fi UI/Textures/Loader/39.png using Guid(477e59a875551a644906a666b0d9ecf5) Importer(815301076,1909f56bfc062723c751e8b465ee728b)  -> (artifact id: '31f2a71a022ca94aab7fb3abec30fb86') in 0.018268 seconds 
========================================================================
Received Import Request.
  Time since last request: 0.399772 seconds.
  path: Assets/Shift - Complete Sci-Fi UI/Textures/Icon/Audio.png
  artifactKey: Guid(dc3c35513efc7e6408c1cd524b09a39f) Importer(815301076,1909f56bfc062723c751e8b465ee728b)
Start importing Assets/Shift - Complete Sci-Fi UI/Textures/Icon/Audio.png using Guid(dc3c35513efc7e6408c1cd524b09a39f) Importer(815301076,1909f56bfc062723c751e8b465ee728b)  -> (artifact id: '35d39a5c8bba573035a488adb1dd37dd') in 0.019394 seconds 
========================================================================
Received Import Request.
  Time since last request: 0.087434 seconds.
  path: Assets/Shift - Complete Sci-Fi UI/Textures/Icon/Campaign.png
  artifactKey: Guid(b2da03b2d2ac6364cb7a41e53b82e604) Importer(815301076,1909f56bfc062723c751e8b465ee728b)
Start importing Assets/Shift - Complete Sci-Fi UI/Textures/Icon/Campaign.png using Guid(b2da03b2d2ac6364cb7a41e53b82e604) Importer(815301076,1909f56bfc062723c751e8b465ee728b)  -> (artifact id: '07438e132c1ac446720d01163f105a4d') in 0.018829 seconds 
========================================================================
Received Import Request.
  Time since last request: 0.000022 seconds.
  path: Assets/Shift - Complete Sci-Fi UI/Textures/Border/Circle/Circle Dash 2 64px - Stroke 10px.png
  artifactKey: Guid(f240b89ab1539254090d4ec9534dea86) Importer(815301076,1909f56bfc062723c751e8b465ee728b)
Start importing Assets/Shift - Complete Sci-Fi UI/Textures/Border/Circle/Circle Dash 2 64px - Stroke 10px.png using Guid(f240b89ab1539254090d4ec9534dea86) Importer(815301076,1909f56bfc062723c751e8b465ee728b)  -> (artifact id: '8a7b16a947c6e2132cfe82ccb7b9de00') in 0.016083 seconds 
========================================================================
Received Import Request.
  Time since last request: 0.040369 seconds.
  path: Assets/Shift - Complete Sci-Fi UI/Textures/Glow & Shadow/Circle Glow.png
  artifactKey: Guid(2262c11ab431e464abeb7b53cfeaecac) Importer(815301076,1909f56bfc062723c751e8b465ee728b)
Start importing Assets/Shift - Complete Sci-Fi UI/Textures/Glow & Shadow/Circle Glow.png using Guid(2262c11ab431e464abeb7b53cfeaecac) Importer(815301076,1909f56bfc062723c751e8b465ee728b)  -> (artifact id: '1b0d8b7db64da910f30b3bfcd6cfcb6c') in 0.040164 seconds 
========================================================================
Received Import Request.
  Time since last request: 0.491796 seconds.
  path: Assets/Shift - Complete Sci-Fi UI/Textures/Border/Circle/Circle Outline - Stroke 14px.png
  artifactKey: Guid(c8d56a8699823ca46aa7eda6801a483e) Importer(815301076,1909f56bfc062723c751e8b465ee728b)
Start importing Assets/Shift - Complete Sci-Fi UI/Textures/Border/Circle/Circle Outline - Stroke 14px.png using Guid(c8d56a8699823ca46aa7eda6801a483e) Importer(815301076,1909f56bfc062723c751e8b465ee728b)  -> (artifact id: 'ee4877b9a2b734367528bc612c8dae95') in 0.016481 seconds 
Editor requested this worker to shutdown with reason: Scaling down because of idle timeout
AssetImportWorker is now disconnected from the server
Process exiting
Exiting without the bug reporter. Application will terminate with return code 0