Using pre-set license
Built from '2022.1/staging' branch; Version is '2022.1.0b16 (098023fe5c31) revision 622627'; Using compiler version '192829333'; Build Type 'Release'
OS: 'Windows 10  (10.0.19043) 64bit CoreSingleLanguage' Language: 'ru' Physical Memory: 16224 MB
BatchMode: 1, IsHumanControllingUs: 0, StartBugReporterOnCrash: 0, Is64bit: 1, IsPro: 1

COMMAND LINE ARGUMENTS:
C:\Program Files\Unity\Hub\Editor\2022.1.0b16\Editor\Unity.exe
-adb2
-batchMode
-noUpm
-name
AssetImportWorker6
-projectPath
C:/Games/Test/GameECS
-logFile
Logs/AssetImportWorker6.log
-srvPort
22557
Successfully changed project path to: C:/Games/Test/GameECS
C:/Games/Test/GameECS
[UnityMemory] Configuration Parameters - Can be set up in boot.config
    "memorysetup-bucket-allocator-granularity=16"
    "memorysetup-bucket-allocator-bucket-count=8"
    "memorysetup-bucket-allocator-block-size=33554432"
    "memorysetup-bucket-allocator-block-count=8"
    "memorysetup-main-allocator-block-size=16777216"
    "memorysetup-thread-allocator-block-size=16777216"
    "memorysetup-gfx-main-allocator-block-size=16777216"
    "memorysetup-gfx-thread-allocator-block-size=16777216"
    "memorysetup-cache-allocator-block-size=4194304"
    "memorysetup-typetree-allocator-block-size=2097152"
    "memorysetup-profiler-bucket-allocator-granularity=16"
    "memorysetup-profiler-bucket-allocator-bucket-count=8"
    "memorysetup-profiler-bucket-allocator-block-size=33554432"
    "memorysetup-profiler-bucket-allocator-block-count=8"
    "memorysetup-profiler-allocator-block-size=16777216"
    "memorysetup-profiler-editor-allocator-block-size=1048576"
    "memorysetup-temp-allocator-size-main=16777216"
    "memorysetup-job-temp-allocator-block-size=2097152"
    "memorysetup-job-temp-allocator-block-size-background=1048576"
    "memorysetup-job-temp-allocator-reduction-small-platforms=262144"
    "memorysetup-temp-allocator-size-background-worker=32768"
    "memorysetup-temp-allocator-size-job-worker=262144"
    "memorysetup-temp-allocator-size-preload-manager=33554432"
    "memorysetup-temp-allocator-size-nav-mesh-worker=65536"
    "memorysetup-temp-allocator-size-audio-worker=65536"
    "memorysetup-temp-allocator-size-cloud-worker=32768"
    "memorysetup-temp-allocator-size-gi-baking-worker=262144"
    "memorysetup-temp-allocator-size-gfx=262144"
Refreshing native plugins compatible for Editor in 82.59 ms, found 2 plugins.
Preloading 0 native plugins for Editor in 0.00 ms.
Initialize engine version: 2022.1.0b16 (098023fe5c31)
[Subsystems] Discovering subsystems at path C:/Program Files/Unity/Hub/Editor/2022.1.0b16/Editor/Data/Resources/UnitySubsystems
[Subsystems] Discovering subsystems at path C:/Games/Test/GameECS/Assets
GfxDevice: creating device client; threaded=0; jobified=0
Direct3D:
    Version:  Direct3D 11.0 [level 11.1]
    Renderer: AMD Radeon (TM) R7 370 Series (ID=0x6811)
    Vendor:   ATI
    VRAM:     4075 MB
    Driver:   27.20.20903.8001
Initialize mono
Mono path[0] = 'C:/Program Files/Unity/Hub/Editor/2022.1.0b16/Editor/Data/Managed'
Mono path[1] = 'C:/Program Files/Unity/Hub/Editor/2022.1.0b16/Editor/Data/MonoBleedingEdge/lib/mono/unityjit-win32'
Mono config path = 'C:/Program Files/Unity/Hub/Editor/2022.1.0b16/Editor/Data/MonoBleedingEdge/etc'
Using monoOptions --debugger-agent=transport=dt_socket,embedding=1,server=y,suspend=n,address=127.0.0.1:56576
Begin MonoManager ReloadAssembly
Registering precompiled unity dll's ...
Register platform support module: C:/Program Files/Unity/Hub/Editor/2022.1.0b16/Editor/Data/PlaybackEngines/WebGLSupport/UnityEditor.WebGL.Extensions.dll
Register platform support module: C:/Program Files/Unity/Hub/Editor/2022.1.0b16/Editor/Data/PlaybackEngines/WindowsStandaloneSupport/UnityEditor.WindowsStandalone.Extensions.dll
Registered in 0.008788 seconds.
Native extension for WindowsStandalone target not found
Native extension for WebGL target not found
Refreshing native plugins compatible for Editor in 77.51 ms, found 2 plugins.
Preloading 0 native plugins for Editor in 0.00 ms.
Mono: successfully reloaded assembly
- Completed reload, in  0.843 seconds
Domain Reload Profiling:
	ReloadAssembly (844ms)
		BeginReloadAssembly (94ms)
			ExecutionOrderSort (0ms)
			DisableScriptedObjects (0ms)
			BackupInstance (0ms)
			ReleaseScriptingObjects (0ms)
			CreateAndSetChildDomain (1ms)
		EndReloadAssembly (605ms)
			LoadAssemblies (92ms)
			RebuildTransferFunctionScriptingTraits (0ms)
			SetupTypeCache (152ms)
				TypeCache.Initialize (152ms)
					TypeCache.ScanAssembly (150ms)
				ResolveRequiredComponents (1ms)
			ReleaseScriptCaches (0ms)
			RebuildScriptCaches (39ms)
			SetupLoadedEditorAssemblies (339ms)
				LogAssemblyErrors (0ms)
				InitializePlatformSupportModulesInManaged (11ms)
				SetLoadedEditorAssemblies (9ms)
				RefreshPlugins (78ms)
				BeforeProcessingInitializeOnLoad (2ms)
				ProcessInitializeOnLoadAttributes (181ms)
				ProcessInitializeOnLoadMethodAttributes (58ms)
				AfterProcessingInitializeOnLoad (0ms)
				EditorAssembliesLoaded (0ms)
			ExecutionOrderSort2 (0ms)
			AwakeInstancesAfterBackupRestoration (0ms)
Platform modules already initialized, skipping
Registering precompiled user dll's ...
Registered in 0.005869 seconds.
Begin MonoManager ReloadAssembly
Symbol file LoadedFromMemory is not a mono symbol file
Native extension for WindowsStandalone target not found
Native extension for WebGL target not found
Refreshing native plugins compatible for Editor in 75.00 ms, found 2 plugins.
Preloading 0 native plugins for Editor in 0.00 ms.
Mono: successfully reloaded assembly
- Completed reload, in  1.501 seconds
Domain Reload Profiling:
	ReloadAssembly (1502ms)
		BeginReloadAssembly (150ms)
			ExecutionOrderSort (0ms)
			DisableScriptedObjects (8ms)
			BackupInstance (0ms)
			ReleaseScriptingObjects (0ms)
			CreateAndSetChildDomain (27ms)
		EndReloadAssembly (1200ms)
			LoadAssemblies (111ms)
			RebuildTransferFunctionScriptingTraits (0ms)
			SetupTypeCache (300ms)
				TypeCache.Initialize (284ms)
					TypeCache.ScanAssembly (280ms)
				ResolveRequiredComponents (16ms)
			ReleaseScriptCaches (1ms)
			RebuildScriptCaches (76ms)
			SetupLoadedEditorAssemblies (644ms)
				LogAssemblyErrors (0ms)
				InitializePlatformSupportModulesInManaged (8ms)
				SetLoadedEditorAssemblies (8ms)
				RefreshPlugins (75ms)
				BeforeProcessingInitializeOnLoad (100ms)
				ProcessInitializeOnLoadAttributes (339ms)
				ProcessInitializeOnLoadMethodAttributes (105ms)
				AfterProcessingInitializeOnLoad (9ms)
				EditorAssembliesLoaded (0ms)
			ExecutionOrderSort2 (0ms)
			AwakeInstancesAfterBackupRestoration (8ms)
Platform modules already initialized, skipping
========================================================================
Worker process is ready to serve import requests
Launched and connected shader compiler UnityShaderCompiler.exe after 0.10 seconds
Refreshing native plugins compatible for Editor in 0.99 ms, found 2 plugins.
Preloading 0 native plugins for Editor in 0.00 ms.
Unloading 3727 Unused Serialized files (Serialized files now loaded: 0)
Unloading 38 unused Assets / (145.3 KB). Loaded Objects now: 4203.
Memory consumption went from 0.61 GB to 0.61 GB.
Total: 4.263200 ms (FindLiveObjects: 0.380500 ms CreateObjectMapping: 0.210400 ms MarkObjects: 3.524900 ms  DeleteObjects: 0.146300 ms)

AssetImportParameters requested are different than current active one (requested -> active):
  custom:video-decoder-ogg-theora: a1e56fd34408186e4bbccfd4996cb3dc -> 
  custom:container-muxer-webm: aa71ff27fc2769a1b78a27578f13a17b -> 
  custom:container-demuxer-webm: 4f35f7cbe854078d1ac9338744f61a02 -> 
  custom:video-encoder-webm-vp8: eb34c28f22e8b96e1ab97ce403110664 -> 
  custom:audio-encoder-webm-vorbis: bf7c407c2cedff20999df2af8eb42d56 -> 
  custom:framework-win-MediaFoundation: 216162199b28c13a410421893ffa2e32 -> 
  custom:container-demuxer-ogg: 62fdf1f143b41e24485cea50d1cbac27 -> 
  custom:video-decoder-webm-vp8: 9c59270c3fd7afecdb556c50c9e8de78 -> 
  custom:audio-decoder-ogg-vorbis: bf7c407c2cedff20999df2af8eb42d56 -> 
========================================================================
Received Import Request.
  Time since last request: 9140.575786 seconds.
  path: Assets/10WeaponsPack/Models/Blaster2.fbx
  artifactKey: Guid(ae28c140271a1264a92aaf85e1e67c96) Importer(815301076,1909f56bfc062723c751e8b465ee728b)
Start importing Assets/10WeaponsPack/Models/Blaster2.fbx using Guid(ae28c140271a1264a92aaf85e1e67c96) Importer(815301076,1909f56bfc062723c751e8b465ee728b)  -> (artifact id: '7d0b7f68d3646fef1b257de550a47944') in 0.528793 seconds 
========================================================================
Received Import Request.
  Time since last request: 0.000028 seconds.
  path: Assets/10WeaponsPack/Models/Blaster8.fbx
  artifactKey: Guid(7c0a61129beb9f1429eabd49903adb4e) Importer(815301076,1909f56bfc062723c751e8b465ee728b)
Start importing Assets/10WeaponsPack/Models/Blaster8.fbx using Guid(7c0a61129beb9f1429eabd49903adb4e) Importer(815301076,1909f56bfc062723c751e8b465ee728b)  -> (artifact id: '6911cd482c48104bd99b22785e8d0139') in 0.083195 seconds 
========================================================================
Received Import Request.
  Time since last request: 0.000040 seconds.
  path: Assets/10WeaponsPack/Models/Blaster4.fbx
  artifactKey: Guid(d17da7ec4f4f3b741a6321ca6741ce39) Importer(815301076,1909f56bfc062723c751e8b465ee728b)
Start importing Assets/10WeaponsPack/Models/Blaster4.fbx using Guid(d17da7ec4f4f3b741a6321ca6741ce39) Importer(815301076,1909f56bfc062723c751e8b465ee728b)  -> (artifact id: '0816cce1d7750d67197a54aff6fa9d52') in 0.084496 seconds 
========================================================================
Received Import Request.
  Time since last request: 0.000029 seconds.
  path: Assets/10WeaponsPack/Models/Blaster6.fbx
  artifactKey: Guid(9545cf8a0378b5545a96dcdefb2f420e) Importer(815301076,1909f56bfc062723c751e8b465ee728b)
Start importing Assets/10WeaponsPack/Models/Blaster6.fbx using Guid(9545cf8a0378b5545a96dcdefb2f420e) Importer(815301076,1909f56bfc062723c751e8b465ee728b)  -> (artifact id: '4648b382f1c9ac8d4405c336612913f2') in 0.057660 seconds 
========================================================================
Received Import Request.
  Time since last request: 19.587895 seconds.
  path: Assets/10WeaponsPack/Prefabs/Weapon 3.prefab
  artifactKey: Guid(07d4d69d281dd73418d260f4c80ed863) Importer(815301076,1909f56bfc062723c751e8b465ee728b)
Start importing Assets/10WeaponsPack/Prefabs/Weapon 3.prefab using Guid(07d4d69d281dd73418d260f4c80ed863) Importer(815301076,1909f56bfc062723c751e8b465ee728b)  -> (artifact id: '75aaa9ef9d237f26c62217c9821fed39') in 0.016100 seconds 
========================================================================
Received Import Request.
  Time since last request: 0.000024 seconds.
  path: Assets/10WeaponsPack/Prefabs/Weapon10.prefab
  artifactKey: Guid(9f13261d5dbcee34fb83e6fc27381b7a) Importer(815301076,1909f56bfc062723c751e8b465ee728b)
Start importing Assets/10WeaponsPack/Prefabs/Weapon10.prefab using Guid(9f13261d5dbcee34fb83e6fc27381b7a) Importer(815301076,1909f56bfc062723c751e8b465ee728b)  -> (artifact id: '11a30386affeb8781e883f185e8dea91') in 0.011623 seconds 
========================================================================
Received Import Request.
  Time since last request: 0.000023 seconds.
  path: Assets/10WeaponsPack/Prefabs/Weapon9.prefab
  artifactKey: Guid(51de231404b50ed4fb2918b986744b05) Importer(815301076,1909f56bfc062723c751e8b465ee728b)
Start importing Assets/10WeaponsPack/Prefabs/Weapon9.prefab using Guid(51de231404b50ed4fb2918b986744b05) Importer(815301076,1909f56bfc062723c751e8b465ee728b)  -> (artifact id: '1779b4c23f0b3282a6a2efe46e9016b1') in 0.011342 seconds 
========================================================================
Received Import Request.
  Time since last request: 27.655211 seconds.
  path: Assets/10WeaponsPack/Models/Blaster3.fbx
  artifactKey: Guid(1fd3f599f31216545bc2aa73164c4ed2) Importer(815301076,1909f56bfc062723c751e8b465ee728b)
Start importing Assets/10WeaponsPack/Models/Blaster3.fbx using Guid(1fd3f599f31216545bc2aa73164c4ed2) Importer(815301076,1909f56bfc062723c751e8b465ee728b)  -> (artifact id: '3d1d0371739435c6d1d4bee74940c265') in 0.113986 seconds 
========================================================================
Received Import Request.
  Time since last request: 0.000030 seconds.
  path: Assets/10WeaponsPack/Models/Blaster9.fbx
  artifactKey: Guid(903d2e1f4e8d5db49b5f73c23be9328c) Importer(815301076,1909f56bfc062723c751e8b465ee728b)
Start importing Assets/10WeaponsPack/Models/Blaster9.fbx using Guid(903d2e1f4e8d5db49b5f73c23be9328c) Importer(815301076,1909f56bfc062723c751e8b465ee728b)  -> (artifact id: '4cd41aa6a4a7d1bd56d0503ae5690f7f') in 0.078674 seconds 
========================================================================
Received Import Request.
  Time since last request: 13.180921 seconds.
  path: Assets/10WeaponsPack/Prefabs/Weapon 3.prefab
  artifactKey: Guid(07d4d69d281dd73418d260f4c80ed863) Importer(815301076,1909f56bfc062723c751e8b465ee728b)
Start importing Assets/10WeaponsPack/Prefabs/Weapon 3.prefab using Guid(07d4d69d281dd73418d260f4c80ed863) Importer(815301076,1909f56bfc062723c751e8b465ee728b)  -> (artifact id: '0cb0c85032f3e2ee151b914938634102') in 0.013688 seconds 
========================================================================
Received Import Request.
  Time since last request: 0.000025 seconds.
  path: Assets/10WeaponsPack/Prefabs/Weapon10.prefab
  artifactKey: Guid(9f13261d5dbcee34fb83e6fc27381b7a) Importer(815301076,1909f56bfc062723c751e8b465ee728b)
Start importing Assets/10WeaponsPack/Prefabs/Weapon10.prefab using Guid(9f13261d5dbcee34fb83e6fc27381b7a) Importer(815301076,1909f56bfc062723c751e8b465ee728b)  -> (artifact id: '69d26578c71d907673b5aa8c313bed49') in 0.011077 seconds 
========================================================================
Received Import Request.
  Time since last request: 1355.456065 seconds.
  path: Assets/10WeaponsPack/Models/Blaster3.fbx
  artifactKey: Guid(1fd3f599f31216545bc2aa73164c4ed2) Importer(815301076,1909f56bfc062723c751e8b465ee728b)
Start importing Assets/10WeaponsPack/Models/Blaster3.fbx using Guid(1fd3f599f31216545bc2aa73164c4ed2) Importer(815301076,1909f56bfc062723c751e8b465ee728b)  -> (artifact id: 'aeafaf8a0bad6ddd8ab82066fb0960d6') in 0.123540 seconds 
========================================================================
Received Import Request.
  Time since last request: 0.000033 seconds.
  path: Assets/10WeaponsPack/Models/Blaster5.fbx
  artifactKey: Guid(48b83f4652eac274aaccef2e6ebb3e7b) Importer(815301076,1909f56bfc062723c751e8b465ee728b)
Start importing Assets/10WeaponsPack/Models/Blaster5.fbx using Guid(48b83f4652eac274aaccef2e6ebb3e7b) Importer(815301076,1909f56bfc062723c751e8b465ee728b)  -> (artifact id: '12e3daeb3ba72cf4783ac30e703be5bd') in 0.069101 seconds 
========================================================================
Received Import Request.
  Time since last request: 0.000034 seconds.
  path: Assets/10WeaponsPack/Models/Blaster9.fbx
  artifactKey: Guid(903d2e1f4e8d5db49b5f73c23be9328c) Importer(815301076,1909f56bfc062723c751e8b465ee728b)
Start importing Assets/10WeaponsPack/Models/Blaster9.fbx using Guid(903d2e1f4e8d5db49b5f73c23be9328c) Importer(815301076,1909f56bfc062723c751e8b465ee728b)  -> (artifact id: '1da4cfdeedb6983c77e0183de9b12439') in 0.076134 seconds 
========================================================================
Received Import Request.
  Time since last request: 0.000025 seconds.
  path: Assets/10WeaponsPack/Models/Blaster7.fbx
  artifactKey: Guid(3612b36e5c0f4204abe1702df853c621) Importer(815301076,1909f56bfc062723c751e8b465ee728b)
Start importing Assets/10WeaponsPack/Models/Blaster7.fbx using Guid(3612b36e5c0f4204abe1702df853c621) Importer(815301076,1909f56bfc062723c751e8b465ee728b)  -> (artifact id: '01964541f4c28ea9097e08d69caf55b3') in 0.094723 seconds 
========================================================================
Received Import Request.
  Time since last request: 8.606621 seconds.
  path: Assets/10WeaponsPack/Models/Blaster5.fbx
  artifactKey: Guid(48b83f4652eac274aaccef2e6ebb3e7b) Importer(815301076,1909f56bfc062723c751e8b465ee728b)
Start importing Assets/10WeaponsPack/Models/Blaster5.fbx using Guid(48b83f4652eac274aaccef2e6ebb3e7b) Importer(815301076,1909f56bfc062723c751e8b465ee728b)  -> (artifact id: '785313bacf07186c2502ca5a95cda589') in 0.075839 seconds 
========================================================================
Received Import Request.
  Time since last request: 0.000028 seconds.
  path: Assets/10WeaponsPack/Models/Blaster8.fbx
  artifactKey: Guid(7c0a61129beb9f1429eabd49903adb4e) Importer(815301076,1909f56bfc062723c751e8b465ee728b)
Start importing Assets/10WeaponsPack/Models/Blaster8.fbx using Guid(7c0a61129beb9f1429eabd49903adb4e) Importer(815301076,1909f56bfc062723c751e8b465ee728b)  -> (artifact id: '0848bc19f9c6691f9d4f724eb89038b9') in 0.080286 seconds 
========================================================================
Received Import Request.
  Time since last request: 0.000033 seconds.
  path: Assets/10WeaponsPack/Models/Blaster10.fbx
  artifactKey: Guid(a4bca856892ba5844b51fbfa08ef5070) Importer(815301076,1909f56bfc062723c751e8b465ee728b)
Start importing Assets/10WeaponsPack/Models/Blaster10.fbx using Guid(a4bca856892ba5844b51fbfa08ef5070) Importer(815301076,1909f56bfc062723c751e8b465ee728b)  -> (artifact id: '164f46da103fd74582a79aefea98df34') in 0.057905 seconds 
========================================================================
Received Import Request.
  Time since last request: 3.486068 seconds.
  path: Assets/10WeaponsPack/Models/Blaster5.fbx
  artifactKey: Guid(48b83f4652eac274aaccef2e6ebb3e7b) Importer(815301076,1909f56bfc062723c751e8b465ee728b)
Start importing Assets/10WeaponsPack/Models/Blaster5.fbx using Guid(48b83f4652eac274aaccef2e6ebb3e7b) Importer(815301076,1909f56bfc062723c751e8b465ee728b)  -> (artifact id: 'ce0177341c9a2cf681bff9d701c0272a') in 0.079773 seconds 
========================================================================
Received Import Request.
  Time since last request: 0.000033 seconds.
  path: Assets/10WeaponsPack/Models/Blaster9.fbx
  artifactKey: Guid(903d2e1f4e8d5db49b5f73c23be9328c) Importer(815301076,1909f56bfc062723c751e8b465ee728b)
Start importing Assets/10WeaponsPack/Models/Blaster9.fbx using Guid(903d2e1f4e8d5db49b5f73c23be9328c) Importer(815301076,1909f56bfc062723c751e8b465ee728b)  -> (artifact id: 'd262b0230f46758660acad3e7d2fb5bc') in 0.079924 seconds 
========================================================================
Received Import Request.
  Time since last request: 3.878444 seconds.
  path: Assets/10WeaponsPack/Models/Blaster4.fbx
  artifactKey: Guid(d17da7ec4f4f3b741a6321ca6741ce39) Importer(815301076,1909f56bfc062723c751e8b465ee728b)
Start importing Assets/10WeaponsPack/Models/Blaster4.fbx using Guid(d17da7ec4f4f3b741a6321ca6741ce39) Importer(815301076,1909f56bfc062723c751e8b465ee728b)  -> (artifact id: 'c9370cf8221da21eda55eea032768e0c') in 0.093301 seconds 
========================================================================
Received Import Request.
  Time since last request: 0.000027 seconds.
  path: Assets/10WeaponsPack/Models/Blaster6.fbx
  artifactKey: Guid(9545cf8a0378b5545a96dcdefb2f420e) Importer(815301076,1909f56bfc062723c751e8b465ee728b)
Start importing Assets/10WeaponsPack/Models/Blaster6.fbx using Guid(9545cf8a0378b5545a96dcdefb2f420e) Importer(815301076,1909f56bfc062723c751e8b465ee728b)  -> (artifact id: 'e84537dee8a3db43d2bb4e857bdf8d12') in 0.058406 seconds 
========================================================================
Received Import Request.
  Time since last request: 3.762333 seconds.
  path: Assets/10WeaponsPack/Models/Blaster5.fbx
  artifactKey: Guid(48b83f4652eac274aaccef2e6ebb3e7b) Importer(815301076,1909f56bfc062723c751e8b465ee728b)
Start importing Assets/10WeaponsPack/Models/Blaster5.fbx using Guid(48b83f4652eac274aaccef2e6ebb3e7b) Importer(815301076,1909f56bfc062723c751e8b465ee728b)  -> (artifact id: 'eda7168d17d865e7592d1eda38490b8c') in 0.077439 seconds 
========================================================================
Received Import Request.
  Time since last request: 0.000027 seconds.
  path: Assets/10WeaponsPack/Models/Blaster9.fbx
  artifactKey: Guid(903d2e1f4e8d5db49b5f73c23be9328c) Importer(815301076,1909f56bfc062723c751e8b465ee728b)
Start importing Assets/10WeaponsPack/Models/Blaster9.fbx using Guid(903d2e1f4e8d5db49b5f73c23be9328c) Importer(815301076,1909f56bfc062723c751e8b465ee728b)  -> (artifact id: '8b969d00a80c9e68c732e04bfe9652bd') in 0.079394 seconds 
Editor requested this worker to shutdown with reason: Scaling down because of idle timeout
AssetImportWorker is now disconnected from the server
Process exiting
Exiting without the bug reporter. Application will terminate with return code 0