Using pre-set license
Built from '2022.1/staging' branch; Version is '2022.1.0b16 (098023fe5c31) revision 622627'; Using compiler version '192829333'; Build Type 'Release'
OS: 'Windows 10  (10.0.19043) 64bit CoreSingleLanguage' Language: 'ru' Physical Memory: 16224 MB
BatchMode: 1, IsHumanControllingUs: 0, StartBugReporterOnCrash: 0, Is64bit: 1, IsPro: 1

COMMAND LINE ARGUMENTS:
C:\Program Files\Unity\Hub\Editor\2022.1.0b16\Editor\Unity.exe
-adb2
-batchMode
-noUpm
-name
AssetImportWorker12
-projectPath
C:/Games/Test/GameECS
-logFile
Logs/AssetImportWorker12.log
-srvPort
22557
Successfully changed project path to: C:/Games/Test/GameECS
C:/Games/Test/GameECS
[UnityMemory] Configuration Parameters - Can be set up in boot.config
    "memorysetup-bucket-allocator-granularity=16"
    "memorysetup-bucket-allocator-bucket-count=8"
    "memorysetup-bucket-allocator-block-size=33554432"
    "memorysetup-bucket-allocator-block-count=8"
    "memorysetup-main-allocator-block-size=16777216"
    "memorysetup-thread-allocator-block-size=16777216"
    "memorysetup-gfx-main-allocator-block-size=16777216"
    "memorysetup-gfx-thread-allocator-block-size=16777216"
    "memorysetup-cache-allocator-block-size=4194304"
    "memorysetup-typetree-allocator-block-size=2097152"
    "memorysetup-profiler-bucket-allocator-granularity=16"
    "memorysetup-profiler-bucket-allocator-bucket-count=8"
    "memorysetup-profiler-bucket-allocator-block-size=33554432"
    "memorysetup-profiler-bucket-allocator-block-count=8"
    "memorysetup-profiler-allocator-block-size=16777216"
    "memorysetup-profiler-editor-allocator-block-size=1048576"
    "memorysetup-temp-allocator-size-main=16777216"
    "memorysetup-job-temp-allocator-block-size=2097152"
    "memorysetup-job-temp-allocator-block-size-background=1048576"
    "memorysetup-job-temp-allocator-reduction-small-platforms=262144"
    "memorysetup-temp-allocator-size-background-worker=32768"
    "memorysetup-temp-allocator-size-job-worker=262144"
    "memorysetup-temp-allocator-size-preload-manager=33554432"
    "memorysetup-temp-allocator-size-nav-mesh-worker=65536"
    "memorysetup-temp-allocator-size-audio-worker=65536"
    "memorysetup-temp-allocator-size-cloud-worker=32768"
    "memorysetup-temp-allocator-size-gi-baking-worker=262144"
    "memorysetup-temp-allocator-size-gfx=262144"
Refreshing native plugins compatible for Editor in 82.34 ms, found 2 plugins.
Preloading 0 native plugins for Editor in 0.00 ms.
Initialize engine version: 2022.1.0b16 (098023fe5c31)
[Subsystems] Discovering subsystems at path C:/Program Files/Unity/Hub/Editor/2022.1.0b16/Editor/Data/Resources/UnitySubsystems
[Subsystems] Discovering subsystems at path C:/Games/Test/GameECS/Assets
GfxDevice: creating device client; threaded=0; jobified=0
Direct3D:
    Version:  Direct3D 11.0 [level 11.1]
    Renderer: AMD Radeon (TM) R7 370 Series (ID=0x6811)
    Vendor:   ATI
    VRAM:     4075 MB
    Driver:   27.20.20903.8001
Initialize mono
Mono path[0] = 'C:/Program Files/Unity/Hub/Editor/2022.1.0b16/Editor/Data/Managed'
Mono path[1] = 'C:/Program Files/Unity/Hub/Editor/2022.1.0b16/Editor/Data/MonoBleedingEdge/lib/mono/unityjit-win32'
Mono config path = 'C:/Program Files/Unity/Hub/Editor/2022.1.0b16/Editor/Data/MonoBleedingEdge/etc'
Using monoOptions --debugger-agent=transport=dt_socket,embedding=1,server=y,suspend=n,address=127.0.0.1:56592
Begin MonoManager ReloadAssembly
Registering precompiled unity dll's ...
Register platform support module: C:/Program Files/Unity/Hub/Editor/2022.1.0b16/Editor/Data/PlaybackEngines/WebGLSupport/UnityEditor.WebGL.Extensions.dll
Register platform support module: C:/Program Files/Unity/Hub/Editor/2022.1.0b16/Editor/Data/PlaybackEngines/WindowsStandaloneSupport/UnityEditor.WindowsStandalone.Extensions.dll
Registered in 0.009439 seconds.
Native extension for WindowsStandalone target not found
Native extension for WebGL target not found
Refreshing native plugins compatible for Editor in 73.01 ms, found 2 plugins.
Preloading 0 native plugins for Editor in 0.00 ms.
Mono: successfully reloaded assembly
- Completed reload, in  0.834 seconds
Domain Reload Profiling:
	ReloadAssembly (834ms)
		BeginReloadAssembly (99ms)
			ExecutionOrderSort (0ms)
			DisableScriptedObjects (0ms)
			BackupInstance (0ms)
			ReleaseScriptingObjects (0ms)
			CreateAndSetChildDomain (1ms)
		EndReloadAssembly (587ms)
			LoadAssemblies (96ms)
			RebuildTransferFunctionScriptingTraits (0ms)
			SetupTypeCache (152ms)
				TypeCache.Initialize (151ms)
					TypeCache.ScanAssembly (150ms)
				ResolveRequiredComponents (1ms)
			ReleaseScriptCaches (0ms)
			RebuildScriptCaches (37ms)
			SetupLoadedEditorAssemblies (329ms)
				LogAssemblyErrors (0ms)
				InitializePlatformSupportModulesInManaged (11ms)
				SetLoadedEditorAssemblies (9ms)
				RefreshPlugins (73ms)
				BeforeProcessingInitializeOnLoad (2ms)
				ProcessInitializeOnLoadAttributes (177ms)
				ProcessInitializeOnLoadMethodAttributes (57ms)
				AfterProcessingInitializeOnLoad (0ms)
				EditorAssembliesLoaded (0ms)
			ExecutionOrderSort2 (0ms)
			AwakeInstancesAfterBackupRestoration (0ms)
Platform modules already initialized, skipping
Registering precompiled user dll's ...
Registered in 0.005967 seconds.
Begin MonoManager ReloadAssembly
Symbol file LoadedFromMemory is not a mono symbol file
Native extension for WindowsStandalone target not found
Native extension for WebGL target not found
Refreshing native plugins compatible for Editor in 74.92 ms, found 2 plugins.
Preloading 0 native plugins for Editor in 0.00 ms.
Mono: successfully reloaded assembly
- Completed reload, in  1.531 seconds
Domain Reload Profiling:
	ReloadAssembly (1532ms)
		BeginReloadAssembly (156ms)
			ExecutionOrderSort (0ms)
			DisableScriptedObjects (8ms)
			BackupInstance (0ms)
			ReleaseScriptingObjects (0ms)
			CreateAndSetChildDomain (27ms)
		EndReloadAssembly (1220ms)
			LoadAssemblies (129ms)
			RebuildTransferFunctionScriptingTraits (0ms)
			SetupTypeCache (303ms)
				TypeCache.Initialize (287ms)
					TypeCache.ScanAssembly (283ms)
				ResolveRequiredComponents (16ms)
			ReleaseScriptCaches (1ms)
			RebuildScriptCaches (79ms)
			SetupLoadedEditorAssemblies (643ms)
				LogAssemblyErrors (0ms)
				InitializePlatformSupportModulesInManaged (7ms)
				SetLoadedEditorAssemblies (8ms)
				RefreshPlugins (75ms)
				BeforeProcessingInitializeOnLoad (101ms)
				ProcessInitializeOnLoadAttributes (338ms)
				ProcessInitializeOnLoadMethodAttributes (104ms)
				AfterProcessingInitializeOnLoad (9ms)
				EditorAssembliesLoaded (0ms)
			ExecutionOrderSort2 (0ms)
			AwakeInstancesAfterBackupRestoration (7ms)
Platform modules already initialized, skipping
========================================================================
Worker process is ready to serve import requests
Launched and connected shader compiler UnityShaderCompiler.exe after 0.09 seconds
Refreshing native plugins compatible for Editor in 0.99 ms, found 2 plugins.
Preloading 0 native plugins for Editor in 0.00 ms.
Unloading 3727 Unused Serialized files (Serialized files now loaded: 0)
Unloading 38 unused Assets / (145.4 KB). Loaded Objects now: 4203.
Memory consumption went from 0.61 GB to 0.61 GB.
Total: 4.258400 ms (FindLiveObjects: 0.400800 ms CreateObjectMapping: 0.209700 ms MarkObjects: 3.491300 ms  DeleteObjects: 0.155100 ms)

AssetImportParameters requested are different than current active one (requested -> active):
  custom:video-decoder-ogg-theora: a1e56fd34408186e4bbccfd4996cb3dc -> 
  custom:container-muxer-webm: aa71ff27fc2769a1b78a27578f13a17b -> 
  custom:container-demuxer-webm: 4f35f7cbe854078d1ac9338744f61a02 -> 
  custom:video-encoder-webm-vp8: eb34c28f22e8b96e1ab97ce403110664 -> 
  custom:audio-encoder-webm-vorbis: bf7c407c2cedff20999df2af8eb42d56 -> 
  custom:framework-win-MediaFoundation: 216162199b28c13a410421893ffa2e32 -> 
  custom:container-demuxer-ogg: 62fdf1f143b41e24485cea50d1cbac27 -> 
  custom:video-decoder-webm-vp8: 9c59270c3fd7afecdb556c50c9e8de78 -> 
  custom:audio-decoder-ogg-vorbis: bf7c407c2cedff20999df2af8eb42d56 -> 
========================================================================
Received Import Request.
  Time since last request: 10566.541635 seconds.
  path: Assets/10WeaponsPack/Models/Blaster3.fbx
  artifactKey: Guid(1fd3f599f31216545bc2aa73164c4ed2) Importer(815301076,1909f56bfc062723c751e8b465ee728b)
Start importing Assets/10WeaponsPack/Models/Blaster3.fbx using Guid(1fd3f599f31216545bc2aa73164c4ed2) Importer(815301076,1909f56bfc062723c751e8b465ee728b)  -> (artifact id: '77d1faa9395bdb97ee8bb94eb9905401') in 0.508984 seconds 
========================================================================
Received Import Request.
  Time since last request: 3.204345 seconds.
  path: Assets/10WeaponsPack/Models/Blaster3.fbx
  artifactKey: Guid(1fd3f599f31216545bc2aa73164c4ed2) Importer(815301076,1909f56bfc062723c751e8b465ee728b)
Start importing Assets/10WeaponsPack/Models/Blaster3.fbx using Guid(1fd3f599f31216545bc2aa73164c4ed2) Importer(815301076,1909f56bfc062723c751e8b465ee728b)  -> (artifact id: '79bc57116439b3b9e27d28f7ece62d69') in 0.115301 seconds 
========================================================================
Received Import Request.
  Time since last request: 0.000035 seconds.
  path: Assets/10WeaponsPack/Models/Blaster10.fbx
  artifactKey: Guid(a4bca856892ba5844b51fbfa08ef5070) Importer(815301076,1909f56bfc062723c751e8b465ee728b)
Start importing Assets/10WeaponsPack/Models/Blaster10.fbx using Guid(a4bca856892ba5844b51fbfa08ef5070) Importer(815301076,1909f56bfc062723c751e8b465ee728b)  -> (artifact id: '0853d52d91cd97256c1926c1cd3a531e') in 0.059105 seconds 
========================================================================
Received Import Request.
  Time since last request: 3.864911 seconds.
  path: Assets/10WeaponsPack/Models/Blaster2.fbx
  artifactKey: Guid(ae28c140271a1264a92aaf85e1e67c96) Importer(815301076,1909f56bfc062723c751e8b465ee728b)
Start importing Assets/10WeaponsPack/Models/Blaster2.fbx using Guid(ae28c140271a1264a92aaf85e1e67c96) Importer(815301076,1909f56bfc062723c751e8b465ee728b)  -> (artifact id: '2ab6c91ececc2e09ade0d44b49fa0f43') in 0.118802 seconds 
========================================================================
Received Import Request.
  Time since last request: 3.802881 seconds.
  path: Assets/10WeaponsPack/Models/Blaster3.fbx
  artifactKey: Guid(1fd3f599f31216545bc2aa73164c4ed2) Importer(815301076,1909f56bfc062723c751e8b465ee728b)
Start importing Assets/10WeaponsPack/Models/Blaster3.fbx using Guid(1fd3f599f31216545bc2aa73164c4ed2) Importer(815301076,1909f56bfc062723c751e8b465ee728b)  -> (artifact id: 'd45dfe34f5612ad4550add03e1bad123') in 0.120545 seconds 
========================================================================
Received Import Request.
  Time since last request: 0.000030 seconds.
  path: Assets/10WeaponsPack/Models/Blaster10.fbx
  artifactKey: Guid(a4bca856892ba5844b51fbfa08ef5070) Importer(815301076,1909f56bfc062723c751e8b465ee728b)
Start importing Assets/10WeaponsPack/Models/Blaster10.fbx using Guid(a4bca856892ba5844b51fbfa08ef5070) Importer(815301076,1909f56bfc062723c751e8b465ee728b)  -> (artifact id: 'f8aa39688700f20b2cc13635b65ed876') in 0.058486 seconds 
========================================================================
Received Import Request.
  Time since last request: 166.489250 seconds.
  path: Assets/Weapon/Prefabs/RedBlaster.prefab
  artifactKey: Guid(2d522c2955947c44dbb460c903cbe7fc) Importer(815301076,1909f56bfc062723c751e8b465ee728b)
Start importing Assets/Weapon/Prefabs/RedBlaster.prefab using Guid(2d522c2955947c44dbb460c903cbe7fc) Importer(815301076,1909f56bfc062723c751e8b465ee728b)  -> (artifact id: 'aa80be08da0e4b0105144ce936711a65') in 0.018954 seconds 
========================================================================
Received Import Request.
  Time since last request: 18.151583 seconds.
  path: Assets/Weapon/BulletPrefabs/Capsule.prefab
  artifactKey: Guid(16f0f591258d5ad4f89a334200588e14) Importer(815301076,1909f56bfc062723c751e8b465ee728b)
Start importing Assets/Weapon/BulletPrefabs/Capsule.prefab using Guid(16f0f591258d5ad4f89a334200588e14) Importer(815301076,1909f56bfc062723c751e8b465ee728b)  -> (artifact id: '5edc757cb9b7b7c6f7706bd9f70b8512') in 0.016168 seconds 
========================================================================
Received Import Request.
  Time since last request: 131.062122 seconds.
  path: Assets/Shift - Complete Sci-Fi UI/Materials/Pause Menu Blur.mat
  artifactKey: Guid(1b5da973de5958447a23df4651804a79) Importer(815301076,1909f56bfc062723c751e8b465ee728b)
Start importing Assets/Shift - Complete Sci-Fi UI/Materials/Pause Menu Blur.mat using Guid(1b5da973de5958447a23df4651804a79) Importer(815301076,1909f56bfc062723c751e8b465ee728b)  -> (artifact id: '55f6207834de77748dd0b382e0879e7a') in 0.017395 seconds 
========================================================================
Received Import Request.
  Time since last request: 0.005410 seconds.
  path: Assets/Shift - Complete Sci-Fi UI/Fonts/Rajdhani-Medium SDF.asset
  artifactKey: Guid(b04f3173f946b754db673ac13842f4c1) Importer(815301076,1909f56bfc062723c751e8b465ee728b)
Start importing Assets/Shift - Complete Sci-Fi UI/Fonts/Rajdhani-Medium SDF.asset using Guid(b04f3173f946b754db673ac13842f4c1) Importer(815301076,1909f56bfc062723c751e8b465ee728b)  -> (artifact id: '832df832d4634896cd62e41555a366dc') in 0.055186 seconds 
========================================================================
Received Import Request.
  Time since last request: 0.000026 seconds.
  path: Assets/Shift - Complete Sci-Fi UI/Fonts/Rajdhani-Light SDF.asset
  artifactKey: Guid(501c3584798b7544daed173223ef3afd) Importer(815301076,1909f56bfc062723c751e8b465ee728b)
Start importing Assets/Shift - Complete Sci-Fi UI/Fonts/Rajdhani-Light SDF.asset using Guid(501c3584798b7544daed173223ef3afd) Importer(815301076,1909f56bfc062723c751e8b465ee728b)  -> (artifact id: '5fd78c6ef76ee7ee5cb1d4f8fefaaf1e') in 0.037434 seconds 
========================================================================
Received Import Request.
  Time since last request: 0.000027 seconds.
  path: Assets/Shift - Complete Sci-Fi UI/Materials/Server Browser Blur.mat
  artifactKey: Guid(54e34ef6f4009ac4e96af00324876484) Importer(815301076,1909f56bfc062723c751e8b465ee728b)
Start importing Assets/Shift - Complete Sci-Fi UI/Materials/Server Browser Blur.mat using Guid(54e34ef6f4009ac4e96af00324876484) Importer(815301076,1909f56bfc062723c751e8b465ee728b)  -> (artifact id: '54570e9624637699e34da86e4a70c652') in 0.012761 seconds 
========================================================================
Received Import Request.
  Time since last request: 0.692989 seconds.
  path: Assets/Shift - Complete Sci-Fi UI/Materials/Shadow Blur.mat
  artifactKey: Guid(371f21262e1b1614196ded9008be955e) Importer(815301076,1909f56bfc062723c751e8b465ee728b)
Start importing Assets/Shift - Complete Sci-Fi UI/Materials/Shadow Blur.mat using Guid(371f21262e1b1614196ded9008be955e) Importer(815301076,1909f56bfc062723c751e8b465ee728b) Shader properties can't be added to this global property sheet. Trying to add _HBlur_ST (type 2 count 1)
0x00007ff791a2f53d (Unity) StackWalker::GetCurrentCallstack
0x00007ff791a362b9 (Unity) StackWalker::ShowCallstack
0x00007ff7929d84c3 (Unity) GetStacktrace
0x00007ff79307def3 (Unity) DebugStringToFile
0x00007ff79168de6b (Unity) ShaderPropertySheet::AddNewPropertyUninitialized
0x00007ff791692f91 (Unity) ShaderPropertySheet::CreateTextureAuxPropertyUninitialized
0x00007ff791693a2e (Unity) ShaderPropertySheet::FillAuxVectors
0x00007ff79168f0ac (Unity) ShaderPropertySheet::AddTextureFromInfo
0x00007ff79169c3a5 (Unity) ShaderPropertySheet::SetTextureWithPlacement
0x00007ff7914ea975 (Unity) RenderTexture::SetGlobalProperty
0x00007ff791744f08 (Unity) ShaderLab::GrabPasses::ApplyGrabPassMainThread
0x00007ff791736f09 (Unity) ShaderLab::Pass::ApplyPass
0x00007ff7916e3f05 (Unity) ApplyMaterialPass
0x00007ff7913dd412 (Unity) BatchRenderer::ApplyShaderPass
0x00007ff79158b48e (Unity) ScriptableRenderLoopDraw
0x00007ff79158bf11 (Unity) ScriptableRenderLoopJob
0x00007ff79189eca3 (Unity) GfxDevice::ExecuteAsync
0x00007ff791b42d3c (Unity) GfxDeviceClient::ExecuteAsync
0x00007ff791589c58 (Unity) ScheduleRenderJobs
0x00007ff791586aa6 (Unity) ExecuteDrawRenderersCommand
0x00007ff791575e1b (Unity) ScriptableRenderContext::ExecuteScriptableRenderLoop
0x00007ff790a8eba9 (Unity) ScriptableRenderContext_CUSTOM_Submit_Internal_Injected
0x000001b3abaea6ca (Mono JIT Code) (wrapper managed-to-native) UnityEngine.Rendering.ScriptableRenderContext:Submit_Internal_Injected (UnityEngine.Rendering.ScriptableRenderContext&)
0x000001b3abaea61b (Mono JIT Code) UnityEngine.Rendering.ScriptableRenderContext:Submit_Internal ()
0x000001b3abaea5d3 (Mono JIT Code) UnityEngine.Rendering.ScriptableRenderContext:Submit ()
0x000001b36ba96803 (Mono JIT Code) [UniversalRenderPipeline.cs:449] UnityEngine.Rendering.Universal.UniversalRenderPipeline:RenderSingleCamera (UnityEngine.Rendering.ScriptableRenderContext,UnityEngine.Rendering.Universal.CameraData,bool) 
0x000001b36ba8f51b (Mono JIT Code) [UniversalRenderPipeline.cs:339] UnityEngine.Rendering.Universal.UniversalRenderPipeline:RenderSingleCamera (UnityEngine.Rendering.ScriptableRenderContext,UnityEngine.Camera) 
0x000001b36ba8741b (Mono JIT Code) [UniversalRenderPipeline.cs:295] UnityEngine.Rendering.Universal.UniversalRenderPipeline:Render (UnityEngine.Rendering.ScriptableRenderContext,System.Collections.Generic.List`1<UnityEngine.Camera>) 
0x000001b36ba86799 (Mono JIT Code) UnityEngine.Rendering.RenderPipeline:InternalRender (UnityEngine.Rendering.ScriptableRenderContext,System.Collections.Generic.List`1<UnityEngine.Camera>)
0x000001b36ba35403 (Mono JIT Code) UnityEngine.Rendering.RenderPipelineManager:DoRenderLoop_Internal (UnityEngine.Rendering.RenderPipelineAsset,intptr,System.Collections.Generic.List`1<UnityEngine.Camera/RenderRequest>,Unity.Collections.LowLevel.Unsafe.AtomicSafetyHandle)
0x000001b36ba355f8 (Mono JIT Code) (wrapper runtime-invoke) <Module>:runtime_invoke_void_object_intptr_object_AtomicSafetyHandle (object,intptr,intptr,intptr)
0x00007fff117bfee4 (mono-2.0-bdwgc) [mini-runtime.c:3445] mono_jit_runtime_invoke 
0x00007fff116feb14 (mono-2.0-bdwgc) [object.c:3066] do_runtime_invoke 
0x00007fff116fecac (mono-2.0-bdwgc) [object.c:3113] mono_runtime_invoke 
0x00007ff791954204 (Unity) scripting_method_invoke
0x00007ff79194ed04 (Unity) ScriptingInvocation::Invoke
0x00007ff791577e4f (Unity) ScriptableRenderContext::ExtractAndExecuteRenderPipeline
0x00007ff791388fa5 (Unity) Camera::CustomRenderWithPipeline
0x00007ff79139eaeb (Unity) Camera::StandaloneCustomRender
0x00007ff79139ed6b (Unity) Camera::StandaloneRender
0x00007ff791395d1f (Unity) CameraScripting::Render
0x00007ff790a0b3cd (Unity) Camera_CUSTOM_Render
0x000001b36ba35161 (Mono JIT Code) (wrapper managed-to-native) UnityEngine.Camera:Render (UnityEngine.Camera)
0x000001b36ba346e3 (Mono JIT Code) UnityEditor.PreviewRenderUtility:Render (bool,bool)
0x000001b3abaf7b6b (Mono JIT Code) UnityEditor.MaterialEditor:DoRenderPreview (UnityEditor.PreviewRenderUtility,bool)
0x000001b3abaf22c3 (Mono JIT Code) UnityEditor.MaterialEditor:RenderStaticPreview (string,UnityEngine.Object[],int,int)
0x000001b36ba143e0 (Mono JIT Code) UnityEditor.AssetPreviewUpdater:CreatePreview (UnityEngine.Object,UnityEngine.Object[],string,int,int)
0x000001b36ba140c3 (Mono JIT Code) UnityEditor.AssetPreviewUpdater:CreatePreviewForAsset (UnityEngine.Object,UnityEngine.Object[],string)
0x000001b36ba14180 (Mono JIT Code) (wrapper runtime-invoke) <Module>:runtime_invoke_object_object_object_object (object,intptr,intptr,intptr)
0x00007fff117bfee4 (mono-2.0-bdwgc) [mini-runtime.c:3445] mono_jit_runtime_invoke 
0x00007fff116feb14 (mono-2.0-bdwgc) [object.c:3066] do_runtime_invoke 
0x00007fff116fecac (mono-2.0-bdwgc) [object.c:3113] mono_runtime_invoke 
0x00007ff791954204 (Unity) scripting_method_invoke
0x00007ff79194ed04 (Unity) ScriptingInvocation::Invoke
0x00007ff792cba0ac (Unity) MonoCreateAssetPreview
0x00007ff792cb8e11 (Unity) WriteAssetPreviewToFile
0x00007ff792cb95d3 (Unity) WritePreviews
0x00007ff792cb0bf5 (Unity) PreviewImporter::GenerateAssetData
0x00007ff792cf7941 (Unity) ImportToObjects
0x00007ff792cf68d3 (Unity) ImportAsset
0x00007ff792d19957 (Unity) AssetImportWorker::Import
0x00007ff792d81c44 (Unity) <lambda_d18e3400227f702c19ede75248229b18>::operator()
0x00007ff792dbb2b2 (Unity) asio::detail::completion_handler<core::mutable_function<void __cdecl(void)> >::do_complete
0x00007ff792dbd53d (Unity) asio::detail::win_iocp_io_service::do_one
0x00007ff792dc095e (Unity) asio::io_service::run
0x00007ff792db9751 (Unity) IOService::Run
0x00007ff792d91ddf (Unity) AssetImportWorkerClient::Run
0x00007ff792d5cfe3 (Unity) RunAssetImportWorkerClientV2
0x00007ff792d5d06b (Unity) RunAssetImporterV2
0x00007ff79256ba0e (Unity) Application::InitializeProject
0x00007ff7929e2beb (Unity) WinMain
0x00007ff793d2de0e (Unity) __scrt_common_main_seh
0x00007fff8f337034 (KERNEL32) BaseThreadInitThunk
0x00007fff90082651 (ntdll) RtlUserThreadStart

Shader properties can't be added to this global property sheet. Trying to add _HBlur_TexelSize (type 2 count 1)
0x00007ff791a2f53d (Unity) StackWalker::GetCurrentCallstack
0x00007ff791a362b9 (Unity) StackWalker::ShowCallstack
0x00007ff7929d84c3 (Unity) GetStacktrace
0x00007ff79307def3 (Unity) DebugStringToFile
0x00007ff79168de6b (Unity) ShaderPropertySheet::AddNewPropertyUninitialized
0x00007ff791692f91 (Unity) ShaderPropertySheet::CreateTextureAuxPropertyUninitialized
0x00007ff791693a95 (Unity) ShaderPropertySheet::FillAuxVectors
0x00007ff79168f0ac (Unity) ShaderPropertySheet::AddTextureFromInfo
0x00007ff79169c3a5 (Unity) ShaderPropertySheet::SetTextureWithPlacement
0x00007ff7914ea975 (Unity) RenderTexture::SetGlobalProperty
0x00007ff791744f08 (Unity) ShaderLab::GrabPasses::ApplyGrabPassMainThread
0x00007ff791736f09 (Unity) ShaderLab::Pass::ApplyPass
0x00007ff7916e3f05 (Unity) ApplyMaterialPass
0x00007ff7913dd412 (Unity) BatchRenderer::ApplyShaderPass
0x00007ff79158b48e (Unity) ScriptableRenderLoopDraw
0x00007ff79158bf11 (Unity) ScriptableRenderLoopJob
0x00007ff79189eca3 (Unity) GfxDevice::ExecuteAsync
0x00007ff791b42d3c (Unity) GfxDeviceClient::ExecuteAsync
0x00007ff791589c58 (Unity) ScheduleRenderJobs
0x00007ff791586aa6 (Unity) ExecuteDrawRenderersCommand
0x00007ff791575e1b (Unity) ScriptableRenderContext::ExecuteScriptableRenderLoop
0x00007ff790a8eba9 (Unity) ScriptableRenderContext_CUSTOM_Submit_Internal_Injected
0x000001b3abaea6ca (Mono JIT Code) (wrapper managed-to-native) UnityEngine.Rendering.ScriptableRenderContext:Submit_Internal_Injected (UnityEngine.Rendering.ScriptableRenderContext&)
0x000001b3abaea61b (Mono JIT Code) UnityEngine.Rendering.ScriptableRenderContext:Submit_Internal ()
0x000001b3abaea5d3 (Mono JIT Code) UnityEngine.Rendering.ScriptableRenderContext:Submit ()
0x000001b36ba96803 (Mono JIT Code) [UniversalRenderPipeline.cs:449] UnityEngine.Rendering.Universal.UniversalRenderPipeline:RenderSingleCamera (UnityEngine.Rendering.ScriptableRenderContext,UnityEngine.Rendering.Universal.CameraData,bool) 
0x000001b36ba8f51b (Mono JIT Code) [UniversalRenderPipeline.cs:339] UnityEngine.Rendering.Universal.UniversalRenderPipeline:RenderSingleCamera (UnityEngine.Rendering.ScriptableRenderContext,UnityEngine.Camera) 
0x000001b36ba8741b (Mono JIT Code) [UniversalRenderPipeline.cs:295] UnityEngine.Rendering.Universal.UniversalRenderPipeline:Render (UnityEngine.Rendering.ScriptableRenderContext,System.Collections.Generic.List`1<UnityEngine.Camera>) 
0x000001b36ba86799 (Mono JIT Code) UnityEngine.Rendering.RenderPipeline:InternalRender (UnityEngine.Rendering.ScriptableRenderContext,System.Collections.Generic.List`1<UnityEngine.Camera>)
0x000001b36ba35403 (Mono JIT Code) UnityEngine.Rendering.RenderPipelineManager:DoRenderLoop_Internal (UnityEngine.Rendering.RenderPipelineAsset,intptr,System.Collections.Generic.List`1<UnityEngine.Camera/RenderRequest>,Unity.Collections.LowLevel.Unsafe.AtomicSafetyHandle)
0x000001b36ba355f8 (Mono JIT Code) (wrapper runtime-invoke) <Module>:runtime_invoke_void_object_intptr_object_AtomicSafetyHandle (object,intptr,intptr,intptr)
0x00007fff117bfee4 (mono-2.0-bdwgc) [mini-runtime.c:3445] mono_jit_runtime_invoke 
0x00007fff116feb14 (mono-2.0-bdwgc) [object.c:3066] do_runtime_invoke 
0x00007fff116fecac (mono-2.0-bdwgc) [object.c:3113] mono_runtime_invoke 
0x00007ff791954204 (Unity) scripting_method_invoke
0x00007ff79194ed04 (Unity) ScriptingInvocation::Invoke
0x00007ff791577e4f (Unity) ScriptableRenderContext::ExtractAndExecuteRenderPipeline
0x00007ff791388fa5 (Unity) Camera::CustomRenderWithPipeline
0x00007ff79139eaeb (Unity) Camera::StandaloneCustomRender
0x00007ff79139ed6b (Unity) Camera::StandaloneRender
0x00007ff791395d1f (Unity) CameraScripting::Render
0x00007ff790a0b3cd (Unity) Camera_CUSTOM_Render
0x000001b36ba35161 (Mono JIT Code) (wrapper managed-to-native) UnityEngine.Camera:Render (UnityEngine.Camera)
0x000001b36ba346e3 (Mono JIT Code) UnityEditor.PreviewRenderUtility:Render (bool,bool)
0x000001b3abaf7b6b (Mono JIT Code) UnityEditor.MaterialEditor:DoRenderPreview (UnityEditor.PreviewRenderUtility,bool)
0x000001b3abaf22c3 (Mono JIT Code) UnityEditor.MaterialEditor:RenderStaticPreview (string,UnityEngine.Object[],int,int)
0x000001b36ba143e0 (Mono JIT Code) UnityEditor.AssetPreviewUpdater:CreatePreview (UnityEngine.Object,UnityEngine.Object[],string,int,int)
0x000001b36ba140c3 (Mono JIT Code) UnityEditor.AssetPreviewUpdater:CreatePreviewForAsset (UnityEngine.Object,UnityEngine.Object[],string)
0x000001b36ba14180 (Mono JIT Code) (wrapper runtime-invoke) <Module>:runtime_invoke_object_object_object_object (object,intptr,intptr,intptr)
0x00007fff117bfee4 (mono-2.0-bdwgc) [mini-runtime.c:3445] mono_jit_runtime_invoke 
0x00007fff116feb14 (mono-2.0-bdwgc) [object.c:3066] do_runtime_invoke 
0x00007fff116fecac (mono-2.0-bdwgc) [object.c:3113] mono_runtime_invoke 
0x00007ff791954204 (Unity) scripting_method_invoke
0x00007ff79194ed04 (Unity) ScriptingInvocation::Invoke
0x00007ff792cba0ac (Unity) MonoCreateAssetPreview
0x00007ff792cb8e11 (Unity) WriteAssetPreviewToFile
0x00007ff792cb95d3 (Unity) WritePreviews
0x00007ff792cb0bf5 (Unity) PreviewImporter::GenerateAssetData
0x00007ff792cf7941 (Unity) ImportToObjects
0x00007ff792cf68d3 (Unity) ImportAsset
0x00007ff792d19957 (Unity) AssetImportWorker::Import
0x00007ff792d81c44 (Unity) <lambda_d18e3400227f702c19ede75248229b18>::operator()
0x00007ff792dbb2b2 (Unity) asio::detail::completion_handler<core::mutable_function<void __cdecl(void)> >::do_complete
0x00007ff792dbd53d (Unity) asio::detail::win_iocp_io_service::do_one
0x00007ff792dc095e (Unity) asio::io_service::run
0x00007ff792db9751 (Unity) IOService::Run
0x00007ff792d91ddf (Unity) AssetImportWorkerClient::Run
0x00007ff792d5cfe3 (Unity) RunAssetImportWorkerClientV2
0x00007ff792d5d06b (Unity) RunAssetImporterV2
0x00007ff79256ba0e (Unity) Application::InitializeProject
0x00007ff7929e2beb (Unity) WinMain
0x00007ff793d2de0e (Unity) __scrt_common_main_seh
0x00007fff8f337034 (KERNEL32) BaseThreadInitThunk
0x00007fff90082651 (ntdll) RtlUserThreadStart

Shader properties can't be added to this global property sheet. Trying to add _HBlur_HDR (type 2 count 1)
0x00007ff791a2f53d (Unity) StackWalker::GetCurrentCallstack
0x00007ff791a362b9 (Unity) StackWalker::ShowCallstack
0x00007ff7929d84c3 (Unity) GetStacktrace
0x00007ff79307def3 (Unity) DebugStringToFile
0x00007ff79168de6b (Unity) ShaderPropertySheet::AddNewPropertyUninitialized
0x00007ff791692f91 (Unity) ShaderPropertySheet::CreateTextureAuxPropertyUninitialized
0x00007ff791693b1f (Unity) ShaderPropertySheet::FillAuxVectors
0x00007ff79168f0ac (Unity) ShaderPropertySheet::AddTextureFromInfo
0x00007ff79169c3a5 (Unity) ShaderPropertySheet::SetTextureWithPlacement
0x00007ff7914ea975 (Unity) RenderTexture::SetGlobalProperty
0x00007ff791744f08 (Unity) ShaderLab::GrabPasses::ApplyGrabPassMainThread
0x00007ff791736f09 (Unity) ShaderLab::Pass::ApplyPass
0x00007ff7916e3f05 (Unity) ApplyMaterialPass
0x00007ff7913dd412 (Unity) BatchRenderer::ApplyShaderPass
0x00007ff79158b48e (Unity) ScriptableRenderLoopDraw
0x00007ff79158bf11 (Unity) ScriptableRenderLoopJob
0x00007ff79189eca3 (Unity) GfxDevice::ExecuteAsync
0x00007ff791b42d3c (Unity) GfxDeviceClient::ExecuteAsync
0x00007ff791589c58 (Unity) ScheduleRenderJobs
0x00007ff791586aa6 (Unity) ExecuteDrawRenderersCommand
0x00007ff791575e1b (Unity) ScriptableRenderContext::ExecuteScriptableRenderLoop
0x00007ff790a8eba9 (Unity) ScriptableRenderContext_CUSTOM_Submit_Internal_Injected
0x000001b3abaea6ca (Mono JIT Code) (wrapper managed-to-native) UnityEngine.Rendering.ScriptableRenderContext:Submit_Internal_Injected (UnityEngine.Rendering.ScriptableRenderContext&)
0x000001b3abaea61b (Mono JIT Code) UnityEngine.Rendering.ScriptableRenderContext:Submit_Internal ()
0x000001b3abaea5d3 (Mono JIT Code) UnityEngine.Rendering.ScriptableRenderContext:Submit ()
0x000001b36ba96803 (Mono JIT Code) [UniversalRenderPipeline.cs:449] UnityEngine.Rendering.Universal.UniversalRenderPipeline:RenderSingleCamera (UnityEngine.Rendering.ScriptableRenderContext,UnityEngine.Rendering.Universal.CameraData,bool) 
0x000001b36ba8f51b (Mono JIT Code) [UniversalRenderPipeline.cs:339] UnityEngine.Rendering.Universal.UniversalRenderPipeline:RenderSingleCamera (UnityEngine.Rendering.ScriptableRenderContext,UnityEngine.Camera) 
0x000001b36ba8741b (Mono JIT Code) [UniversalRenderPipeline.cs:295] UnityEngine.Rendering.Universal.UniversalRenderPipeline:Render (UnityEngine.Rendering.ScriptableRenderContext,System.Collections.Generic.List`1<UnityEngine.Camera>) 
0x000001b36ba86799 (Mono JIT Code) UnityEngine.Rendering.RenderPipeline:InternalRender (UnityEngine.Rendering.ScriptableRenderContext,System.Collections.Generic.List`1<UnityEngine.Camera>)
0x000001b36ba35403 (Mono JIT Code) UnityEngine.Rendering.RenderPipelineManager:DoRenderLoop_Internal (UnityEngine.Rendering.RenderPipelineAsset,intptr,System.Collections.Generic.List`1<UnityEngine.Camera/RenderRequest>,Unity.Collections.LowLevel.Unsafe.AtomicSafetyHandle)
0x000001b36ba355f8 (Mono JIT Code) (wrapper runtime-invoke) <Module>:runtime_invoke_void_object_intptr_object_AtomicSafetyHandle (object,intptr,intptr,intptr)
0x00007fff117bfee4 (mono-2.0-bdwgc) [mini-runtime.c:3445] mono_jit_runtime_invoke 
0x00007fff116feb14 (mono-2.0-bdwgc) [object.c:3066] do_runtime_invoke 
0x00007fff116fecac (mono-2.0-bdwgc) [object.c:3113] mono_runtime_invoke 
0x00007ff791954204 (Unity) scripting_method_invoke
0x00007ff79194ed04 (Unity) ScriptingInvocation::Invoke
0x00007ff791577e4f (Unity) ScriptableRenderContext::ExtractAndExecuteRenderPipeline
0x00007ff791388fa5 (Unity) Camera::CustomRenderWithPipeline
0x00007ff79139eaeb (Unity) Camera::StandaloneCustomRender
0x00007ff79139ed6b (Unity) Camera::StandaloneRender
0x00007ff791395d1f (Unity) CameraScripting::Render
0x00007ff790a0b3cd (Unity) Camera_CUSTOM_Render
0x000001b36ba35161 (Mono JIT Code) (wrapper managed-to-native) UnityEngine.Camera:Render (UnityEngine.Camera)
0x000001b36ba346e3 (Mono JIT Code) UnityEditor.PreviewRenderUtility:Render (bool,bool)
0x000001b3abaf7b6b (Mono JIT Code) UnityEditor.MaterialEditor:DoRenderPreview (UnityEditor.PreviewRenderUtility,bool)
0x000001b3abaf22c3 (Mono JIT Code) UnityEditor.MaterialEditor:RenderStaticPreview (string,UnityEngine.Object[],int,int)
0x000001b36ba143e0 (Mono JIT Code) UnityEditor.AssetPreviewUpdater:CreatePreview (UnityEngine.Object,UnityEngine.Object[],string,int,int)
0x000001b36ba140c3 (Mono JIT Code) UnityEditor.AssetPreviewUpdater:CreatePreviewForAsset (UnityEngine.Object,UnityEngine.Object[],string)
0x000001b36ba14180 (Mono JIT Code) (wrapper runtime-invoke) <Module>:runtime_invoke_object_object_object_object (object,intptr,intptr,intptr)
0x00007fff117bfee4 (mono-2.0-bdwgc) [mini-runtime.c:3445] mono_jit_runtime_invoke 
0x00007fff116feb14 (mono-2.0-bdwgc) [object.c:3066] do_runtime_invoke 
0x00007fff116fecac (mono-2.0-bdwgc) [object.c:3113] mono_runtime_invoke 
0x00007ff791954204 (Unity) scripting_method_invoke
0x00007ff79194ed04 (Unity) ScriptingInvocation::Invoke
0x00007ff792cba0ac (Unity) MonoCreateAssetPreview
0x00007ff792cb8e11 (Unity) WriteAssetPreviewToFile
0x00007ff792cb95d3 (Unity) WritePreviews
0x00007ff792cb0bf5 (Unity) PreviewImporter::GenerateAssetData
0x00007ff792cf7941 (Unity) ImportToObjects
0x00007ff792cf68d3 (Unity) ImportAsset
0x00007ff792d19957 (Unity) AssetImportWorker::Import
0x00007ff792d81c44 (Unity) <lambda_d18e3400227f702c19ede75248229b18>::operator()
0x00007ff792dbb2b2 (Unity) asio::detail::completion_handler<core::mutable_function<void __cdecl(void)> >::do_complete
0x00007ff792dbd53d (Unity) asio::detail::win_iocp_io_service::do_one
0x00007ff792dc095e (Unity) asio::io_service::run
0x00007ff792db9751 (Unity) IOService::Run
0x00007ff792d91ddf (Unity) AssetImportWorkerClient::Run
0x00007ff792d5cfe3 (Unity) RunAssetImportWorkerClientV2
0x00007ff792d5d06b (Unity) RunAssetImporterV2
0x00007ff79256ba0e (Unity) Application::InitializeProject
0x00007ff7929e2beb (Unity) WinMain
0x00007ff793d2de0e (Unity) __scrt_common_main_seh
0x00007fff8f337034 (KERNEL32) BaseThreadInitThunk
0x00007fff90082651 (ntdll) RtlUserThreadStart

Shader properties can't be added to this global property sheet. Trying to add _HBlur (type 4 count 1)
0x00007ff791a2f53d (Unity) StackWalker::GetCurrentCallstack
0x00007ff791a362b9 (Unity) StackWalker::ShowCallstack
0x00007ff7929d84c3 (Unity) GetStacktrace
0x00007ff79307def3 (Unity) DebugStringToFile
0x00007ff79168de6b (Unity) ShaderPropertySheet::AddNewPropertyUninitialized
0x00007ff79168f0c0 (Unity) ShaderPropertySheet::AddTextureFromInfo
0x00007ff79169c3a5 (Unity) ShaderPropertySheet::SetTextureWithPlacement
0x00007ff7914ea975 (Unity) RenderTexture::SetGlobalProperty
0x00007ff791744f08 (Unity) ShaderLab::GrabPasses::ApplyGrabPassMainThread
0x00007ff791736f09 (Unity) ShaderLab::Pass::ApplyPass
0x00007ff7916e3f05 (Unity) ApplyMaterialPass
0x00007ff7913dd412 (Unity) BatchRenderer::ApplyShaderPass
0x00007ff79158b48e (Unity) ScriptableRenderLoopDraw
0x00007ff79158bf11 (Unity) ScriptableRenderLoopJob
0x00007ff79189eca3 (Unity) GfxDevice::ExecuteAsync
0x00007ff791b42d3c (Unity) GfxDeviceClient::ExecuteAsync
0x00007ff791589c58 (Unity) ScheduleRenderJobs
0x00007ff791586aa6 (Unity) ExecuteDrawRenderersCommand
0x00007ff791575e1b (Unity) ScriptableRenderContext::ExecuteScriptableRenderLoop
0x00007ff790a8eba9 (Unity) ScriptableRenderContext_CUSTOM_Submit_Internal_Injected
0x000001b3abaea6ca (Mono JIT Code) (wrapper managed-to-native) UnityEngine.Rendering.ScriptableRenderContext:Submit_Internal_Injected (UnityEngine.Rendering.ScriptableRenderContext&)
0x000001b3abaea61b (Mono JIT Code) UnityEngine.Rendering.ScriptableRenderContext:Submit_Internal ()
0x000001b3abaea5d3 (Mono JIT Code) UnityEngine.Rendering.ScriptableRenderContext:Submit ()
0x000001b36ba96803 (Mono JIT Code) [UniversalRenderPipeline.cs:449] UnityEngine.Rendering.Universal.UniversalRenderPipeline:RenderSingleCamera (UnityEngine.Rendering.ScriptableRenderContext,UnityEngine.Rendering.Universal.CameraData,bool) 
0x000001b36ba8f51b (Mono JIT Code) [UniversalRenderPipeline.cs:339] UnityEngine.Rendering.Universal.UniversalRenderPipeline:RenderSingleCamera (UnityEngine.Rendering.ScriptableRenderContext,UnityEngine.Camera) 
0x000001b36ba8741b (Mono JIT Code) [UniversalRenderPipeline.cs:295] UnityEngine.Rendering.Universal.UniversalRenderPipeline:Render (UnityEngine.Rendering.ScriptableRenderContext,System.Collections.Generic.List`1<UnityEngine.Camera>) 
0x000001b36ba86799 (Mono JIT Code) UnityEngine.Rendering.RenderPipeline:InternalRender (UnityEngine.Rendering.ScriptableRenderContext,System.Collections.Generic.List`1<UnityEngine.Camera>)
0x000001b36ba35403 (Mono JIT Code) UnityEngine.Rendering.RenderPipelineManager:DoRenderLoop_Internal (UnityEngine.Rendering.RenderPipelineAsset,intptr,System.Collections.Generic.List`1<UnityEngine.Camera/RenderRequest>,Unity.Collections.LowLevel.Unsafe.AtomicSafetyHandle)
0x000001b36ba355f8 (Mono JIT Code) (wrapper runtime-invoke) <Module>:runtime_invoke_void_object_intptr_object_AtomicSafetyHandle (object,intptr,intptr,intptr)
0x00007fff117bfee4 (mono-2.0-bdwgc) [mini-runtime.c:3445] mono_jit_runtime_invoke 
0x00007fff116feb14 (mono-2.0-bdwgc) [object.c:3066] do_runtime_invoke 
0x00007fff116fecac (mono-2.0-bdwgc) [object.c:3113] mono_runtime_invoke 
0x00007ff791954204 (Unity) scripting_method_invoke
0x00007ff79194ed04 (Unity) ScriptingInvocation::Invoke
0x00007ff791577e4f (Unity) ScriptableRenderContext::ExtractAndExecuteRenderPipeline
0x00007ff791388fa5 (Unity) Camera::CustomRenderWithPipeline
0x00007ff79139eaeb (Unity) Camera::StandaloneCustomRender
0x00007ff79139ed6b (Unity) Camera::StandaloneRender
0x00007ff791395d1f (Unity) CameraScripting::Render
0x00007ff790a0b3cd (Unity) Camera_CUSTOM_Render
0x000001b36ba35161 (Mono JIT Code) (wrapper managed-to-native) UnityEngine.Camera:Render (UnityEngine.Camera)
0x000001b36ba346e3 (Mono JIT Code) UnityEditor.PreviewRenderUtility:Render (bool,bool)
0x000001b3abaf7b6b (Mono JIT Code) UnityEditor.MaterialEditor:DoRenderPreview (UnityEditor.PreviewRenderUtility,bool)
0x000001b3abaf22c3 (Mono JIT Code) UnityEditor.MaterialEditor:RenderStaticPreview (string,UnityEngine.Object[],int,int)
0x000001b36ba143e0 (Mono JIT Code) UnityEditor.AssetPreviewUpdater:CreatePreview (UnityEngine.Object,UnityEngine.Object[],string,int,int)
0x000001b36ba140c3 (Mono JIT Code) UnityEditor.AssetPreviewUpdater:CreatePreviewForAsset (UnityEngine.Object,UnityEngine.Object[],string)
0x000001b36ba14180 (Mono JIT Code) (wrapper runtime-invoke) <Module>:runtime_invoke_object_object_object_object (object,intptr,intptr,intptr)
0x00007fff117bfee4 (mono-2.0-bdwgc) [mini-runtime.c:3445] mono_jit_runtime_invoke 
0x00007fff116feb14 (mono-2.0-bdwgc) [object.c:3066] do_runtime_invoke 
0x00007fff116fecac (mono-2.0-bdwgc) [object.c:3113] mono_runtime_invoke 
0x00007ff791954204 (Unity) scripting_method_invoke
0x00007ff79194ed04 (Unity) ScriptingInvocation::Invoke
0x00007ff792cba0ac (Unity) MonoCreateAssetPreview
0x00007ff792cb8e11 (Unity) WriteAssetPreviewToFile
0x00007ff792cb95d3 (Unity) WritePreviews
0x00007ff792cb0bf5 (Unity) PreviewImporter::GenerateAssetData
0x00007ff792cf7941 (Unity) ImportToObjects
0x00007ff792cf68d3 (Unity) ImportAsset
0x00007ff792d19957 (Unity) AssetImportWorker::Import
0x00007ff792d81c44 (Unity) <lambda_d18e3400227f702c19ede75248229b18>::operator()
0x00007ff792dbb2b2 (Unity) asio::detail::completion_handler<core::mutable_function<void __cdecl(void)> >::do_complete
0x00007ff792dbd53d (Unity) asio::detail::win_iocp_io_service::do_one
0x00007ff792dc095e (Unity) asio::io_service::run
0x00007ff792db9751 (Unity) IOService::Run
0x00007ff792d91ddf (Unity) AssetImportWorkerClient::Run
0x00007ff792d5cfe3 (Unity) RunAssetImportWorkerClientV2
0x00007ff792d5d06b (Unity) RunAssetImporterV2
0x00007ff79256ba0e (Unity) Application::InitializeProject
0x00007ff7929e2beb (Unity) WinMain
0x00007ff793d2de0e (Unity) __scrt_common_main_seh
0x00007fff8f337034 (KERNEL32) BaseThreadInitThunk
0x00007fff90082651 (ntdll) RtlUserThreadStart

 -> (artifact id: '0df5909bcbe50c4d8adf57a2f4c62e7e') in 1.323377 seconds 
========================================================================
Received Import Request.
  Time since last request: 0.204653 seconds.
  path: Assets/Shift - Complete Sci-Fi UI/Materials/UI Particle Additive.mat
  artifactKey: Guid(c0aabe3610973d843b8384f3cf6128ac) Importer(815301076,1909f56bfc062723c751e8b465ee728b)
Start importing Assets/Shift - Complete Sci-Fi UI/Materials/UI Particle Additive.mat using Guid(c0aabe3610973d843b8384f3cf6128ac) Importer(815301076,1909f56bfc062723c751e8b465ee728b)  -> (artifact id: 'a24e231a48a88e2cf04adee3cfcf1e03') in 0.018070 seconds 
========================================================================
Received Import Request.
  Time since last request: 0.000029 seconds.
  path: Assets/Shift - Complete Sci-Fi UI/Materials/Splash Screen BG.mat
  artifactKey: Guid(773bb4602c07af541b2f2c0d78f43e65) Importer(815301076,1909f56bfc062723c751e8b465ee728b)
Start importing Assets/Shift - Complete Sci-Fi UI/Materials/Splash Screen BG.mat using Guid(773bb4602c07af541b2f2c0d78f43e65) Importer(815301076,1909f56bfc062723c751e8b465ee728b)  -> (artifact id: '50513609752904775f26d26822e7e478') in 0.015000 seconds 
========================================================================
Received Import Request.
  Time since last request: 0.000034 seconds.
  path: Assets/Shift - Complete Sci-Fi UI/Materials/Top Panel Blur.mat
  artifactKey: Guid(d563ce1ef1c287649a36006e620f7132) Importer(815301076,1909f56bfc062723c751e8b465ee728b)
Start importing Assets/Shift - Complete Sci-Fi UI/Materials/Top Panel Blur.mat using Guid(d563ce1ef1c287649a36006e620f7132) Importer(815301076,1909f56bfc062723c751e8b465ee728b) Shader properties can't be added to this global property sheet. Trying to add _HBlur_ST (type 2 count 1)
0x00007ff791a2f53d (Unity) StackWalker::GetCurrentCallstack
0x00007ff791a362b9 (Unity) StackWalker::ShowCallstack
0x00007ff7929d84c3 (Unity) GetStacktrace
0x00007ff79307def3 (Unity) DebugStringToFile
0x00007ff79168de6b (Unity) ShaderPropertySheet::AddNewPropertyUninitialized
0x00007ff791692f91 (Unity) ShaderPropertySheet::CreateTextureAuxPropertyUninitialized
0x00007ff791693a2e (Unity) ShaderPropertySheet::FillAuxVectors
0x00007ff79168f0ac (Unity) ShaderPropertySheet::AddTextureFromInfo
0x00007ff79169c3a5 (Unity) ShaderPropertySheet::SetTextureWithPlacement
0x00007ff7914ea975 (Unity) RenderTexture::SetGlobalProperty
0x00007ff791744f08 (Unity) ShaderLab::GrabPasses::ApplyGrabPassMainThread
0x00007ff791736f09 (Unity) ShaderLab::Pass::ApplyPass
0x00007ff7916e3f05 (Unity) ApplyMaterialPass
0x00007ff7913dd412 (Unity) BatchRenderer::ApplyShaderPass
0x00007ff79158b48e (Unity) ScriptableRenderLoopDraw
0x00007ff79158bf11 (Unity) ScriptableRenderLoopJob
0x00007ff79189eca3 (Unity) GfxDevice::ExecuteAsync
0x00007ff791b42d3c (Unity) GfxDeviceClient::ExecuteAsync
0x00007ff791589c58 (Unity) ScheduleRenderJobs
0x00007ff791586aa6 (Unity) ExecuteDrawRenderersCommand
0x00007ff791575e1b (Unity) ScriptableRenderContext::ExecuteScriptableRenderLoop
0x00007ff790a8eba9 (Unity) ScriptableRenderContext_CUSTOM_Submit_Internal_Injected
0x000001b3abaea6ca (Mono JIT Code) (wrapper managed-to-native) UnityEngine.Rendering.ScriptableRenderContext:Submit_Internal_Injected (UnityEngine.Rendering.ScriptableRenderContext&)
0x000001b3abaea61b (Mono JIT Code) UnityEngine.Rendering.ScriptableRenderContext:Submit_Internal ()
0x000001b3abaea5d3 (Mono JIT Code) UnityEngine.Rendering.ScriptableRenderContext:Submit ()
0x000001b36ba96803 (Mono JIT Code) [UniversalRenderPipeline.cs:449] UnityEngine.Rendering.Universal.UniversalRenderPipeline:RenderSingleCamera (UnityEngine.Rendering.ScriptableRenderContext,UnityEngine.Rendering.Universal.CameraData,bool) 
0x000001b36ba8f51b (Mono JIT Code) [UniversalRenderPipeline.cs:339] UnityEngine.Rendering.Universal.UniversalRenderPipeline:RenderSingleCamera (UnityEngine.Rendering.ScriptableRenderContext,UnityEngine.Camera) 
0x000001b36ba8741b (Mono JIT Code) [UniversalRenderPipeline.cs:295] UnityEngine.Rendering.Universal.UniversalRenderPipeline:Render (UnityEngine.Rendering.ScriptableRenderContext,System.Collections.Generic.List`1<UnityEngine.Camera>) 
0x000001b36ba86799 (Mono JIT Code) UnityEngine.Rendering.RenderPipeline:InternalRender (UnityEngine.Rendering.ScriptableRenderContext,System.Collections.Generic.List`1<UnityEngine.Camera>)
0x000001b36ba35403 (Mono JIT Code) UnityEngine.Rendering.RenderPipelineManager:DoRenderLoop_Internal (UnityEngine.Rendering.RenderPipelineAsset,intptr,System.Collections.Generic.List`1<UnityEngine.Camera/RenderRequest>,Unity.Collections.LowLevel.Unsafe.AtomicSafetyHandle)
0x000001b36ba355f8 (Mono JIT Code) (wrapper runtime-invoke) <Module>:runtime_invoke_void_object_intptr_object_AtomicSafetyHandle (object,intptr,intptr,intptr)
0x00007fff117bfee4 (mono-2.0-bdwgc) [mini-runtime.c:3445] mono_jit_runtime_invoke 
0x00007fff116feb14 (mono-2.0-bdwgc) [object.c:3066] do_runtime_invoke 
0x00007fff116fecac (mono-2.0-bdwgc) [object.c:3113] mono_runtime_invoke 
0x00007ff791954204 (Unity) scripting_method_invoke
0x00007ff79194ed04 (Unity) ScriptingInvocation::Invoke
0x00007ff791577e4f (Unity) ScriptableRenderContext::ExtractAndExecuteRenderPipeline
0x00007ff791388fa5 (Unity) Camera::CustomRenderWithPipeline
0x00007ff79139eaeb (Unity) Camera::StandaloneCustomRender
0x00007ff79139ed6b (Unity) Camera::StandaloneRender
0x00007ff791395d1f (Unity) CameraScripting::Render
0x00007ff790a0b3cd (Unity) Camera_CUSTOM_Render
0x000001b36ba35161 (Mono JIT Code) (wrapper managed-to-native) UnityEngine.Camera:Render (UnityEngine.Camera)
0x000001b36ba346e3 (Mono JIT Code) UnityEditor.PreviewRenderUtility:Render (bool,bool)
0x000001b3abaf7b6b (Mono JIT Code) UnityEditor.MaterialEditor:DoRenderPreview (UnityEditor.PreviewRenderUtility,bool)
0x000001b3abaf22c3 (Mono JIT Code) UnityEditor.MaterialEditor:RenderStaticPreview (string,UnityEngine.Object[],int,int)
0x000001b36ba143e0 (Mono JIT Code) UnityEditor.AssetPreviewUpdater:CreatePreview (UnityEngine.Object,UnityEngine.Object[],string,int,int)
0x000001b36ba140c3 (Mono JIT Code) UnityEditor.AssetPreviewUpdater:CreatePreviewForAsset (UnityEngine.Object,UnityEngine.Object[],string)
0x000001b36ba14180 (Mono JIT Code) (wrapper runtime-invoke) <Module>:runtime_invoke_object_object_object_object (object,intptr,intptr,intptr)
0x00007fff117bfee4 (mono-2.0-bdwgc) [mini-runtime.c:3445] mono_jit_runtime_invoke 
0x00007fff116feb14 (mono-2.0-bdwgc) [object.c:3066] do_runtime_invoke 
0x00007fff116fecac (mono-2.0-bdwgc) [object.c:3113] mono_runtime_invoke 
0x00007ff791954204 (Unity) scripting_method_invoke
0x00007ff79194ed04 (Unity) ScriptingInvocation::Invoke
0x00007ff792cba0ac (Unity) MonoCreateAssetPreview
0x00007ff792cb8e11 (Unity) WriteAssetPreviewToFile
0x00007ff792cb95d3 (Unity) WritePreviews
0x00007ff792cb0bf5 (Unity) PreviewImporter::GenerateAssetData
0x00007ff792cf7941 (Unity) ImportToObjects
0x00007ff792cf68d3 (Unity) ImportAsset
0x00007ff792d19957 (Unity) AssetImportWorker::Import
0x00007ff792d81c44 (Unity) <lambda_d18e3400227f702c19ede75248229b18>::operator()
0x00007ff792dbb2b2 (Unity) asio::detail::completion_handler<core::mutable_function<void __cdecl(void)> >::do_complete
0x00007ff792dbd53d (Unity) asio::detail::win_iocp_io_service::do_one
0x00007ff792dc095e (Unity) asio::io_service::run
0x00007ff792db9751 (Unity) IOService::Run
0x00007ff792d91ddf (Unity) AssetImportWorkerClient::Run
0x00007ff792d5cfe3 (Unity) RunAssetImportWorkerClientV2
0x00007ff792d5d06b (Unity) RunAssetImporterV2
0x00007ff79256ba0e (Unity) Application::InitializeProject
0x00007ff7929e2beb (Unity) WinMain
0x00007ff793d2de0e (Unity) __scrt_common_main_seh
0x00007fff8f337034 (KERNEL32) BaseThreadInitThunk
0x00007fff90082651 (ntdll) RtlUserThreadStart

Shader properties can't be added to this global property sheet. Trying to add _HBlur_TexelSize (type 2 count 1)
0x00007ff791a2f53d (Unity) StackWalker::GetCurrentCallstack
0x00007ff791a362b9 (Unity) StackWalker::ShowCallstack
0x00007ff7929d84c3 (Unity) GetStacktrace
0x00007ff79307def3 (Unity) DebugStringToFile
0x00007ff79168de6b (Unity) ShaderPropertySheet::AddNewPropertyUninitialized
0x00007ff791692f91 (Unity) ShaderPropertySheet::CreateTextureAuxPropertyUninitialized
0x00007ff791693a95 (Unity) ShaderPropertySheet::FillAuxVectors
0x00007ff79168f0ac (Unity) ShaderPropertySheet::AddTextureFromInfo
0x00007ff79169c3a5 (Unity) ShaderPropertySheet::SetTextureWithPlacement
0x00007ff7914ea975 (Unity) RenderTexture::SetGlobalProperty
0x00007ff791744f08 (Unity) ShaderLab::GrabPasses::ApplyGrabPassMainThread
0x00007ff791736f09 (Unity) ShaderLab::Pass::ApplyPass
0x00007ff7916e3f05 (Unity) ApplyMaterialPass
0x00007ff7913dd412 (Unity) BatchRenderer::ApplyShaderPass
0x00007ff79158b48e (Unity) ScriptableRenderLoopDraw
0x00007ff79158bf11 (Unity) ScriptableRenderLoopJob
0x00007ff79189eca3 (Unity) GfxDevice::ExecuteAsync
0x00007ff791b42d3c (Unity) GfxDeviceClient::ExecuteAsync
0x00007ff791589c58 (Unity) ScheduleRenderJobs
0x00007ff791586aa6 (Unity) ExecuteDrawRenderersCommand
0x00007ff791575e1b (Unity) ScriptableRenderContext::ExecuteScriptableRenderLoop
0x00007ff790a8eba9 (Unity) ScriptableRenderContext_CUSTOM_Submit_Internal_Injected
0x000001b3abaea6ca (Mono JIT Code) (wrapper managed-to-native) UnityEngine.Rendering.ScriptableRenderContext:Submit_Internal_Injected (UnityEngine.Rendering.ScriptableRenderContext&)
0x000001b3abaea61b (Mono JIT Code) UnityEngine.Rendering.ScriptableRenderContext:Submit_Internal ()
0x000001b3abaea5d3 (Mono JIT Code) UnityEngine.Rendering.ScriptableRenderContext:Submit ()
0x000001b36ba96803 (Mono JIT Code) [UniversalRenderPipeline.cs:449] UnityEngine.Rendering.Universal.UniversalRenderPipeline:RenderSingleCamera (UnityEngine.Rendering.ScriptableRenderContext,UnityEngine.Rendering.Universal.CameraData,bool) 
0x000001b36ba8f51b (Mono JIT Code) [UniversalRenderPipeline.cs:339] UnityEngine.Rendering.Universal.UniversalRenderPipeline:RenderSingleCamera (UnityEngine.Rendering.ScriptableRenderContext,UnityEngine.Camera) 
0x000001b36ba8741b (Mono JIT Code) [UniversalRenderPipeline.cs:295] UnityEngine.Rendering.Universal.UniversalRenderPipeline:Render (UnityEngine.Rendering.ScriptableRenderContext,System.Collections.Generic.List`1<UnityEngine.Camera>) 
0x000001b36ba86799 (Mono JIT Code) UnityEngine.Rendering.RenderPipeline:InternalRender (UnityEngine.Rendering.ScriptableRenderContext,System.Collections.Generic.List`1<UnityEngine.Camera>)
0x000001b36ba35403 (Mono JIT Code) UnityEngine.Rendering.RenderPipelineManager:DoRenderLoop_Internal (UnityEngine.Rendering.RenderPipelineAsset,intptr,System.Collections.Generic.List`1<UnityEngine.Camera/RenderRequest>,Unity.Collections.LowLevel.Unsafe.AtomicSafetyHandle)
0x000001b36ba355f8 (Mono JIT Code) (wrapper runtime-invoke) <Module>:runtime_invoke_void_object_intptr_object_AtomicSafetyHandle (object,intptr,intptr,intptr)
0x00007fff117bfee4 (mono-2.0-bdwgc) [mini-runtime.c:3445] mono_jit_runtime_invoke 
0x00007fff116feb14 (mono-2.0-bdwgc) [object.c:3066] do_runtime_invoke 
0x00007fff116fecac (mono-2.0-bdwgc) [object.c:3113] mono_runtime_invoke 
0x00007ff791954204 (Unity) scripting_method_invoke
0x00007ff79194ed04 (Unity) ScriptingInvocation::Invoke
0x00007ff791577e4f (Unity) ScriptableRenderContext::ExtractAndExecuteRenderPipeline
0x00007ff791388fa5 (Unity) Camera::CustomRenderWithPipeline
0x00007ff79139eaeb (Unity) Camera::StandaloneCustomRender
0x00007ff79139ed6b (Unity) Camera::StandaloneRender
0x00007ff791395d1f (Unity) CameraScripting::Render
0x00007ff790a0b3cd (Unity) Camera_CUSTOM_Render
0x000001b36ba35161 (Mono JIT Code) (wrapper managed-to-native) UnityEngine.Camera:Render (UnityEngine.Camera)
0x000001b36ba346e3 (Mono JIT Code) UnityEditor.PreviewRenderUtility:Render (bool,bool)
0x000001b3abaf7b6b (Mono JIT Code) UnityEditor.MaterialEditor:DoRenderPreview (UnityEditor.PreviewRenderUtility,bool)
0x000001b3abaf22c3 (Mono JIT Code) UnityEditor.MaterialEditor:RenderStaticPreview (string,UnityEngine.Object[],int,int)
0x000001b36ba143e0 (Mono JIT Code) UnityEditor.AssetPreviewUpdater:CreatePreview (UnityEngine.Object,UnityEngine.Object[],string,int,int)
0x000001b36ba140c3 (Mono JIT Code) UnityEditor.AssetPreviewUpdater:CreatePreviewForAsset (UnityEngine.Object,UnityEngine.Object[],string)
0x000001b36ba14180 (Mono JIT Code) (wrapper runtime-invoke) <Module>:runtime_invoke_object_object_object_object (object,intptr,intptr,intptr)
0x00007fff117bfee4 (mono-2.0-bdwgc) [mini-runtime.c:3445] mono_jit_runtime_invoke 
0x00007fff116feb14 (mono-2.0-bdwgc) [object.c:3066] do_runtime_invoke 
0x00007fff116fecac (mono-2.0-bdwgc) [object.c:3113] mono_runtime_invoke 
0x00007ff791954204 (Unity) scripting_method_invoke
0x00007ff79194ed04 (Unity) ScriptingInvocation::Invoke
0x00007ff792cba0ac (Unity) MonoCreateAssetPreview
0x00007ff792cb8e11 (Unity) WriteAssetPreviewToFile
0x00007ff792cb95d3 (Unity) WritePreviews
0x00007ff792cb0bf5 (Unity) PreviewImporter::GenerateAssetData
0x00007ff792cf7941 (Unity) ImportToObjects
0x00007ff792cf68d3 (Unity) ImportAsset
0x00007ff792d19957 (Unity) AssetImportWorker::Import
0x00007ff792d81c44 (Unity) <lambda_d18e3400227f702c19ede75248229b18>::operator()
0x00007ff792dbb2b2 (Unity) asio::detail::completion_handler<core::mutable_function<void __cdecl(void)> >::do_complete
0x00007ff792dbd53d (Unity) asio::detail::win_iocp_io_service::do_one
0x00007ff792dc095e (Unity) asio::io_service::run
0x00007ff792db9751 (Unity) IOService::Run
0x00007ff792d91ddf (Unity) AssetImportWorkerClient::Run
0x00007ff792d5cfe3 (Unity) RunAssetImportWorkerClientV2
0x00007ff792d5d06b (Unity) RunAssetImporterV2
0x00007ff79256ba0e (Unity) Application::InitializeProject
0x00007ff7929e2beb (Unity) WinMain
0x00007ff793d2de0e (Unity) __scrt_common_main_seh
0x00007fff8f337034 (KERNEL32) BaseThreadInitThunk
0x00007fff90082651 (ntdll) RtlUserThreadStart

Shader properties can't be added to this global property sheet. Trying to add _HBlur_HDR (type 2 count 1)
0x00007ff791a2f53d (Unity) StackWalker::GetCurrentCallstack
0x00007ff791a362b9 (Unity) StackWalker::ShowCallstack
0x00007ff7929d84c3 (Unity) GetStacktrace
0x00007ff79307def3 (Unity) DebugStringToFile
0x00007ff79168de6b (Unity) ShaderPropertySheet::AddNewPropertyUninitialized
0x00007ff791692f91 (Unity) ShaderPropertySheet::CreateTextureAuxPropertyUninitialized
0x00007ff791693b1f (Unity) ShaderPropertySheet::FillAuxVectors
0x00007ff79168f0ac (Unity) ShaderPropertySheet::AddTextureFromInfo
0x00007ff79169c3a5 (Unity) ShaderPropertySheet::SetTextureWithPlacement
0x00007ff7914ea975 (Unity) RenderTexture::SetGlobalProperty
0x00007ff791744f08 (Unity) ShaderLab::GrabPasses::ApplyGrabPassMainThread
0x00007ff791736f09 (Unity) ShaderLab::Pass::ApplyPass
0x00007ff7916e3f05 (Unity) ApplyMaterialPass
0x00007ff7913dd412 (Unity) BatchRenderer::ApplyShaderPass
0x00007ff79158b48e (Unity) ScriptableRenderLoopDraw
0x00007ff79158bf11 (Unity) ScriptableRenderLoopJob
0x00007ff79189eca3 (Unity) GfxDevice::ExecuteAsync
0x00007ff791b42d3c (Unity) GfxDeviceClient::ExecuteAsync
0x00007ff791589c58 (Unity) ScheduleRenderJobs
0x00007ff791586aa6 (Unity) ExecuteDrawRenderersCommand
0x00007ff791575e1b (Unity) ScriptableRenderContext::ExecuteScriptableRenderLoop
0x00007ff790a8eba9 (Unity) ScriptableRenderContext_CUSTOM_Submit_Internal_Injected
0x000001b3abaea6ca (Mono JIT Code) (wrapper managed-to-native) UnityEngine.Rendering.ScriptableRenderContext:Submit_Internal_Injected (UnityEngine.Rendering.ScriptableRenderContext&)
0x000001b3abaea61b (Mono JIT Code) UnityEngine.Rendering.ScriptableRenderContext:Submit_Internal ()
0x000001b3abaea5d3 (Mono JIT Code) UnityEngine.Rendering.ScriptableRenderContext:Submit ()
0x000001b36ba96803 (Mono JIT Code) [UniversalRenderPipeline.cs:449] UnityEngine.Rendering.Universal.UniversalRenderPipeline:RenderSingleCamera (UnityEngine.Rendering.ScriptableRenderContext,UnityEngine.Rendering.Universal.CameraData,bool) 
0x000001b36ba8f51b (Mono JIT Code) [UniversalRenderPipeline.cs:339] UnityEngine.Rendering.Universal.UniversalRenderPipeline:RenderSingleCamera (UnityEngine.Rendering.ScriptableRenderContext,UnityEngine.Camera) 
0x000001b36ba8741b (Mono JIT Code) [UniversalRenderPipeline.cs:295] UnityEngine.Rendering.Universal.UniversalRenderPipeline:Render (UnityEngine.Rendering.ScriptableRenderContext,System.Collections.Generic.List`1<UnityEngine.Camera>) 
0x000001b36ba86799 (Mono JIT Code) UnityEngine.Rendering.RenderPipeline:InternalRender (UnityEngine.Rendering.ScriptableRenderContext,System.Collections.Generic.List`1<UnityEngine.Camera>)
0x000001b36ba35403 (Mono JIT Code) UnityEngine.Rendering.RenderPipelineManager:DoRenderLoop_Internal (UnityEngine.Rendering.RenderPipelineAsset,intptr,System.Collections.Generic.List`1<UnityEngine.Camera/RenderRequest>,Unity.Collections.LowLevel.Unsafe.AtomicSafetyHandle)
0x000001b36ba355f8 (Mono JIT Code) (wrapper runtime-invoke) <Module>:runtime_invoke_void_object_intptr_object_AtomicSafetyHandle (object,intptr,intptr,intptr)
0x00007fff117bfee4 (mono-2.0-bdwgc) [mini-runtime.c:3445] mono_jit_runtime_invoke 
0x00007fff116feb14 (mono-2.0-bdwgc) [object.c:3066] do_runtime_invoke 
0x00007fff116fecac (mono-2.0-bdwgc) [object.c:3113] mono_runtime_invoke 
0x00007ff791954204 (Unity) scripting_method_invoke
0x00007ff79194ed04 (Unity) ScriptingInvocation::Invoke
0x00007ff791577e4f (Unity) ScriptableRenderContext::ExtractAndExecuteRenderPipeline
0x00007ff791388fa5 (Unity) Camera::CustomRenderWithPipeline
0x00007ff79139eaeb (Unity) Camera::StandaloneCustomRender
0x00007ff79139ed6b (Unity) Camera::StandaloneRender
0x00007ff791395d1f (Unity) CameraScripting::Render
0x00007ff790a0b3cd (Unity) Camera_CUSTOM_Render
0x000001b36ba35161 (Mono JIT Code) (wrapper managed-to-native) UnityEngine.Camera:Render (UnityEngine.Camera)
0x000001b36ba346e3 (Mono JIT Code) UnityEditor.PreviewRenderUtility:Render (bool,bool)
0x000001b3abaf7b6b (Mono JIT Code) UnityEditor.MaterialEditor:DoRenderPreview (UnityEditor.PreviewRenderUtility,bool)
0x000001b3abaf22c3 (Mono JIT Code) UnityEditor.MaterialEditor:RenderStaticPreview (string,UnityEngine.Object[],int,int)
0x000001b36ba143e0 (Mono JIT Code) UnityEditor.AssetPreviewUpdater:CreatePreview (UnityEngine.Object,UnityEngine.Object[],string,int,int)
0x000001b36ba140c3 (Mono JIT Code) UnityEditor.AssetPreviewUpdater:CreatePreviewForAsset (UnityEngine.Object,UnityEngine.Object[],string)
0x000001b36ba14180 (Mono JIT Code) (wrapper runtime-invoke) <Module>:runtime_invoke_object_object_object_object (object,intptr,intptr,intptr)
0x00007fff117bfee4 (mono-2.0-bdwgc) [mini-runtime.c:3445] mono_jit_runtime_invoke 
0x00007fff116feb14 (mono-2.0-bdwgc) [object.c:3066] do_runtime_invoke 
0x00007fff116fecac (mono-2.0-bdwgc) [object.c:3113] mono_runtime_invoke 
0x00007ff791954204 (Unity) scripting_method_invoke
0x00007ff79194ed04 (Unity) ScriptingInvocation::Invoke
0x00007ff792cba0ac (Unity) MonoCreateAssetPreview
0x00007ff792cb8e11 (Unity) WriteAssetPreviewToFile
0x00007ff792cb95d3 (Unity) WritePreviews
0x00007ff792cb0bf5 (Unity) PreviewImporter::GenerateAssetData
0x00007ff792cf7941 (Unity) ImportToObjects
0x00007ff792cf68d3 (Unity) ImportAsset
0x00007ff792d19957 (Unity) AssetImportWorker::Import
0x00007ff792d81c44 (Unity) <lambda_d18e3400227f702c19ede75248229b18>::operator()
0x00007ff792dbb2b2 (Unity) asio::detail::completion_handler<core::mutable_function<void __cdecl(void)> >::do_complete
0x00007ff792dbd53d (Unity) asio::detail::win_iocp_io_service::do_one
0x00007ff792dc095e (Unity) asio::io_service::run
0x00007ff792db9751 (Unity) IOService::Run
0x00007ff792d91ddf (Unity) AssetImportWorkerClient::Run
0x00007ff792d5cfe3 (Unity) RunAssetImportWorkerClientV2
0x00007ff792d5d06b (Unity) RunAssetImporterV2
0x00007ff79256ba0e (Unity) Application::InitializeProject
0x00007ff7929e2beb (Unity) WinMain
0x00007ff793d2de0e (Unity) __scrt_common_main_seh
0x00007fff8f337034 (KERNEL32) BaseThreadInitThunk
0x00007fff90082651 (ntdll) RtlUserThreadStart

Shader properties can't be added to this global property sheet. Trying to add _HBlur (type 4 count 1)
0x00007ff791a2f53d (Unity) StackWalker::GetCurrentCallstack
0x00007ff791a362b9 (Unity) StackWalker::ShowCallstack
0x00007ff7929d84c3 (Unity) GetStacktrace
0x00007ff79307def3 (Unity) DebugStringToFile
0x00007ff79168de6b (Unity) ShaderPropertySheet::AddNewPropertyUninitialized
0x00007ff79168f0c0 (Unity) ShaderPropertySheet::AddTextureFromInfo
0x00007ff79169c3a5 (Unity) ShaderPropertySheet::SetTextureWithPlacement
0x00007ff7914ea975 (Unity) RenderTexture::SetGlobalProperty
0x00007ff791744f08 (Unity) ShaderLab::GrabPasses::ApplyGrabPassMainThread
0x00007ff791736f09 (Unity) ShaderLab::Pass::ApplyPass
0x00007ff7916e3f05 (Unity) ApplyMaterialPass
0x00007ff7913dd412 (Unity) BatchRenderer::ApplyShaderPass
0x00007ff79158b48e (Unity) ScriptableRenderLoopDraw
0x00007ff79158bf11 (Unity) ScriptableRenderLoopJob
0x00007ff79189eca3 (Unity) GfxDevice::ExecuteAsync
0x00007ff791b42d3c (Unity) GfxDeviceClient::ExecuteAsync
0x00007ff791589c58 (Unity) ScheduleRenderJobs
0x00007ff791586aa6 (Unity) ExecuteDrawRenderersCommand
0x00007ff791575e1b (Unity) ScriptableRenderContext::ExecuteScriptableRenderLoop
0x00007ff790a8eba9 (Unity) ScriptableRenderContext_CUSTOM_Submit_Internal_Injected
0x000001b3abaea6ca (Mono JIT Code) (wrapper managed-to-native) UnityEngine.Rendering.ScriptableRenderContext:Submit_Internal_Injected (UnityEngine.Rendering.ScriptableRenderContext&)
0x000001b3abaea61b (Mono JIT Code) UnityEngine.Rendering.ScriptableRenderContext:Submit_Internal ()
0x000001b3abaea5d3 (Mono JIT Code) UnityEngine.Rendering.ScriptableRenderContext:Submit ()
0x000001b36ba96803 (Mono JIT Code) [UniversalRenderPipeline.cs:449] UnityEngine.Rendering.Universal.UniversalRenderPipeline:RenderSingleCamera (UnityEngine.Rendering.ScriptableRenderContext,UnityEngine.Rendering.Universal.CameraData,bool) 
0x000001b36ba8f51b (Mono JIT Code) [UniversalRenderPipeline.cs:339] UnityEngine.Rendering.Universal.UniversalRenderPipeline:RenderSingleCamera (UnityEngine.Rendering.ScriptableRenderContext,UnityEngine.Camera) 
0x000001b36ba8741b (Mono JIT Code) [UniversalRenderPipeline.cs:295] UnityEngine.Rendering.Universal.UniversalRenderPipeline:Render (UnityEngine.Rendering.ScriptableRenderContext,System.Collections.Generic.List`1<UnityEngine.Camera>) 
0x000001b36ba86799 (Mono JIT Code) UnityEngine.Rendering.RenderPipeline:InternalRender (UnityEngine.Rendering.ScriptableRenderContext,System.Collections.Generic.List`1<UnityEngine.Camera>)
0x000001b36ba35403 (Mono JIT Code) UnityEngine.Rendering.RenderPipelineManager:DoRenderLoop_Internal (UnityEngine.Rendering.RenderPipelineAsset,intptr,System.Collections.Generic.List`1<UnityEngine.Camera/RenderRequest>,Unity.Collections.LowLevel.Unsafe.AtomicSafetyHandle)
0x000001b36ba355f8 (Mono JIT Code) (wrapper runtime-invoke) <Module>:runtime_invoke_void_object_intptr_object_AtomicSafetyHandle (object,intptr,intptr,intptr)
0x00007fff117bfee4 (mono-2.0-bdwgc) [mini-runtime.c:3445] mono_jit_runtime_invoke 
0x00007fff116feb14 (mono-2.0-bdwgc) [object.c:3066] do_runtime_invoke 
0x00007fff116fecac (mono-2.0-bdwgc) [object.c:3113] mono_runtime_invoke 
0x00007ff791954204 (Unity) scripting_method_invoke
0x00007ff79194ed04 (Unity) ScriptingInvocation::Invoke
0x00007ff791577e4f (Unity) ScriptableRenderContext::ExtractAndExecuteRenderPipeline
0x00007ff791388fa5 (Unity) Camera::CustomRenderWithPipeline
0x00007ff79139eaeb (Unity) Camera::StandaloneCustomRender
0x00007ff79139ed6b (Unity) Camera::StandaloneRender
0x00007ff791395d1f (Unity) CameraScripting::Render
0x00007ff790a0b3cd (Unity) Camera_CUSTOM_Render
0x000001b36ba35161 (Mono JIT Code) (wrapper managed-to-native) UnityEngine.Camera:Render (UnityEngine.Camera)
0x000001b36ba346e3 (Mono JIT Code) UnityEditor.PreviewRenderUtility:Render (bool,bool)
0x000001b3abaf7b6b (Mono JIT Code) UnityEditor.MaterialEditor:DoRenderPreview (UnityEditor.PreviewRenderUtility,bool)
0x000001b3abaf22c3 (Mono JIT Code) UnityEditor.MaterialEditor:RenderStaticPreview (string,UnityEngine.Object[],int,int)
0x000001b36ba143e0 (Mono JIT Code) UnityEditor.AssetPreviewUpdater:CreatePreview (UnityEngine.Object,UnityEngine.Object[],string,int,int)
0x000001b36ba140c3 (Mono JIT Code) UnityEditor.AssetPreviewUpdater:CreatePreviewForAsset (UnityEngine.Object,UnityEngine.Object[],string)
0x000001b36ba14180 (Mono JIT Code) (wrapper runtime-invoke) <Module>:runtime_invoke_object_object_object_object (object,intptr,intptr,intptr)
0x00007fff117bfee4 (mono-2.0-bdwgc) [mini-runtime.c:3445] mono_jit_runtime_invoke 
0x00007fff116feb14 (mono-2.0-bdwgc) [object.c:3066] do_runtime_invoke 
0x00007fff116fecac (mono-2.0-bdwgc) [object.c:3113] mono_runtime_invoke 
0x00007ff791954204 (Unity) scripting_method_invoke
0x00007ff79194ed04 (Unity) ScriptingInvocation::Invoke
0x00007ff792cba0ac (Unity) MonoCreateAssetPreview
0x00007ff792cb8e11 (Unity) WriteAssetPreviewToFile
0x00007ff792cb95d3 (Unity) WritePreviews
0x00007ff792cb0bf5 (Unity) PreviewImporter::GenerateAssetData
0x00007ff792cf7941 (Unity) ImportToObjects
0x00007ff792cf68d3 (Unity) ImportAsset
0x00007ff792d19957 (Unity) AssetImportWorker::Import
0x00007ff792d81c44 (Unity) <lambda_d18e3400227f702c19ede75248229b18>::operator()
0x00007ff792dbb2b2 (Unity) asio::detail::completion_handler<core::mutable_function<void __cdecl(void)> >::do_complete
0x00007ff792dbd53d (Unity) asio::detail::win_iocp_io_service::do_one
0x00007ff792dc095e (Unity) asio::io_service::run
0x00007ff792db9751 (Unity) IOService::Run
0x00007ff792d91ddf (Unity) AssetImportWorkerClient::Run
0x00007ff792d5cfe3 (Unity) RunAssetImportWorkerClientV2
0x00007ff792d5d06b (Unity) RunAssetImporterV2
0x00007ff79256ba0e (Unity) Application::InitializeProject
0x00007ff7929e2beb (Unity) WinMain
0x00007ff793d2de0e (Unity) __scrt_common_main_seh
0x00007fff8f337034 (KERNEL32) BaseThreadInitThunk
0x00007fff90082651 (ntdll) RtlUserThreadStart

 -> (artifact id: '103f96ba78e116cd6ecb0779270929a2') in 0.031706 seconds 
========================================================================
Received Import Request.
  Time since last request: 0.000027 seconds.
  path: Assets/Player/Model/visor.mat
  artifactKey: Guid(a5cafeffe0b43d54aa85e75249dd9635) Importer(815301076,1909f56bfc062723c751e8b465ee728b)
Start importing Assets/Player/Model/visor.mat using Guid(a5cafeffe0b43d54aa85e75249dd9635) Importer(815301076,1909f56bfc062723c751e8b465ee728b)  -> (artifact id: 'a0cf3fc0b154402a43807bdc663c1ab3') in 0.016054 seconds 
========================================================================
Received Import Request.
  Time since last request: 0.000030 seconds.
  path: Assets/Mummy/Materials/Weapon/sickleMat.mat
  artifactKey: Guid(7524de0e2ee72a64cb4b2013b6ba2db3) Importer(815301076,1909f56bfc062723c751e8b465ee728b)
Start importing Assets/Mummy/Materials/Weapon/sickleMat.mat using Guid(7524de0e2ee72a64cb4b2013b6ba2db3) Importer(815301076,1909f56bfc062723c751e8b465ee728b)  -> (artifact id: '8224063000822902e0f6f852845509d7') in 1.595109 seconds 
========================================================================
Received Import Request.
  Time since last request: 0.000035 seconds.
  path: Assets/Mummy/Animations/Materials/lambert10.mat
  artifactKey: Guid(3672b00696334b343b4e605c8bf3c630) Importer(815301076,1909f56bfc062723c751e8b465ee728b)
Start importing Assets/Mummy/Animations/Materials/lambert10.mat using Guid(3672b00696334b343b4e605c8bf3c630) Importer(815301076,1909f56bfc062723c751e8b465ee728b)  -> (artifact id: '4d6a817204972c6f1b6cf5d3b2587c82') in 0.024013 seconds 
========================================================================
Received Import Request.
  Time since last request: 0.000046 seconds.
  path: Assets/FC_GoblinRanger/Weapon/Arrow_01/Materials/MAT_Arrow_01.mat
  artifactKey: Guid(cfdaab7b013961945824b8fe58d44af4) Importer(815301076,1909f56bfc062723c751e8b465ee728b)
Start importing Assets/FC_GoblinRanger/Weapon/Arrow_01/Materials/MAT_Arrow_01.mat using Guid(cfdaab7b013961945824b8fe58d44af4) Importer(815301076,1909f56bfc062723c751e8b465ee728b)  -> (artifact id: '368a841192c0e0eaf5299cc1d8adae4c') in 1.685462 seconds 
========================================================================
Received Import Request.
  Time since last request: 0.000039 seconds.
  path: Assets/TextMesh Pro/Resources/Fonts & Materials/LiberationSans SDF - Fallback.asset
  artifactKey: Guid(2e498d1c8094910479dc3e1b768306a4) Importer(815301076,1909f56bfc062723c751e8b465ee728b)
Start importing Assets/TextMesh Pro/Resources/Fonts & Materials/LiberationSans SDF - Fallback.asset using Guid(2e498d1c8094910479dc3e1b768306a4) Importer(815301076,1909f56bfc062723c751e8b465ee728b)  -> (artifact id: '9d6e453d87ce5e072cae94e8ad8701a2') in 0.038649 seconds 
========================================================================
Received Import Request.
  Time since last request: 0.000042 seconds.
  path: Assets/FC_GoblinRanger/R1/Materials/MAT_Goblin_Ranger_WH_R1.mat
  artifactKey: Guid(b68bf84044f6c5142a837f967f3e09a3) Importer(815301076,1909f56bfc062723c751e8b465ee728b)
Start importing Assets/FC_GoblinRanger/R1/Materials/MAT_Goblin_Ranger_WH_R1.mat using Guid(b68bf84044f6c5142a837f967f3e09a3) Importer(815301076,1909f56bfc062723c751e8b465ee728b)  -> (artifact id: '83501103e4c706b568ea3595fb780515') in 0.565973 seconds 
========================================================================
Received Import Request.
  Time since last request: 0.000027 seconds.
  path: Assets/Shift - Complete Sci-Fi UI/Materials/Minimap Blur.mat
  artifactKey: Guid(e67bc103c96cb1d40a6f974908030456) Importer(815301076,1909f56bfc062723c751e8b465ee728b)
Start importing Assets/Shift - Complete Sci-Fi UI/Materials/Minimap Blur.mat using Guid(e67bc103c96cb1d40a6f974908030456) Importer(815301076,1909f56bfc062723c751e8b465ee728b) Shader properties can't be added to this global property sheet. Trying to add _HBlur_ST (type 2 count 1)
0x00007ff791a2f53d (Unity) StackWalker::GetCurrentCallstack
0x00007ff791a362b9 (Unity) StackWalker::ShowCallstack
0x00007ff7929d84c3 (Unity) GetStacktrace
0x00007ff79307def3 (Unity) DebugStringToFile
0x00007ff79168de6b (Unity) ShaderPropertySheet::AddNewPropertyUninitialized
0x00007ff791692f91 (Unity) ShaderPropertySheet::CreateTextureAuxPropertyUninitialized
0x00007ff791693a2e (Unity) ShaderPropertySheet::FillAuxVectors
0x00007ff79168f0ac (Unity) ShaderPropertySheet::AddTextureFromInfo
0x00007ff79169c3a5 (Unity) ShaderPropertySheet::SetTextureWithPlacement
0x00007ff7914ea975 (Unity) RenderTexture::SetGlobalProperty
0x00007ff791744f08 (Unity) ShaderLab::GrabPasses::ApplyGrabPassMainThread
0x00007ff791736f09 (Unity) ShaderLab::Pass::ApplyPass
0x00007ff7916e3f05 (Unity) ApplyMaterialPass
0x00007ff7913dd412 (Unity) BatchRenderer::ApplyShaderPass
0x00007ff79158b48e (Unity) ScriptableRenderLoopDraw
0x00007ff79158bf11 (Unity) ScriptableRenderLoopJob
0x00007ff79189eca3 (Unity) GfxDevice::ExecuteAsync
0x00007ff791b42d3c (Unity) GfxDeviceClient::ExecuteAsync
0x00007ff791589c58 (Unity) ScheduleRenderJobs
0x00007ff791586aa6 (Unity) ExecuteDrawRenderersCommand
0x00007ff791575e1b (Unity) ScriptableRenderContext::ExecuteScriptableRenderLoop
0x00007ff790a8eba9 (Unity) ScriptableRenderContext_CUSTOM_Submit_Internal_Injected
0x000001b3abaea6ca (Mono JIT Code) (wrapper managed-to-native) UnityEngine.Rendering.ScriptableRenderContext:Submit_Internal_Injected (UnityEngine.Rendering.ScriptableRenderContext&)
0x000001b3abaea61b (Mono JIT Code) UnityEngine.Rendering.ScriptableRenderContext:Submit_Internal ()
0x000001b3abaea5d3 (Mono JIT Code) UnityEngine.Rendering.ScriptableRenderContext:Submit ()
0x000001b36ba96803 (Mono JIT Code) [UniversalRenderPipeline.cs:449] UnityEngine.Rendering.Universal.UniversalRenderPipeline:RenderSingleCamera (UnityEngine.Rendering.ScriptableRenderContext,UnityEngine.Rendering.Universal.CameraData,bool) 
0x000001b36ba8f51b (Mono JIT Code) [UniversalRenderPipeline.cs:339] UnityEngine.Rendering.Universal.UniversalRenderPipeline:RenderSingleCamera (UnityEngine.Rendering.ScriptableRenderContext,UnityEngine.Camera) 
0x000001b36ba8741b (Mono JIT Code) [UniversalRenderPipeline.cs:295] UnityEngine.Rendering.Universal.UniversalRenderPipeline:Render (UnityEngine.Rendering.ScriptableRenderContext,System.Collections.Generic.List`1<UnityEngine.Camera>) 
0x000001b36ba86799 (Mono JIT Code) UnityEngine.Rendering.RenderPipeline:InternalRender (UnityEngine.Rendering.ScriptableRenderContext,System.Collections.Generic.List`1<UnityEngine.Camera>)
0x000001b36ba35403 (Mono JIT Code) UnityEngine.Rendering.RenderPipelineManager:DoRenderLoop_Internal (UnityEngine.Rendering.RenderPipelineAsset,intptr,System.Collections.Generic.List`1<UnityEngine.Camera/RenderRequest>,Unity.Collections.LowLevel.Unsafe.AtomicSafetyHandle)
0x000001b36ba355f8 (Mono JIT Code) (wrapper runtime-invoke) <Module>:runtime_invoke_void_object_intptr_object_AtomicSafetyHandle (object,intptr,intptr,intptr)
0x00007fff117bfee4 (mono-2.0-bdwgc) [mini-runtime.c:3445] mono_jit_runtime_invoke 
0x00007fff116feb14 (mono-2.0-bdwgc) [object.c:3066] do_runtime_invoke 
0x00007fff116fecac (mono-2.0-bdwgc) [object.c:3113] mono_runtime_invoke 
0x00007ff791954204 (Unity) scripting_method_invoke
0x00007ff79194ed04 (Unity) ScriptingInvocation::Invoke
0x00007ff791577e4f (Unity) ScriptableRenderContext::ExtractAndExecuteRenderPipeline
0x00007ff791388fa5 (Unity) Camera::CustomRenderWithPipeline
0x00007ff79139eaeb (Unity) Camera::StandaloneCustomRender
0x00007ff79139ed6b (Unity) Camera::StandaloneRender
0x00007ff791395d1f (Unity) CameraScripting::Render
0x00007ff790a0b3cd (Unity) Camera_CUSTOM_Render
0x000001b36ba35161 (Mono JIT Code) (wrapper managed-to-native) UnityEngine.Camera:Render (UnityEngine.Camera)
0x000001b36ba346e3 (Mono JIT Code) UnityEditor.PreviewRenderUtility:Render (bool,bool)
0x000001b3abaf7b6b (Mono JIT Code) UnityEditor.MaterialEditor:DoRenderPreview (UnityEditor.PreviewRenderUtility,bool)
0x000001b3abaf22c3 (Mono JIT Code) UnityEditor.MaterialEditor:RenderStaticPreview (string,UnityEngine.Object[],int,int)
0x000001b36ba143e0 (Mono JIT Code) UnityEditor.AssetPreviewUpdater:CreatePreview (UnityEngine.Object,UnityEngine.Object[],string,int,int)
0x000001b36ba140c3 (Mono JIT Code) UnityEditor.AssetPreviewUpdater:CreatePreviewForAsset (UnityEngine.Object,UnityEngine.Object[],string)
0x000001b36ba14180 (Mono JIT Code) (wrapper runtime-invoke) <Module>:runtime_invoke_object_object_object_object (object,intptr,intptr,intptr)
0x00007fff117bfee4 (mono-2.0-bdwgc) [mini-runtime.c:3445] mono_jit_runtime_invoke 
0x00007fff116feb14 (mono-2.0-bdwgc) [object.c:3066] do_runtime_invoke 
0x00007fff116fecac (mono-2.0-bdwgc) [object.c:3113] mono_runtime_invoke 
0x00007ff791954204 (Unity) scripting_method_invoke
0x00007ff79194ed04 (Unity) ScriptingInvocation::Invoke
0x00007ff792cba0ac (Unity) MonoCreateAssetPreview
0x00007ff792cb8e11 (Unity) WriteAssetPreviewToFile
0x00007ff792cb95d3 (Unity) WritePreviews
0x00007ff792cb0bf5 (Unity) PreviewImporter::GenerateAssetData
0x00007ff792cf7941 (Unity) ImportToObjects
0x00007ff792cf68d3 (Unity) ImportAsset
0x00007ff792d19957 (Unity) AssetImportWorker::Import
0x00007ff792d81c44 (Unity) <lambda_d18e3400227f702c19ede75248229b18>::operator()
0x00007ff792dbb2b2 (Unity) asio::detail::completion_handler<core::mutable_function<void __cdecl(void)> >::do_complete
0x00007ff792dbd53d (Unity) asio::detail::win_iocp_io_service::do_one
0x00007ff792dc095e (Unity) asio::io_service::run
0x00007ff792db9751 (Unity) IOService::Run
0x00007ff792d91ddf (Unity) AssetImportWorkerClient::Run
0x00007ff792d5cfe3 (Unity) RunAssetImportWorkerClientV2
0x00007ff792d5d06b (Unity) RunAssetImporterV2
0x00007ff79256ba0e (Unity) Application::InitializeProject
0x00007ff7929e2beb (Unity) WinMain
0x00007ff793d2de0e (Unity) __scrt_common_main_seh
0x00007fff8f337034 (KERNEL32) BaseThreadInitThunk
0x00007fff90082651 (ntdll) RtlUserThreadStart

Shader properties can't be added to this global property sheet. Trying to add _HBlur_TexelSize (type 2 count 1)
0x00007ff791a2f53d (Unity) StackWalker::GetCurrentCallstack
0x00007ff791a362b9 (Unity) StackWalker::ShowCallstack
0x00007ff7929d84c3 (Unity) GetStacktrace
0x00007ff79307def3 (Unity) DebugStringToFile
0x00007ff79168de6b (Unity) ShaderPropertySheet::AddNewPropertyUninitialized
0x00007ff791692f91 (Unity) ShaderPropertySheet::CreateTextureAuxPropertyUninitialized
0x00007ff791693a95 (Unity) ShaderPropertySheet::FillAuxVectors
0x00007ff79168f0ac (Unity) ShaderPropertySheet::AddTextureFromInfo
0x00007ff79169c3a5 (Unity) ShaderPropertySheet::SetTextureWithPlacement
0x00007ff7914ea975 (Unity) RenderTexture::SetGlobalProperty
0x00007ff791744f08 (Unity) ShaderLab::GrabPasses::ApplyGrabPassMainThread
0x00007ff791736f09 (Unity) ShaderLab::Pass::ApplyPass
0x00007ff7916e3f05 (Unity) ApplyMaterialPass
0x00007ff7913dd412 (Unity) BatchRenderer::ApplyShaderPass
0x00007ff79158b48e (Unity) ScriptableRenderLoopDraw
0x00007ff79158bf11 (Unity) ScriptableRenderLoopJob
0x00007ff79189eca3 (Unity) GfxDevice::ExecuteAsync
0x00007ff791b42d3c (Unity) GfxDeviceClient::ExecuteAsync
0x00007ff791589c58 (Unity) ScheduleRenderJobs
0x00007ff791586aa6 (Unity) ExecuteDrawRenderersCommand
0x00007ff791575e1b (Unity) ScriptableRenderContext::ExecuteScriptableRenderLoop
0x00007ff790a8eba9 (Unity) ScriptableRenderContext_CUSTOM_Submit_Internal_Injected
0x000001b3abaea6ca (Mono JIT Code) (wrapper managed-to-native) UnityEngine.Rendering.ScriptableRenderContext:Submit_Internal_Injected (UnityEngine.Rendering.ScriptableRenderContext&)
0x000001b3abaea61b (Mono JIT Code) UnityEngine.Rendering.ScriptableRenderContext:Submit_Internal ()
0x000001b3abaea5d3 (Mono JIT Code) UnityEngine.Rendering.ScriptableRenderContext:Submit ()
0x000001b36ba96803 (Mono JIT Code) [UniversalRenderPipeline.cs:449] UnityEngine.Rendering.Universal.UniversalRenderPipeline:RenderSingleCamera (UnityEngine.Rendering.ScriptableRenderContext,UnityEngine.Rendering.Universal.CameraData,bool) 
0x000001b36ba8f51b (Mono JIT Code) [UniversalRenderPipeline.cs:339] UnityEngine.Rendering.Universal.UniversalRenderPipeline:RenderSingleCamera (UnityEngine.Rendering.ScriptableRenderContext,UnityEngine.Camera) 
0x000001b36ba8741b (Mono JIT Code) [UniversalRenderPipeline.cs:295] UnityEngine.Rendering.Universal.UniversalRenderPipeline:Render (UnityEngine.Rendering.ScriptableRenderContext,System.Collections.Generic.List`1<UnityEngine.Camera>) 
0x000001b36ba86799 (Mono JIT Code) UnityEngine.Rendering.RenderPipeline:InternalRender (UnityEngine.Rendering.ScriptableRenderContext,System.Collections.Generic.List`1<UnityEngine.Camera>)
0x000001b36ba35403 (Mono JIT Code) UnityEngine.Rendering.RenderPipelineManager:DoRenderLoop_Internal (UnityEngine.Rendering.RenderPipelineAsset,intptr,System.Collections.Generic.List`1<UnityEngine.Camera/RenderRequest>,Unity.Collections.LowLevel.Unsafe.AtomicSafetyHandle)
0x000001b36ba355f8 (Mono JIT Code) (wrapper runtime-invoke) <Module>:runtime_invoke_void_object_intptr_object_AtomicSafetyHandle (object,intptr,intptr,intptr)
0x00007fff117bfee4 (mono-2.0-bdwgc) [mini-runtime.c:3445] mono_jit_runtime_invoke 
0x00007fff116feb14 (mono-2.0-bdwgc) [object.c:3066] do_runtime_invoke 
0x00007fff116fecac (mono-2.0-bdwgc) [object.c:3113] mono_runtime_invoke 
0x00007ff791954204 (Unity) scripting_method_invoke
0x00007ff79194ed04 (Unity) ScriptingInvocation::Invoke
0x00007ff791577e4f (Unity) ScriptableRenderContext::ExtractAndExecuteRenderPipeline
0x00007ff791388fa5 (Unity) Camera::CustomRenderWithPipeline
0x00007ff79139eaeb (Unity) Camera::StandaloneCustomRender
0x00007ff79139ed6b (Unity) Camera::StandaloneRender
0x00007ff791395d1f (Unity) CameraScripting::Render
0x00007ff790a0b3cd (Unity) Camera_CUSTOM_Render
0x000001b36ba35161 (Mono JIT Code) (wrapper managed-to-native) UnityEngine.Camera:Render (UnityEngine.Camera)
0x000001b36ba346e3 (Mono JIT Code) UnityEditor.PreviewRenderUtility:Render (bool,bool)
0x000001b3abaf7b6b (Mono JIT Code) UnityEditor.MaterialEditor:DoRenderPreview (UnityEditor.PreviewRenderUtility,bool)
0x000001b3abaf22c3 (Mono JIT Code) UnityEditor.MaterialEditor:RenderStaticPreview (string,UnityEngine.Object[],int,int)
0x000001b36ba143e0 (Mono JIT Code) UnityEditor.AssetPreviewUpdater:CreatePreview (UnityEngine.Object,UnityEngine.Object[],string,int,int)
0x000001b36ba140c3 (Mono JIT Code) UnityEditor.AssetPreviewUpdater:CreatePreviewForAsset (UnityEngine.Object,UnityEngine.Object[],string)
0x000001b36ba14180 (Mono JIT Code) (wrapper runtime-invoke) <Module>:runtime_invoke_object_object_object_object (object,intptr,intptr,intptr)
0x00007fff117bfee4 (mono-2.0-bdwgc) [mini-runtime.c:3445] mono_jit_runtime_invoke 
0x00007fff116feb14 (mono-2.0-bdwgc) [object.c:3066] do_runtime_invoke 
0x00007fff116fecac (mono-2.0-bdwgc) [object.c:3113] mono_runtime_invoke 
0x00007ff791954204 (Unity) scripting_method_invoke
0x00007ff79194ed04 (Unity) ScriptingInvocation::Invoke
0x00007ff792cba0ac (Unity) MonoCreateAssetPreview
0x00007ff792cb8e11 (Unity) WriteAssetPreviewToFile
0x00007ff792cb95d3 (Unity) WritePreviews
0x00007ff792cb0bf5 (Unity) PreviewImporter::GenerateAssetData
0x00007ff792cf7941 (Unity) ImportToObjects
0x00007ff792cf68d3 (Unity) ImportAsset
0x00007ff792d19957 (Unity) AssetImportWorker::Import
0x00007ff792d81c44 (Unity) <lambda_d18e3400227f702c19ede75248229b18>::operator()
0x00007ff792dbb2b2 (Unity) asio::detail::completion_handler<core::mutable_function<void __cdecl(void)> >::do_complete
0x00007ff792dbd53d (Unity) asio::detail::win_iocp_io_service::do_one
0x00007ff792dc095e (Unity) asio::io_service::run
0x00007ff792db9751 (Unity) IOService::Run
0x00007ff792d91ddf (Unity) AssetImportWorkerClient::Run
0x00007ff792d5cfe3 (Unity) RunAssetImportWorkerClientV2
0x00007ff792d5d06b (Unity) RunAssetImporterV2
0x00007ff79256ba0e (Unity) Application::InitializeProject
0x00007ff7929e2beb (Unity) WinMain
0x00007ff793d2de0e (Unity) __scrt_common_main_seh
0x00007fff8f337034 (KERNEL32) BaseThreadInitThunk
0x00007fff90082651 (ntdll) RtlUserThreadStart

Shader properties can't be added to this global property sheet. Trying to add _HBlur_HDR (type 2 count 1)
0x00007ff791a2f53d (Unity) StackWalker::GetCurrentCallstack
0x00007ff791a362b9 (Unity) StackWalker::ShowCallstack
0x00007ff7929d84c3 (Unity) GetStacktrace
0x00007ff79307def3 (Unity) DebugStringToFile
0x00007ff79168de6b (Unity) ShaderPropertySheet::AddNewPropertyUninitialized
0x00007ff791692f91 (Unity) ShaderPropertySheet::CreateTextureAuxPropertyUninitialized
0x00007ff791693b1f (Unity) ShaderPropertySheet::FillAuxVectors
0x00007ff79168f0ac (Unity) ShaderPropertySheet::AddTextureFromInfo
0x00007ff79169c3a5 (Unity) ShaderPropertySheet::SetTextureWithPlacement
0x00007ff7914ea975 (Unity) RenderTexture::SetGlobalProperty
0x00007ff791744f08 (Unity) ShaderLab::GrabPasses::ApplyGrabPassMainThread
0x00007ff791736f09 (Unity) ShaderLab::Pass::ApplyPass
0x00007ff7916e3f05 (Unity) ApplyMaterialPass
0x00007ff7913dd412 (Unity) BatchRenderer::ApplyShaderPass
0x00007ff79158b48e (Unity) ScriptableRenderLoopDraw
0x00007ff79158bf11 (Unity) ScriptableRenderLoopJob
0x00007ff79189eca3 (Unity) GfxDevice::ExecuteAsync
0x00007ff791b42d3c (Unity) GfxDeviceClient::ExecuteAsync
0x00007ff791589c58 (Unity) ScheduleRenderJobs
0x00007ff791586aa6 (Unity) ExecuteDrawRenderersCommand
0x00007ff791575e1b (Unity) ScriptableRenderContext::ExecuteScriptableRenderLoop
0x00007ff790a8eba9 (Unity) ScriptableRenderContext_CUSTOM_Submit_Internal_Injected
0x000001b3abaea6ca (Mono JIT Code) (wrapper managed-to-native) UnityEngine.Rendering.ScriptableRenderContext:Submit_Internal_Injected (UnityEngine.Rendering.ScriptableRenderContext&)
0x000001b3abaea61b (Mono JIT Code) UnityEngine.Rendering.ScriptableRenderContext:Submit_Internal ()
0x000001b3abaea5d3 (Mono JIT Code) UnityEngine.Rendering.ScriptableRenderContext:Submit ()
0x000001b36ba96803 (Mono JIT Code) [UniversalRenderPipeline.cs:449] UnityEngine.Rendering.Universal.UniversalRenderPipeline:RenderSingleCamera (UnityEngine.Rendering.ScriptableRenderContext,UnityEngine.Rendering.Universal.CameraData,bool) 
0x000001b36ba8f51b (Mono JIT Code) [UniversalRenderPipeline.cs:339] UnityEngine.Rendering.Universal.UniversalRenderPipeline:RenderSingleCamera (UnityEngine.Rendering.ScriptableRenderContext,UnityEngine.Camera) 
0x000001b36ba8741b (Mono JIT Code) [UniversalRenderPipeline.cs:295] UnityEngine.Rendering.Universal.UniversalRenderPipeline:Render (UnityEngine.Rendering.ScriptableRenderContext,System.Collections.Generic.List`1<UnityEngine.Camera>) 
0x000001b36ba86799 (Mono JIT Code) UnityEngine.Rendering.RenderPipeline:InternalRender (UnityEngine.Rendering.ScriptableRenderContext,System.Collections.Generic.List`1<UnityEngine.Camera>)
0x000001b36ba35403 (Mono JIT Code) UnityEngine.Rendering.RenderPipelineManager:DoRenderLoop_Internal (UnityEngine.Rendering.RenderPipelineAsset,intptr,System.Collections.Generic.List`1<UnityEngine.Camera/RenderRequest>,Unity.Collections.LowLevel.Unsafe.AtomicSafetyHandle)
0x000001b36ba355f8 (Mono JIT Code) (wrapper runtime-invoke) <Module>:runtime_invoke_void_object_intptr_object_AtomicSafetyHandle (object,intptr,intptr,intptr)
0x00007fff117bfee4 (mono-2.0-bdwgc) [mini-runtime.c:3445] mono_jit_runtime_invoke 
0x00007fff116feb14 (mono-2.0-bdwgc) [object.c:3066] do_runtime_invoke 
0x00007fff116fecac (mono-2.0-bdwgc) [object.c:3113] mono_runtime_invoke 
0x00007ff791954204 (Unity) scripting_method_invoke
0x00007ff79194ed04 (Unity) ScriptingInvocation::Invoke
0x00007ff791577e4f (Unity) ScriptableRenderContext::ExtractAndExecuteRenderPipeline
0x00007ff791388fa5 (Unity) Camera::CustomRenderWithPipeline
0x00007ff79139eaeb (Unity) Camera::StandaloneCustomRender
0x00007ff79139ed6b (Unity) Camera::StandaloneRender
0x00007ff791395d1f (Unity) CameraScripting::Render
0x00007ff790a0b3cd (Unity) Camera_CUSTOM_Render
0x000001b36ba35161 (Mono JIT Code) (wrapper managed-to-native) UnityEngine.Camera:Render (UnityEngine.Camera)
0x000001b36ba346e3 (Mono JIT Code) UnityEditor.PreviewRenderUtility:Render (bool,bool)
0x000001b3abaf7b6b (Mono JIT Code) UnityEditor.MaterialEditor:DoRenderPreview (UnityEditor.PreviewRenderUtility,bool)
0x000001b3abaf22c3 (Mono JIT Code) UnityEditor.MaterialEditor:RenderStaticPreview (string,UnityEngine.Object[],int,int)
0x000001b36ba143e0 (Mono JIT Code) UnityEditor.AssetPreviewUpdater:CreatePreview (UnityEngine.Object,UnityEngine.Object[],string,int,int)
0x000001b36ba140c3 (Mono JIT Code) UnityEditor.AssetPreviewUpdater:CreatePreviewForAsset (UnityEngine.Object,UnityEngine.Object[],string)
0x000001b36ba14180 (Mono JIT Code) (wrapper runtime-invoke) <Module>:runtime_invoke_object_object_object_object (object,intptr,intptr,intptr)
0x00007fff117bfee4 (mono-2.0-bdwgc) [mini-runtime.c:3445] mono_jit_runtime_invoke 
0x00007fff116feb14 (mono-2.0-bdwgc) [object.c:3066] do_runtime_invoke 
0x00007fff116fecac (mono-2.0-bdwgc) [object.c:3113] mono_runtime_invoke 
0x00007ff791954204 (Unity) scripting_method_invoke
0x00007ff79194ed04 (Unity) ScriptingInvocation::Invoke
0x00007ff792cba0ac (Unity) MonoCreateAssetPreview
0x00007ff792cb8e11 (Unity) WriteAssetPreviewToFile
0x00007ff792cb95d3 (Unity) WritePreviews
0x00007ff792cb0bf5 (Unity) PreviewImporter::GenerateAssetData
0x00007ff792cf7941 (Unity) ImportToObjects
0x00007ff792cf68d3 (Unity) ImportAsset
0x00007ff792d19957 (Unity) AssetImportWorker::Import
0x00007ff792d81c44 (Unity) <lambda_d18e3400227f702c19ede75248229b18>::operator()
0x00007ff792dbb2b2 (Unity) asio::detail::completion_handler<core::mutable_function<void __cdecl(void)> >::do_complete
0x00007ff792dbd53d (Unity) asio::detail::win_iocp_io_service::do_one
0x00007ff792dc095e (Unity) asio::io_service::run
0x00007ff792db9751 (Unity) IOService::Run
0x00007ff792d91ddf (Unity) AssetImportWorkerClient::Run
0x00007ff792d5cfe3 (Unity) RunAssetImportWorkerClientV2
0x00007ff792d5d06b (Unity) RunAssetImporterV2
0x00007ff79256ba0e (Unity) Application::InitializeProject
0x00007ff7929e2beb (Unity) WinMain
0x00007ff793d2de0e (Unity) __scrt_common_main_seh
0x00007fff8f337034 (KERNEL32) BaseThreadInitThunk
0x00007fff90082651 (ntdll) RtlUserThreadStart

Shader properties can't be added to this global property sheet. Trying to add _HBlur (type 4 count 1)
0x00007ff791a2f53d (Unity) StackWalker::GetCurrentCallstack
0x00007ff791a362b9 (Unity) StackWalker::ShowCallstack
0x00007ff7929d84c3 (Unity) GetStacktrace
0x00007ff79307def3 (Unity) DebugStringToFile
0x00007ff79168de6b (Unity) ShaderPropertySheet::AddNewPropertyUninitialized
0x00007ff79168f0c0 (Unity) ShaderPropertySheet::AddTextureFromInfo
0x00007ff79169c3a5 (Unity) ShaderPropertySheet::SetTextureWithPlacement
0x00007ff7914ea975 (Unity) RenderTexture::SetGlobalProperty
0x00007ff791744f08 (Unity) ShaderLab::GrabPasses::ApplyGrabPassMainThread
0x00007ff791736f09 (Unity) ShaderLab::Pass::ApplyPass
0x00007ff7916e3f05 (Unity) ApplyMaterialPass
0x00007ff7913dd412 (Unity) BatchRenderer::ApplyShaderPass
0x00007ff79158b48e (Unity) ScriptableRenderLoopDraw
0x00007ff79158bf11 (Unity) ScriptableRenderLoopJob
0x00007ff79189eca3 (Unity) GfxDevice::ExecuteAsync
0x00007ff791b42d3c (Unity) GfxDeviceClient::ExecuteAsync
0x00007ff791589c58 (Unity) ScheduleRenderJobs
0x00007ff791586aa6 (Unity) ExecuteDrawRenderersCommand
0x00007ff791575e1b (Unity) ScriptableRenderContext::ExecuteScriptableRenderLoop
0x00007ff790a8eba9 (Unity) ScriptableRenderContext_CUSTOM_Submit_Internal_Injected
0x000001b3abaea6ca (Mono JIT Code) (wrapper managed-to-native) UnityEngine.Rendering.ScriptableRenderContext:Submit_Internal_Injected (UnityEngine.Rendering.ScriptableRenderContext&)
0x000001b3abaea61b (Mono JIT Code) UnityEngine.Rendering.ScriptableRenderContext:Submit_Internal ()
0x000001b3abaea5d3 (Mono JIT Code) UnityEngine.Rendering.ScriptableRenderContext:Submit ()
0x000001b36ba96803 (Mono JIT Code) [UniversalRenderPipeline.cs:449] UnityEngine.Rendering.Universal.UniversalRenderPipeline:RenderSingleCamera (UnityEngine.Rendering.ScriptableRenderContext,UnityEngine.Rendering.Universal.CameraData,bool) 
0x000001b36ba8f51b (Mono JIT Code) [UniversalRenderPipeline.cs:339] UnityEngine.Rendering.Universal.UniversalRenderPipeline:RenderSingleCamera (UnityEngine.Rendering.ScriptableRenderContext,UnityEngine.Camera) 
0x000001b36ba8741b (Mono JIT Code) [UniversalRenderPipeline.cs:295] UnityEngine.Rendering.Universal.UniversalRenderPipeline:Render (UnityEngine.Rendering.ScriptableRenderContext,System.Collections.Generic.List`1<UnityEngine.Camera>) 
0x000001b36ba86799 (Mono JIT Code) UnityEngine.Rendering.RenderPipeline:InternalRender (UnityEngine.Rendering.ScriptableRenderContext,System.Collections.Generic.List`1<UnityEngine.Camera>)
0x000001b36ba35403 (Mono JIT Code) UnityEngine.Rendering.RenderPipelineManager:DoRenderLoop_Internal (UnityEngine.Rendering.RenderPipelineAsset,intptr,System.Collections.Generic.List`1<UnityEngine.Camera/RenderRequest>,Unity.Collections.LowLevel.Unsafe.AtomicSafetyHandle)
0x000001b36ba355f8 (Mono JIT Code) (wrapper runtime-invoke) <Module>:runtime_invoke_void_object_intptr_object_AtomicSafetyHandle (object,intptr,intptr,intptr)
0x00007fff117bfee4 (mono-2.0-bdwgc) [mini-runtime.c:3445] mono_jit_runtime_invoke 
0x00007fff116feb14 (mono-2.0-bdwgc) [object.c:3066] do_runtime_invoke 
0x00007fff116fecac (mono-2.0-bdwgc) [object.c:3113] mono_runtime_invoke 
0x00007ff791954204 (Unity) scripting_method_invoke
0x00007ff79194ed04 (Unity) ScriptingInvocation::Invoke
0x00007ff791577e4f (Unity) ScriptableRenderContext::ExtractAndExecuteRenderPipeline
0x00007ff791388fa5 (Unity) Camera::CustomRenderWithPipeline
0x00007ff79139eaeb (Unity) Camera::StandaloneCustomRender
0x00007ff79139ed6b (Unity) Camera::StandaloneRender
0x00007ff791395d1f (Unity) CameraScripting::Render
0x00007ff790a0b3cd (Unity) Camera_CUSTOM_Render
0x000001b36ba35161 (Mono JIT Code) (wrapper managed-to-native) UnityEngine.Camera:Render (UnityEngine.Camera)
0x000001b36ba346e3 (Mono JIT Code) UnityEditor.PreviewRenderUtility:Render (bool,bool)
0x000001b3abaf7b6b (Mono JIT Code) UnityEditor.MaterialEditor:DoRenderPreview (UnityEditor.PreviewRenderUtility,bool)
0x000001b3abaf22c3 (Mono JIT Code) UnityEditor.MaterialEditor:RenderStaticPreview (string,UnityEngine.Object[],int,int)
0x000001b36ba143e0 (Mono JIT Code) UnityEditor.AssetPreviewUpdater:CreatePreview (UnityEngine.Object,UnityEngine.Object[],string,int,int)
0x000001b36ba140c3 (Mono JIT Code) UnityEditor.AssetPreviewUpdater:CreatePreviewForAsset (UnityEngine.Object,UnityEngine.Object[],string)
0x000001b36ba14180 (Mono JIT Code) (wrapper runtime-invoke) <Module>:runtime_invoke_object_object_object_object (object,intptr,intptr,intptr)
0x00007fff117bfee4 (mono-2.0-bdwgc) [mini-runtime.c:3445] mono_jit_runtime_invoke 
0x00007fff116feb14 (mono-2.0-bdwgc) [object.c:3066] do_runtime_invoke 
0x00007fff116fecac (mono-2.0-bdwgc) [object.c:3113] mono_runtime_invoke 
0x00007ff791954204 (Unity) scripting_method_invoke
0x00007ff79194ed04 (Unity) ScriptingInvocation::Invoke
0x00007ff792cba0ac (Unity) MonoCreateAssetPreview
0x00007ff792cb8e11 (Unity) WriteAssetPreviewToFile
0x00007ff792cb95d3 (Unity) WritePreviews
0x00007ff792cb0bf5 (Unity) PreviewImporter::GenerateAssetData
0x00007ff792cf7941 (Unity) ImportToObjects
0x00007ff792cf68d3 (Unity) ImportAsset
0x00007ff792d19957 (Unity) AssetImportWorker::Import
0x00007ff792d81c44 (Unity) <lambda_d18e3400227f702c19ede75248229b18>::operator()
0x00007ff792dbb2b2 (Unity) asio::detail::completion_handler<core::mutable_function<void __cdecl(void)> >::do_complete
0x00007ff792dbd53d (Unity) asio::detail::win_iocp_io_service::do_one
0x00007ff792dc095e (Unity) asio::io_service::run
0x00007ff792db9751 (Unity) IOService::Run
0x00007ff792d91ddf (Unity) AssetImportWorkerClient::Run
0x00007ff792d5cfe3 (Unity) RunAssetImportWorkerClientV2
0x00007ff792d5d06b (Unity) RunAssetImporterV2
0x00007ff79256ba0e (Unity) Application::InitializeProject
0x00007ff7929e2beb (Unity) WinMain
0x00007ff793d2de0e (Unity) __scrt_common_main_seh
0x00007fff8f337034 (KERNEL32) BaseThreadInitThunk
0x00007fff90082651 (ntdll) RtlUserThreadStart

 -> (artifact id: '08ff8f4f6ba52b4cbe33dfeb3b6628d4') in 0.034426 seconds 
========================================================================
Received Import Request.
  Time since last request: 0.000034 seconds.
  path: Assets/FC_GoblinRanger/R1/Materials/MAT_Goblin_Ranger_BK_R1.mat
  artifactKey: Guid(9c3cea547fbb1504f94e0e6332405792) Importer(815301076,1909f56bfc062723c751e8b465ee728b)
Start importing Assets/FC_GoblinRanger/R1/Materials/MAT_Goblin_Ranger_BK_R1.mat using Guid(9c3cea547fbb1504f94e0e6332405792) Importer(815301076,1909f56bfc062723c751e8b465ee728b)  -> (artifact id: '7da0a2bdb9e030d5452ea593b1d3bf3e') in 0.055926 seconds 
========================================================================
Received Import Request.
  Time since last request: 0.000026 seconds.
  path: Assets/Mummy/Animations/Materials/lambert11.mat
  artifactKey: Guid(e9355d603bdc9a0489293f69f591b8f9) Importer(815301076,1909f56bfc062723c751e8b465ee728b)
Start importing Assets/Mummy/Animations/Materials/lambert11.mat using Guid(e9355d603bdc9a0489293f69f591b8f9) Importer(815301076,1909f56bfc062723c751e8b465ee728b)  -> (artifact id: '45dcac7323314cc4c5c786c8cb9dff76') in 0.014997 seconds 
========================================================================
Received Import Request.
  Time since last request: 0.000035 seconds.
  path: Assets/Shift - Complete Sci-Fi UI/Materials/Modal Window Blur.mat
  artifactKey: Guid(016ee15a185914f4f8731c257dbf3650) Importer(815301076,1909f56bfc062723c751e8b465ee728b)
Start importing Assets/Shift - Complete Sci-Fi UI/Materials/Modal Window Blur.mat using Guid(016ee15a185914f4f8731c257dbf3650) Importer(815301076,1909f56bfc062723c751e8b465ee728b)  -> (artifact id: 'd86de41581bcb4be59a74b55df1e622d') in 0.014830 seconds 
========================================================================
Received Import Request.
  Time since last request: 0.000033 seconds.
  path: Assets/TextMesh Pro/Resources/Fonts & Materials/LiberationSans SDF.asset
  artifactKey: Guid(8f586378b4e144a9851e7b34d9b748ee) Importer(815301076,1909f56bfc062723c751e8b465ee728b)
Start importing Assets/TextMesh Pro/Resources/Fonts & Materials/LiberationSans SDF.asset using Guid(8f586378b4e144a9851e7b34d9b748ee) Importer(815301076,1909f56bfc062723c751e8b465ee728b)  -> (artifact id: '8926fcf9bd19b182b817604f1b1bb52e') in 0.052837 seconds 
========================================================================
Received Import Request.
  Time since last request: 0.000030 seconds.
  path: Assets/FC_GoblinRanger/R1/Materials/MAT_Goblin_Ranger_BL_R1.mat
  artifactKey: Guid(9c4cd6fa89d800a4bb39dacae511db55) Importer(815301076,1909f56bfc062723c751e8b465ee728b)
Start importing Assets/FC_GoblinRanger/R1/Materials/MAT_Goblin_Ranger_BL_R1.mat using Guid(9c4cd6fa89d800a4bb39dacae511db55) Importer(815301076,1909f56bfc062723c751e8b465ee728b)  -> (artifact id: '4f469f2df2c27c4a467642682cad5161') in 0.030913 seconds 
Editor requested this worker to shutdown with reason: Scaling down because of idle timeout
AssetImportWorker is now disconnected from the server
Process exiting
Exiting without the bug reporter. Application will terminate with return code 0