Using pre-set license
Built from '2022.1/staging' branch; Version is '2022.1.0b16 (098023fe5c31) revision 622627'; Using compiler version '192829333'; Build Type 'Release'
OS: 'Windows 10  (10.0.19043) 64bit CoreSingleLanguage' Language: 'ru' Physical Memory: 16224 MB
BatchMode: 1, IsHumanControllingUs: 0, StartBugReporterOnCrash: 0, Is64bit: 1, IsPro: 1

COMMAND LINE ARGUMENTS:
C:\Program Files\Unity\Hub\Editor\2022.1.0b16\Editor\Unity.exe
-adb2
-batchMode
-noUpm
-name
AssetImportWorker21
-projectPath
C:/Games/Test/GameECS
-logFile
Logs/AssetImportWorker21.log
-srvPort
22557
Successfully changed project path to: C:/Games/Test/GameECS
C:/Games/Test/GameECS
[UnityMemory] Configuration Parameters - Can be set up in boot.config
    "memorysetup-bucket-allocator-granularity=16"
    "memorysetup-bucket-allocator-bucket-count=8"
    "memorysetup-bucket-allocator-block-size=33554432"
    "memorysetup-bucket-allocator-block-count=8"
    "memorysetup-main-allocator-block-size=16777216"
    "memorysetup-thread-allocator-block-size=16777216"
    "memorysetup-gfx-main-allocator-block-size=16777216"
    "memorysetup-gfx-thread-allocator-block-size=16777216"
    "memorysetup-cache-allocator-block-size=4194304"
    "memorysetup-typetree-allocator-block-size=2097152"
    "memorysetup-profiler-bucket-allocator-granularity=16"
    "memorysetup-profiler-bucket-allocator-bucket-count=8"
    "memorysetup-profiler-bucket-allocator-block-size=33554432"
    "memorysetup-profiler-bucket-allocator-block-count=8"
    "memorysetup-profiler-allocator-block-size=16777216"
    "memorysetup-profiler-editor-allocator-block-size=1048576"
    "memorysetup-temp-allocator-size-main=16777216"
    "memorysetup-job-temp-allocator-block-size=2097152"
    "memorysetup-job-temp-allocator-block-size-background=1048576"
    "memorysetup-job-temp-allocator-reduction-small-platforms=262144"
    "memorysetup-temp-allocator-size-background-worker=32768"
    "memorysetup-temp-allocator-size-job-worker=262144"
    "memorysetup-temp-allocator-size-preload-manager=33554432"
    "memorysetup-temp-allocator-size-nav-mesh-worker=65536"
    "memorysetup-temp-allocator-size-audio-worker=65536"
    "memorysetup-temp-allocator-size-cloud-worker=32768"
    "memorysetup-temp-allocator-size-gi-baking-worker=262144"
    "memorysetup-temp-allocator-size-gfx=262144"
Refreshing native plugins compatible for Editor in 97.07 ms, found 2 plugins.
Preloading 0 native plugins for Editor in 0.00 ms.
Initialize engine version: 2022.1.0b16 (098023fe5c31)
[Subsystems] Discovering subsystems at path C:/Program Files/Unity/Hub/Editor/2022.1.0b16/Editor/Data/Resources/UnitySubsystems
[Subsystems] Discovering subsystems at path C:/Games/Test/GameECS/Assets
GfxDevice: creating device client; threaded=0; jobified=0
Direct3D:
    Version:  Direct3D 11.0 [level 11.1]
    Renderer: AMD Radeon (TM) R7 370 Series (ID=0x6811)
    Vendor:   ATI
    VRAM:     4075 MB
    Driver:   27.20.20903.8001
Initialize mono
Mono path[0] = 'C:/Program Files/Unity/Hub/Editor/2022.1.0b16/Editor/Data/Managed'
Mono path[1] = 'C:/Program Files/Unity/Hub/Editor/2022.1.0b16/Editor/Data/MonoBleedingEdge/lib/mono/unityjit-win32'
Mono config path = 'C:/Program Files/Unity/Hub/Editor/2022.1.0b16/Editor/Data/MonoBleedingEdge/etc'
Using monoOptions --debugger-agent=transport=dt_socket,embedding=1,server=y,suspend=n,address=127.0.0.1:56216
Begin MonoManager ReloadAssembly
Registering precompiled unity dll's ...
Register platform support module: C:/Program Files/Unity/Hub/Editor/2022.1.0b16/Editor/Data/PlaybackEngines/WebGLSupport/UnityEditor.WebGL.Extensions.dll
Register platform support module: C:/Program Files/Unity/Hub/Editor/2022.1.0b16/Editor/Data/PlaybackEngines/WindowsStandaloneSupport/UnityEditor.WindowsStandalone.Extensions.dll
Registered in 0.008880 seconds.
Native extension for WindowsStandalone target not found
Native extension for WebGL target not found
Refreshing native plugins compatible for Editor in 79.10 ms, found 2 plugins.
Preloading 0 native plugins for Editor in 0.00 ms.
Mono: successfully reloaded assembly
- Completed reload, in  0.881 seconds
Domain Reload Profiling:
	ReloadAssembly (881ms)
		BeginReloadAssembly (101ms)
			ExecutionOrderSort (0ms)
			DisableScriptedObjects (0ms)
			BackupInstance (0ms)
			ReleaseScriptingObjects (0ms)
			CreateAndSetChildDomain (1ms)
		EndReloadAssembly (630ms)
			LoadAssemblies (98ms)
			RebuildTransferFunctionScriptingTraits (0ms)
			SetupTypeCache (176ms)
				TypeCache.Initialize (175ms)
					TypeCache.ScanAssembly (173ms)
				ResolveRequiredComponents (1ms)
			ReleaseScriptCaches (0ms)
			RebuildScriptCaches (38ms)
			SetupLoadedEditorAssemblies (344ms)
				LogAssemblyErrors (0ms)
				InitializePlatformSupportModulesInManaged (11ms)
				SetLoadedEditorAssemblies (9ms)
				RefreshPlugins (79ms)
				BeforeProcessingInitializeOnLoad (2ms)
				ProcessInitializeOnLoadAttributes (185ms)
				ProcessInitializeOnLoadMethodAttributes (57ms)
				AfterProcessingInitializeOnLoad (0ms)
				EditorAssembliesLoaded (0ms)
			ExecutionOrderSort2 (0ms)
			AwakeInstancesAfterBackupRestoration (0ms)
Platform modules already initialized, skipping
Registering precompiled user dll's ...
Registered in 0.006047 seconds.
Begin MonoManager ReloadAssembly
Symbol file LoadedFromMemory is not a mono symbol file
Native extension for WindowsStandalone target not found
Native extension for WebGL target not found
Refreshing native plugins compatible for Editor in 90.44 ms, found 2 plugins.
Preloading 0 native plugins for Editor in 0.00 ms.
Mono: successfully reloaded assembly
- Completed reload, in  1.576 seconds
Domain Reload Profiling:
	ReloadAssembly (1577ms)
		BeginReloadAssembly (158ms)
			ExecutionOrderSort (0ms)
			DisableScriptedObjects (9ms)
			BackupInstance (0ms)
			ReleaseScriptingObjects (0ms)
			CreateAndSetChildDomain (27ms)
		EndReloadAssembly (1264ms)
			LoadAssemblies (119ms)
			RebuildTransferFunctionScriptingTraits (0ms)
			SetupTypeCache (307ms)
				TypeCache.Initialize (291ms)
					TypeCache.ScanAssembly (286ms)
				ResolveRequiredComponents (16ms)
			ReleaseScriptCaches (1ms)
			RebuildScriptCaches (81ms)
			SetupLoadedEditorAssemblies (685ms)
				LogAssemblyErrors (0ms)
				InitializePlatformSupportModulesInManaged (8ms)
				SetLoadedEditorAssemblies (8ms)
				RefreshPlugins (91ms)
				BeforeProcessingInitializeOnLoad (102ms)
				ProcessInitializeOnLoadAttributes (354ms)
				ProcessInitializeOnLoadMethodAttributes (111ms)
				AfterProcessingInitializeOnLoad (11ms)
				EditorAssembliesLoaded (0ms)
			ExecutionOrderSort2 (0ms)
			AwakeInstancesAfterBackupRestoration (9ms)
Platform modules already initialized, skipping
========================================================================
Worker process is ready to serve import requests
Launched and connected shader compiler UnityShaderCompiler.exe after 0.13 seconds
Refreshing native plugins compatible for Editor in 1.05 ms, found 2 plugins.
Preloading 0 native plugins for Editor in 0.00 ms.
Unloading 3727 Unused Serialized files (Serialized files now loaded: 0)
Unloading 38 unused Assets / (145.6 KB). Loaded Objects now: 4203.
Memory consumption went from 0.61 GB to 0.61 GB.
Total: 4.522200 ms (FindLiveObjects: 0.412800 ms CreateObjectMapping: 0.209500 ms MarkObjects: 3.738300 ms  DeleteObjects: 0.160400 ms)

AssetImportParameters requested are different than current active one (requested -> active):
  custom:video-decoder-ogg-theora: a1e56fd34408186e4bbccfd4996cb3dc -> 
  custom:container-muxer-webm: aa71ff27fc2769a1b78a27578f13a17b -> 
  custom:container-demuxer-webm: 4f35f7cbe854078d1ac9338744f61a02 -> 
  custom:video-encoder-webm-vp8: eb34c28f22e8b96e1ab97ce403110664 -> 
  custom:audio-encoder-webm-vorbis: bf7c407c2cedff20999df2af8eb42d56 -> 
  custom:framework-win-MediaFoundation: 216162199b28c13a410421893ffa2e32 -> 
  custom:container-demuxer-ogg: 62fdf1f143b41e24485cea50d1cbac27 -> 
  custom:video-decoder-webm-vp8: 9c59270c3fd7afecdb556c50c9e8de78 -> 
  custom:audio-decoder-ogg-vorbis: bf7c407c2cedff20999df2af8eb42d56 -> 
========================================================================
Received Import Request.
  Time since last request: 19186.228217 seconds.
  path: Assets/Shift - Complete Sci-Fi UI/Fonts/Rajdhani-Light.ttf
  artifactKey: Guid(c80a75828daeb6845bf4a27bc3893964) Importer(815301076,1909f56bfc062723c751e8b465ee728b)
Start importing Assets/Shift - Complete Sci-Fi UI/Fonts/Rajdhani-Light.ttf using Guid(c80a75828daeb6845bf4a27bc3893964) Importer(815301076,1909f56bfc062723c751e8b465ee728b)  -> (artifact id: 'cfc1825321bc1089b0dce3eeb028f7f5') in 0.402623 seconds 
========================================================================
Received Import Request.
  Time since last request: 0.768150 seconds.
  path: Assets/FC_GoblinRanger/R1/Materials/Goblin_Ranger_BK_R1.tga
  artifactKey: Guid(a01ca258d4cda2a46881c62700ec9c6a) Importer(815301076,1909f56bfc062723c751e8b465ee728b)
Start importing Assets/FC_GoblinRanger/R1/Materials/Goblin_Ranger_BK_R1.tga using Guid(a01ca258d4cda2a46881c62700ec9c6a) Importer(815301076,1909f56bfc062723c751e8b465ee728b)  -> (artifact id: '147677ac9d674f8cb5a2be0af95b7305') in 0.020537 seconds 
========================================================================
Received Import Request.
  Time since last request: 0.104119 seconds.
  path: Assets/Mummy/Mummy/mummy_set_1/Hat_shoulders_v1_ [Albedo].png
  artifactKey: Guid(68276b3e558030345a8d0dbbcff6976c) Importer(815301076,1909f56bfc062723c751e8b465ee728b)
Start importing Assets/Mummy/Mummy/mummy_set_1/Hat_shoulders_v1_ [Albedo].png using Guid(68276b3e558030345a8d0dbbcff6976c) Importer(815301076,1909f56bfc062723c751e8b465ee728b)  -> (artifact id: 'cc65dd16f4ef0d32247437f7cb02e879') in 0.021868 seconds 
========================================================================
Received Prepare
Registering precompiled user dll's ...
Registered in 0.008935 seconds.
Begin MonoManager ReloadAssembly
Symbol file LoadedFromMemory is not a mono symbol file
Native extension for WindowsStandalone target not found
Native extension for WebGL target not found
Refreshing native plugins compatible for Editor in 1.15 ms, found 2 plugins.
Preloading 0 native plugins for Editor in 0.00 ms.
Mono: successfully reloaded assembly
- Completed reload, in  1.494 seconds
Domain Reload Profiling:
	ReloadAssembly (1495ms)
		BeginReloadAssembly (184ms)
			ExecutionOrderSort (0ms)
			DisableScriptedObjects (10ms)
			BackupInstance (0ms)
			ReleaseScriptingObjects (0ms)
			CreateAndSetChildDomain (56ms)
		EndReloadAssembly (1182ms)
			LoadAssemblies (137ms)
			RebuildTransferFunctionScriptingTraits (0ms)
			SetupTypeCache (305ms)
				TypeCache.Initialize (288ms)
					TypeCache.ScanAssembly (282ms)
				ResolveRequiredComponents (17ms)
			ReleaseScriptCaches (2ms)
			RebuildScriptCaches (65ms)
			SetupLoadedEditorAssemblies (574ms)
				LogAssemblyErrors (0ms)
				InitializePlatformSupportModulesInManaged (18ms)
				SetLoadedEditorAssemblies (9ms)
				RefreshPlugins (1ms)
				BeforeProcessingInitializeOnLoad (84ms)
				ProcessInitializeOnLoadAttributes (340ms)
				ProcessInitializeOnLoadMethodAttributes (112ms)
				AfterProcessingInitializeOnLoad (9ms)
				EditorAssembliesLoaded (0ms)
			ExecutionOrderSort2 (0ms)
			AwakeInstancesAfterBackupRestoration (17ms)
Platform modules already initialized, skipping
Refreshing native plugins compatible for Editor in 2.06 ms, found 2 plugins.
Preloading 0 native plugins for Editor in 0.00 ms.
Unloading 3576 Unused Serialized files (Serialized files now loaded: 0)
Unloading 19 unused Assets / (105.1 KB). Loaded Objects now: 4305.
Memory consumption went from 0.59 GB to 0.59 GB.
Total: 4.646800 ms (FindLiveObjects: 0.396100 ms CreateObjectMapping: 0.173400 ms MarkObjects: 4.016800 ms  DeleteObjects: 0.059200 ms)

AssetImportParameters requested are different than current active one (requested -> active):
  custom:video-decoder-ogg-theora: a1e56fd34408186e4bbccfd4996cb3dc -> 
  custom:container-muxer-webm: aa71ff27fc2769a1b78a27578f13a17b -> 
  custom:container-demuxer-webm: 4f35f7cbe854078d1ac9338744f61a02 -> 
  custom:video-encoder-webm-vp8: eb34c28f22e8b96e1ab97ce403110664 -> 
  custom:audio-encoder-webm-vorbis: bf7c407c2cedff20999df2af8eb42d56 -> 
  custom:framework-win-MediaFoundation: 216162199b28c13a410421893ffa2e32 -> 
  custom:container-demuxer-ogg: 62fdf1f143b41e24485cea50d1cbac27 -> 
  custom:video-decoder-webm-vp8: 9c59270c3fd7afecdb556c50c9e8de78 -> 
  custom:audio-decoder-ogg-vorbis: bf7c407c2cedff20999df2af8eb42d56 -> 
========================================================================
Received Import Request.
  Time since last request: 27.196928 seconds.
  path: Assets/FC_GoblinRanger/Weapon/OM_Sword/R1/Materials/OM_Sword_C01_R1.tga
  artifactKey: Guid(5a3449083fdf0a242b29fc934cb9d768) Importer(815301076,1909f56bfc062723c751e8b465ee728b)
Start importing Assets/FC_GoblinRanger/Weapon/OM_Sword/R1/Materials/OM_Sword_C01_R1.tga using Guid(5a3449083fdf0a242b29fc934cb9d768) Importer(815301076,1909f56bfc062723c751e8b465ee728b)  -> (artifact id: 'c932f964eae5940f6a1b333277a566b8') in 0.053866 seconds 
========================================================================
Received Import Request.
  Time since last request: 0.671696 seconds.
  path: Assets/Mummy/Mummy/weap_m/poleaxe [Albedo].jpg
  artifactKey: Guid(52446a6dc7b941f4aa82472b4eb8b22f) Importer(815301076,1909f56bfc062723c751e8b465ee728b)
Start importing Assets/Mummy/Mummy/weap_m/poleaxe [Albedo].jpg using Guid(52446a6dc7b941f4aa82472b4eb8b22f) Importer(815301076,1909f56bfc062723c751e8b465ee728b)  -> (artifact id: 'ce42bb2cf62f17429b820446590b7377') in 0.018011 seconds 
========================================================================
Received Import Request.
  Time since last request: 0.707423 seconds.
  path: Assets/Mummy/Mummy/Seamless-Desert-Sand-Texture-520x520.jpg
  artifactKey: Guid(9070e7d4f3d060b468394a9818dbf35d) Importer(815301076,1909f56bfc062723c751e8b465ee728b)
Start importing Assets/Mummy/Mummy/Seamless-Desert-Sand-Texture-520x520.jpg using Guid(9070e7d4f3d060b468394a9818dbf35d) Importer(815301076,1909f56bfc062723c751e8b465ee728b)  -> (artifact id: '5a0022842fad0255da4d8fca1714eeb8') in 0.014996 seconds 
========================================================================
Received Import Request.
  Time since last request: 0.418088 seconds.
  path: Assets/Mummy/Mummy/weap_m/shield [Albedo].jpg
  artifactKey: Guid(3c9860fc483a47b48b193c46bfad6785) Importer(815301076,1909f56bfc062723c751e8b465ee728b)
Start importing Assets/Mummy/Mummy/weap_m/shield [Albedo].jpg using Guid(3c9860fc483a47b48b193c46bfad6785) Importer(815301076,1909f56bfc062723c751e8b465ee728b)  -> (artifact id: '9a85b1bc42fff30551a09eee3e0fff70') in 0.015158 seconds 
========================================================================
Received Import Request.
  Time since last request: 0.000026 seconds.
  path: Assets/Mummy/Mummy/mummy_set_3/shoulders_hat_3_normals.png
  artifactKey: Guid(65b3464425356f64e9e67d7a5f29a700) Importer(815301076,1909f56bfc062723c751e8b465ee728b)
Start importing Assets/Mummy/Mummy/mummy_set_3/shoulders_hat_3_normals.png using Guid(65b3464425356f64e9e67d7a5f29a700) Importer(815301076,1909f56bfc062723c751e8b465ee728b)  -> (artifact id: '0d3ea85cb1de52c5fb38ea6ab30ab0f5') in 0.024496 seconds 
========================================================================
Received Import Request.
  Time since last request: 0.035519 seconds.
  path: Assets/Mummy/Mummy/weap_m/spear [Normal].jpg
  artifactKey: Guid(94db874c0fd37014bae306c1f53018fb) Importer(815301076,1909f56bfc062723c751e8b465ee728b)
Start importing Assets/Mummy/Mummy/weap_m/spear [Normal].jpg using Guid(94db874c0fd37014bae306c1f53018fb) Importer(815301076,1909f56bfc062723c751e8b465ee728b)  -> (artifact id: '0b84e81c60b90c179a3881bdf9ea6f09') in 0.012804 seconds 
========================================================================
Received Prepare
Registering precompiled user dll's ...
Registered in 0.005847 seconds.
Begin MonoManager ReloadAssembly
Symbol file LoadedFromMemory is not a mono symbol file
Native extension for WindowsStandalone target not found
Native extension for WebGL target not found
Refreshing native plugins compatible for Editor in 1.01 ms, found 2 plugins.
Preloading 0 native plugins for Editor in 0.00 ms.
Mono: successfully reloaded assembly
- Completed reload, in  1.462 seconds
Domain Reload Profiling:
	ReloadAssembly (1462ms)
		BeginReloadAssembly (181ms)
			ExecutionOrderSort (0ms)
			DisableScriptedObjects (7ms)
			BackupInstance (0ms)
			ReleaseScriptingObjects (0ms)
			CreateAndSetChildDomain (51ms)
		EndReloadAssembly (1148ms)
			LoadAssemblies (141ms)
			RebuildTransferFunctionScriptingTraits (0ms)
			SetupTypeCache (298ms)
				TypeCache.Initialize (282ms)
					TypeCache.ScanAssembly (276ms)
				ResolveRequiredComponents (16ms)
			ReleaseScriptCaches (2ms)
			RebuildScriptCaches (61ms)
			SetupLoadedEditorAssemblies (565ms)
				LogAssemblyErrors (0ms)
				InitializePlatformSupportModulesInManaged (18ms)
				SetLoadedEditorAssemblies (8ms)
				RefreshPlugins (1ms)
				BeforeProcessingInitializeOnLoad (83ms)
				ProcessInitializeOnLoadAttributes (329ms)
				ProcessInitializeOnLoadMethodAttributes (115ms)
				AfterProcessingInitializeOnLoad (10ms)
				EditorAssembliesLoaded (0ms)
			ExecutionOrderSort2 (0ms)
			AwakeInstancesAfterBackupRestoration (15ms)
Platform modules already initialized, skipping
Refreshing native plugins compatible for Editor in 2.25 ms, found 2 plugins.
Preloading 0 native plugins for Editor in 0.00 ms.
Unloading 3576 Unused Serialized files (Serialized files now loaded: 0)
Unloading 19 unused Assets / (105.0 KB). Loaded Objects now: 4323.
Memory consumption went from 0.59 GB to 0.59 GB.
Total: 4.268400 ms (FindLiveObjects: 0.368400 ms CreateObjectMapping: 0.180400 ms MarkObjects: 3.669300 ms  DeleteObjects: 0.049100 ms)

AssetImportParameters requested are different than current active one (requested -> active):
  custom:video-decoder-ogg-theora: a1e56fd34408186e4bbccfd4996cb3dc -> 
  custom:container-muxer-webm: aa71ff27fc2769a1b78a27578f13a17b -> 
  custom:container-demuxer-webm: 4f35f7cbe854078d1ac9338744f61a02 -> 
  custom:video-encoder-webm-vp8: eb34c28f22e8b96e1ab97ce403110664 -> 
  custom:audio-encoder-webm-vorbis: bf7c407c2cedff20999df2af8eb42d56 -> 
  custom:framework-win-MediaFoundation: 216162199b28c13a410421893ffa2e32 -> 
  custom:container-demuxer-ogg: 62fdf1f143b41e24485cea50d1cbac27 -> 
  custom:video-decoder-webm-vp8: 9c59270c3fd7afecdb556c50c9e8de78 -> 
  custom:audio-decoder-ogg-vorbis: bf7c407c2cedff20999df2af8eb42d56 -> 
========================================================================
Received Import Request.
  Time since last request: 24.003780 seconds.
  path: Assets/Shift - Complete Sci-Fi UI/Editor/Icons/Support Header.png
  artifactKey: Guid(896935b99913bd44c891cbe94a9c1d42) Importer(815301076,1909f56bfc062723c751e8b465ee728b)
Start importing Assets/Shift - Complete Sci-Fi UI/Editor/Icons/Support Header.png using Guid(896935b99913bd44c891cbe94a9c1d42) Importer(815301076,1909f56bfc062723c751e8b465ee728b)  -> (artifact id: '6671707eb8c18b2590b31c5e6dec304a') in 0.055951 seconds 
========================================================================
Received Import Request.
  Time since last request: 0.475153 seconds.
  path: Assets/Shift - Complete Sci-Fi UI/Editor/Icons/UIM Header.png
  artifactKey: Guid(f5f47ee195d14c34694c3c6d87477401) Importer(815301076,1909f56bfc062723c751e8b465ee728b)
Start importing Assets/Shift - Complete Sci-Fi UI/Editor/Icons/UIM Header.png using Guid(f5f47ee195d14c34694c3c6d87477401) Importer(815301076,1909f56bfc062723c751e8b465ee728b)  -> (artifact id: 'dd1767a6694959885820bc75a856c9cb') in 0.011359 seconds 
========================================================================
Received Import Request.
  Time since last request: 3.586900 seconds.
  path: Assets/Stylized Grass Texture/Textures/Vol_42_1_Ambient_Occlusion.png
  artifactKey: Guid(33ba5140ff8350742a9be1b79eeefd82) Importer(815301076,1909f56bfc062723c751e8b465ee728b)
Start importing Assets/Stylized Grass Texture/Textures/Vol_42_1_Ambient_Occlusion.png using Guid(33ba5140ff8350742a9be1b79eeefd82) Importer(815301076,1909f56bfc062723c751e8b465ee728b)  -> (artifact id: '198866cc0fa70655f9a729930b738de4') in 0.024670 seconds 
========================================================================
Received Import Request.
  Time since last request: 0.005705 seconds.
  path: Assets/Stylized Grass Texture/Textures/Vol_42_1_Roughness.png
  artifactKey: Guid(7c71c756b680c1a47b27345dccbbc51f) Importer(815301076,1909f56bfc062723c751e8b465ee728b)
Start importing Assets/Stylized Grass Texture/Textures/Vol_42_1_Roughness.png using Guid(7c71c756b680c1a47b27345dccbbc51f) Importer(815301076,1909f56bfc062723c751e8b465ee728b)  -> (artifact id: '6f648012b97b4125eec729e6433b0298') in 0.023804 seconds 
========================================================================
Received Prepare
Registering precompiled user dll's ...
Registered in 0.010094 seconds.
Begin MonoManager ReloadAssembly
Symbol file LoadedFromMemory is not a mono symbol file
Native extension for WindowsStandalone target not found
Native extension for WebGL target not found
Refreshing native plugins compatible for Editor in 0.86 ms, found 2 plugins.
Preloading 0 native plugins for Editor in 0.00 ms.
Mono: successfully reloaded assembly
- Completed reload, in  1.423 seconds
Domain Reload Profiling:
	ReloadAssembly (1424ms)
		BeginReloadAssembly (173ms)
			ExecutionOrderSort (0ms)
			DisableScriptedObjects (7ms)
			BackupInstance (0ms)
			ReleaseScriptingObjects (0ms)
			CreateAndSetChildDomain (52ms)
		EndReloadAssembly (1120ms)
			LoadAssemblies (129ms)
			RebuildTransferFunctionScriptingTraits (0ms)
			SetupTypeCache (290ms)
				TypeCache.Initialize (274ms)
					TypeCache.ScanAssembly (268ms)
				ResolveRequiredComponents (16ms)
			ReleaseScriptCaches (2ms)
			RebuildScriptCaches (60ms)
			SetupLoadedEditorAssemblies (545ms)
				LogAssemblyErrors (0ms)
				InitializePlatformSupportModulesInManaged (17ms)
				SetLoadedEditorAssemblies (8ms)
				RefreshPlugins (1ms)
				BeforeProcessingInitializeOnLoad (83ms)
				ProcessInitializeOnLoadAttributes (323ms)
				ProcessInitializeOnLoadMethodAttributes (103ms)
				AfterProcessingInitializeOnLoad (9ms)
				EditorAssembliesLoaded (0ms)
			ExecutionOrderSort2 (0ms)
			AwakeInstancesAfterBackupRestoration (14ms)
Platform modules already initialized, skipping
Refreshing native plugins compatible for Editor in 2.17 ms, found 2 plugins.
Preloading 0 native plugins for Editor in 0.00 ms.
Unloading 3576 Unused Serialized files (Serialized files now loaded: 0)
Unloading 19 unused Assets / (105.1 KB). Loaded Objects now: 4340.
Memory consumption went from 0.59 GB to 0.59 GB.
Total: 4.146700 ms (FindLiveObjects: 0.391500 ms CreateObjectMapping: 0.179900 ms MarkObjects: 3.529200 ms  DeleteObjects: 0.045200 ms)

AssetImportParameters requested are different than current active one (requested -> active):
  custom:video-decoder-ogg-theora: a1e56fd34408186e4bbccfd4996cb3dc -> 
  custom:container-muxer-webm: aa71ff27fc2769a1b78a27578f13a17b -> 
  custom:container-demuxer-webm: 4f35f7cbe854078d1ac9338744f61a02 -> 
  custom:video-encoder-webm-vp8: eb34c28f22e8b96e1ab97ce403110664 -> 
  custom:audio-encoder-webm-vorbis: bf7c407c2cedff20999df2af8eb42d56 -> 
  custom:framework-win-MediaFoundation: 216162199b28c13a410421893ffa2e32 -> 
  custom:container-demuxer-ogg: 62fdf1f143b41e24485cea50d1cbac27 -> 
  custom:video-decoder-webm-vp8: 9c59270c3fd7afecdb556c50c9e8de78 -> 
  custom:audio-decoder-ogg-vorbis: bf7c407c2cedff20999df2af8eb42d56 -> 
========================================================================
Received Prepare
Registering precompiled user dll's ...
Registered in 0.008650 seconds.
Begin MonoManager ReloadAssembly
Symbol file LoadedFromMemory is not a mono symbol file
Native extension for WindowsStandalone target not found
Native extension for WebGL target not found
Refreshing native plugins compatible for Editor in 0.79 ms, found 2 plugins.
Preloading 0 native plugins for Editor in 0.00 ms.
Mono: successfully reloaded assembly
- Completed reload, in  1.399 seconds
Domain Reload Profiling:
	ReloadAssembly (1400ms)
		BeginReloadAssembly (167ms)
			ExecutionOrderSort (0ms)
			DisableScriptedObjects (7ms)
			BackupInstance (0ms)
			ReleaseScriptingObjects (0ms)
			CreateAndSetChildDomain (46ms)
		EndReloadAssembly (1104ms)
			LoadAssemblies (128ms)
			RebuildTransferFunctionScriptingTraits (0ms)
			SetupTypeCache (285ms)
				TypeCache.Initialize (269ms)
					TypeCache.ScanAssembly (264ms)
				ResolveRequiredComponents (16ms)
			ReleaseScriptCaches (2ms)
			RebuildScriptCaches (59ms)
			SetupLoadedEditorAssemblies (546ms)
				LogAssemblyErrors (0ms)
				InitializePlatformSupportModulesInManaged (17ms)
				SetLoadedEditorAssemblies (8ms)
				RefreshPlugins (1ms)
				BeforeProcessingInitializeOnLoad (82ms)
				ProcessInitializeOnLoadAttributes (322ms)
				ProcessInitializeOnLoadMethodAttributes (107ms)
				AfterProcessingInitializeOnLoad (10ms)
				EditorAssembliesLoaded (0ms)
			ExecutionOrderSort2 (0ms)
			AwakeInstancesAfterBackupRestoration (14ms)
Platform modules already initialized, skipping
Refreshing native plugins compatible for Editor in 2.04 ms, found 2 plugins.
Preloading 0 native plugins for Editor in 0.00 ms.
Unloading 3576 Unused Serialized files (Serialized files now loaded: 0)
Unloading 19 unused Assets / (105.2 KB). Loaded Objects now: 4356.
Memory consumption went from 0.59 GB to 0.59 GB.
Total: 3.952400 ms (FindLiveObjects: 0.365700 ms CreateObjectMapping: 0.179900 ms MarkObjects: 3.363800 ms  DeleteObjects: 0.041900 ms)

AssetImportParameters requested are different than current active one (requested -> active):
  custom:video-decoder-ogg-theora: a1e56fd34408186e4bbccfd4996cb3dc -> 
  custom:container-muxer-webm: aa71ff27fc2769a1b78a27578f13a17b -> 
  custom:container-demuxer-webm: 4f35f7cbe854078d1ac9338744f61a02 -> 
  custom:video-encoder-webm-vp8: eb34c28f22e8b96e1ab97ce403110664 -> 
  custom:audio-encoder-webm-vorbis: bf7c407c2cedff20999df2af8eb42d56 -> 
  custom:framework-win-MediaFoundation: 216162199b28c13a410421893ffa2e32 -> 
  custom:container-demuxer-ogg: 62fdf1f143b41e24485cea50d1cbac27 -> 
  custom:video-decoder-webm-vp8: 9c59270c3fd7afecdb556c50c9e8de78 -> 
  custom:audio-decoder-ogg-vorbis: bf7c407c2cedff20999df2af8eb42d56 -> 
========================================================================
Received Import Request.
  Time since last request: 4922.904034 seconds.
  path: Assets/URP/URPMAIN.asset
  artifactKey: Guid(95685cca3a7d5a64b8793befe7c442e0) Importer(815301076,1909f56bfc062723c751e8b465ee728b)
Start importing Assets/URP/URPMAIN.asset using Guid(95685cca3a7d5a64b8793befe7c442e0) Importer(815301076,1909f56bfc062723c751e8b465ee728b)  -> (artifact id: '8dea6045f3653026c5412fa03622e9f7') in 0.030854 seconds 
========================================================================
Received Import Request.
  Time since last request: 20.749638 seconds.
  path: Assets/Weapon/Prefabs/AzimovBlaster.prefab
  artifactKey: Guid(c8e054a577708ce4ab1105cdb5dfce3a) Importer(815301076,1909f56bfc062723c751e8b465ee728b)
Start importing Assets/Weapon/Prefabs/AzimovBlaster.prefab using Guid(c8e054a577708ce4ab1105cdb5dfce3a) Importer(815301076,1909f56bfc062723c751e8b465ee728b)  -> (artifact id: '7efe594f3a5ffa26d7df788df0d0ca8b') in 0.267528 seconds 
========================================================================
Received Import Request.
  Time since last request: 2.149743 seconds.
  path: Assets/Weapon/Prefabs/BlueBlaster1.prefab
  artifactKey: Guid(a6a85774ac55f034e825bef77541e54d) Importer(815301076,1909f56bfc062723c751e8b465ee728b)
Start importing Assets/Weapon/Prefabs/BlueBlaster1.prefab using Guid(a6a85774ac55f034e825bef77541e54d) Importer(815301076,1909f56bfc062723c751e8b465ee728b)  -> (artifact id: '54f9d31bf396e6c804b066f3b340ee2c') in 0.015793 seconds 
========================================================================
Received Import Request.
  Time since last request: 4.602763 seconds.
  path: Assets/Weapon/Prefabs/NaviBlaster.prefab
  artifactKey: Guid(2250fbe2d4aeb84459e089dba53aa77e) Importer(815301076,1909f56bfc062723c751e8b465ee728b)
Start importing Assets/Weapon/Prefabs/NaviBlaster.prefab using Guid(2250fbe2d4aeb84459e089dba53aa77e) Importer(815301076,1909f56bfc062723c751e8b465ee728b)  -> (artifact id: '2fd00a32575741100d931c382bedef06') in 0.019081 seconds 
========================================================================
Received Import Request.
  Time since last request: 0.000027 seconds.
  path: Assets/Weapon/Prefabs/RifleBlaster.prefab
  artifactKey: Guid(ee5042ddf8b8ad24ba3996e00f7540aa) Importer(815301076,1909f56bfc062723c751e8b465ee728b)
Start importing Assets/Weapon/Prefabs/RifleBlaster.prefab using Guid(ee5042ddf8b8ad24ba3996e00f7540aa) Importer(815301076,1909f56bfc062723c751e8b465ee728b)  -> (artifact id: '9e3e139e7ce1275b1e7c6e9e06b117f9') in 0.015262 seconds 
========================================================================
Received Import Request.
  Time since last request: 0.000025 seconds.
  path: Assets/Weapon/Prefabs/RedBlaster.prefab
  artifactKey: Guid(2d522c2955947c44dbb460c903cbe7fc) Importer(815301076,1909f56bfc062723c751e8b465ee728b)
Start importing Assets/Weapon/Prefabs/RedBlaster.prefab using Guid(2d522c2955947c44dbb460c903cbe7fc) Importer(815301076,1909f56bfc062723c751e8b465ee728b)  -> (artifact id: 'edbb89de0ce7aedb27a97c70e3b16655') in 0.016008 seconds 
========================================================================
Received Import Request.
  Time since last request: 0.000024 seconds.
  path: Assets/Weapon/Prefabs/Teg-9.prefab
  artifactKey: Guid(8c755382e7827c244835ec7042b46dce) Importer(815301076,1909f56bfc062723c751e8b465ee728b)
Start importing Assets/Weapon/Prefabs/Teg-9.prefab using Guid(8c755382e7827c244835ec7042b46dce) Importer(815301076,1909f56bfc062723c751e8b465ee728b)  -> (artifact id: '5078f58a5121914848e3c2e5c4221654') in 0.011678 seconds 
========================================================================
Received Import Request.
  Time since last request: 0.000023 seconds.
  path: Assets/Weapon/Prefabs/Weapon.prefab
  artifactKey: Guid(ea85e48c94b3bb44b8fde3ebe1fa830c) Importer(815301076,1909f56bfc062723c751e8b465ee728b)
Start importing Assets/Weapon/Prefabs/Weapon.prefab using Guid(ea85e48c94b3bb44b8fde3ebe1fa830c) Importer(815301076,1909f56bfc062723c751e8b465ee728b)  -> (artifact id: '121d27b40c3557b5ea076b5c00fcf174') in 0.016943 seconds 
========================================================================
Received Import Request.
  Time since last request: 3.174683 seconds.
  path: Assets/Weapon/Prefabs/NaviBlaster.prefab
  artifactKey: Guid(2250fbe2d4aeb84459e089dba53aa77e) Importer(815301076,1909f56bfc062723c751e8b465ee728b)
Start importing Assets/Weapon/Prefabs/NaviBlaster.prefab using Guid(2250fbe2d4aeb84459e089dba53aa77e) Importer(815301076,1909f56bfc062723c751e8b465ee728b)  -> (artifact id: 'aa80029865af47f9294db04a96495c6e') in 0.012777 seconds 
========================================================================
Received Import Request.
  Time since last request: 0.000025 seconds.
  path: Assets/Weapon/Prefabs/RifleBlaster.prefab
  artifactKey: Guid(ee5042ddf8b8ad24ba3996e00f7540aa) Importer(815301076,1909f56bfc062723c751e8b465ee728b)
Start importing Assets/Weapon/Prefabs/RifleBlaster.prefab using Guid(ee5042ddf8b8ad24ba3996e00f7540aa) Importer(815301076,1909f56bfc062723c751e8b465ee728b)  -> (artifact id: '439a853c8e002982a950ff6a7432b9b2') in 0.013011 seconds 
========================================================================
Received Import Request.
  Time since last request: 0.000023 seconds.
  path: Assets/Weapon/Prefabs/Teg-9.prefab
  artifactKey: Guid(8c755382e7827c244835ec7042b46dce) Importer(815301076,1909f56bfc062723c751e8b465ee728b)
Start importing Assets/Weapon/Prefabs/Teg-9.prefab using Guid(8c755382e7827c244835ec7042b46dce) Importer(815301076,1909f56bfc062723c751e8b465ee728b)  -> (artifact id: 'f0160f639053144090950fd61731217d') in 0.014834 seconds 
Editor requested this worker to shutdown with reason: Scaling down because of idle timeout
AssetImportWorker is now disconnected from the server
Process exiting
Exiting without the bug reporter. Application will terminate with return code 0