Using pre-set license
Built from '2021.3/staging' branch; Version is '2021.3.4f1 (cb45f9cae8b7) revision 13321721'; Using compiler version '192829333'; Build Type 'Release'
OS: 'Windows 10  (10.0.19043) 64bit CoreSingleLanguage' Language: 'ru' Physical Memory: 16224 MB
BatchMode: 1, IsHumanControllingUs: 0, StartBugReporterOnCrash: 0, Is64bit: 1, IsPro: 1

COMMAND LINE ARGUMENTS:
C:\Program Files\Unity\Hub\Editor\2021.3.4f1\Editor\Unity.exe
-adb2
-batchMode
-noUpm
-name
AssetImportWorker6
-projectPath
C:/Games/Test/GameECS
-logFile
Logs/AssetImportWorker6.log
-srvPort
1045
Successfully changed project path to: C:/Games/Test/GameECS
C:/Games/Test/GameECS
[UnityMemory] Configuration Parameters - Can be set up in boot.config
    "memorysetup-bucket-allocator-granularity=16"
    "memorysetup-bucket-allocator-bucket-count=8"
    "memorysetup-bucket-allocator-block-size=33554432"
    "memorysetup-bucket-allocator-block-count=8"
    "memorysetup-main-allocator-block-size=16777216"
    "memorysetup-thread-allocator-block-size=16777216"
    "memorysetup-gfx-main-allocator-block-size=16777216"
    "memorysetup-gfx-thread-allocator-block-size=16777216"
    "memorysetup-cache-allocator-block-size=4194304"
    "memorysetup-typetree-allocator-block-size=2097152"
    "memorysetup-profiler-bucket-allocator-granularity=16"
    "memorysetup-profiler-bucket-allocator-bucket-count=8"
    "memorysetup-profiler-bucket-allocator-block-size=33554432"
    "memorysetup-profiler-bucket-allocator-block-count=8"
    "memorysetup-profiler-allocator-block-size=16777216"
    "memorysetup-profiler-editor-allocator-block-size=1048576"
    "memorysetup-temp-allocator-size-main=16777216"
    "memorysetup-job-temp-allocator-block-size=2097152"
    "memorysetup-job-temp-allocator-block-size-background=1048576"
    "memorysetup-job-temp-allocator-reduction-small-platforms=262144"
    "memorysetup-temp-allocator-size-background-worker=32768"
    "memorysetup-temp-allocator-size-job-worker=262144"
    "memorysetup-temp-allocator-size-preload-manager=33554432"
    "memorysetup-temp-allocator-size-nav-mesh-worker=65536"
    "memorysetup-temp-allocator-size-audio-worker=65536"
    "memorysetup-temp-allocator-size-cloud-worker=32768"
    "memorysetup-temp-allocator-size-gi-baking-worker=262144"
    "memorysetup-temp-allocator-size-gfx=262144"
Refreshing native plugins compatible for Editor in 168.64 ms, found 3 plugins.
Preloading 0 native plugins for Editor in 0.00 ms.
Initialize engine version: 2021.3.4f1 (cb45f9cae8b7)
[Subsystems] Discovering subsystems at path C:/Program Files/Unity/Hub/Editor/2021.3.4f1/Editor/Data/Resources/UnitySubsystems
[Subsystems] Discovering subsystems at path C:/Games/Test/GameECS/Assets
GfxDevice: creating device client; threaded=0; jobified=0
Direct3D:
    Version:  Direct3D 11.0 [level 11.1]
    Renderer: AMD Radeon (TM) R7 370 Series (ID=0x6811)
    Vendor:   ATI
    VRAM:     4075 MB
    Driver:   27.20.20903.8001
Shader 'WFX/Transparent Diffuse': fallback shader 'Particles/Alpha Blended' not found
Shader 'WFX/Transparent Specular': fallback shader 'Particles/Alpha Blended' not found
Initialize mono
Mono path[0] = 'C:/Program Files/Unity/Hub/Editor/2021.3.4f1/Editor/Data/Managed'
Mono path[1] = 'C:/Program Files/Unity/Hub/Editor/2021.3.4f1/Editor/Data/MonoBleedingEdge/lib/mono/unityjit-win32'
Mono config path = 'C:/Program Files/Unity/Hub/Editor/2021.3.4f1/Editor/Data/MonoBleedingEdge/etc'
Using monoOptions --debugger-agent=transport=dt_socket,embedding=1,server=y,suspend=n,address=127.0.0.1:56804
Begin MonoManager ReloadAssembly
Registering precompiled unity dll's ...
Register platform support module: C:/Program Files/Unity/Hub/Editor/2021.3.4f1/Editor/Data/PlaybackEngines/WebGLSupport/UnityEditor.WebGL.Extensions.dll
Register platform support module: C:/Program Files/Unity/Hub/Editor/2021.3.4f1/Editor/Data/PlaybackEngines/WindowsStandaloneSupport/UnityEditor.WindowsStandalone.Extensions.dll
Registered in 0.007985 seconds.
Native extension for WindowsStandalone target not found
Native extension for WebGL target not found
Refreshing native plugins compatible for Editor in 157.65 ms, found 3 plugins.
Preloading 0 native plugins for Editor in 0.00 ms.
Mono: successfully reloaded assembly
- Completed reload, in  0.846 seconds
Domain Reload Profiling:
	ReloadAssembly (847ms)
		BeginReloadAssembly (85ms)
			ExecutionOrderSort (0ms)
			DisableScriptedObjects (0ms)
			BackupInstance (0ms)
			ReleaseScriptingObjects (0ms)
			CreateAndSetChildDomain (1ms)
		EndReloadAssembly (621ms)
			LoadAssemblies (83ms)
			RebuildTransferFunctionScriptingTraits (0ms)
			SetupTypeCache (140ms)
			ReleaseScriptCaches (0ms)
			RebuildScriptCaches (37ms)
			SetupLoadedEditorAssemblies (380ms)
				LogAssemblyErrors (0ms)
				InitializePlatformSupportModulesInManaged (11ms)
				SetLoadedEditorAssemblies (0ms)
				RefreshPlugins (158ms)
				BeforeProcessingInitializeOnLoad (2ms)
				ProcessInitializeOnLoadAttributes (154ms)
				ProcessInitializeOnLoadMethodAttributes (56ms)
				AfterProcessingInitializeOnLoad (0ms)
				EditorAssembliesLoaded (0ms)
			ExecutionOrderSort2 (0ms)
			AwakeInstancesAfterBackupRestoration (0ms)
Platform modules already initialized, skipping
Registering precompiled user dll's ...
Registered in 0.008883 seconds.
Begin MonoManager ReloadAssembly
Symbol file LoadedFromMemory doesn't match image C:\Games\Test\GameECS\Library\PackageCache\com.unity.visualscripting@1.7.8\Editor\VisualScripting.Core\Dependencies\YamlDotNet\Unity.VisualScripting.YamlDotNet.dll
Symbol file LoadedFromMemory doesn't match image C:\Games\Test\GameECS\Library\PackageCache\com.unity.visualscripting@1.7.8\Editor\VisualScripting.Core\Dependencies\DotNetZip\Unity.VisualScripting.IonicZip.dll
Native extension for WindowsStandalone target not found
Native extension for WebGL target not found
Refreshing native plugins compatible for Editor in 157.28 ms, found 3 plugins.
Preloading 0 native plugins for Editor in 0.00 ms.
Mono: successfully reloaded assembly
- Completed reload, in  1.637 seconds
Domain Reload Profiling:
	ReloadAssembly (1638ms)
		BeginReloadAssembly (141ms)
			ExecutionOrderSort (0ms)
			DisableScriptedObjects (8ms)
			BackupInstance (0ms)
			ReleaseScriptingObjects (0ms)
			CreateAndSetChildDomain (25ms)
		EndReloadAssembly (1340ms)
			LoadAssemblies (101ms)
			RebuildTransferFunctionScriptingTraits (0ms)
			SetupTypeCache (352ms)
			ReleaseScriptCaches (1ms)
			RebuildScriptCaches (77ms)
			SetupLoadedEditorAssemblies (752ms)
				LogAssemblyErrors (0ms)
				InitializePlatformSupportModulesInManaged (7ms)
				SetLoadedEditorAssemblies (0ms)
				RefreshPlugins (157ms)
				BeforeProcessingInitializeOnLoad (133ms)
				ProcessInitializeOnLoadAttributes (340ms)
				ProcessInitializeOnLoadMethodAttributes (106ms)
				AfterProcessingInitializeOnLoad (8ms)
				EditorAssembliesLoaded (0ms)
			ExecutionOrderSort2 (0ms)
			AwakeInstancesAfterBackupRestoration (7ms)
Platform modules already initialized, skipping
========================================================================
Worker process is ready to serve import requests
Shader 'WFX/Transparent Specular': fallback shader 'Particles/Alpha Blended' not found
Shader 'WFX/Transparent Diffuse': fallback shader 'Particles/Alpha Blended' not found
Launched and connected shader compiler UnityShaderCompiler.exe after 0.09 seconds
Refreshing native plugins compatible for Editor in 1.21 ms, found 3 plugins.
Preloading 0 native plugins for Editor in 0.00 ms.
Unloading 5283 Unused Serialized files (Serialized files now loaded: 0)
Unloading 35 unused Assets / (424.7 KB). Loaded Objects now: 5737.
Memory consumption went from 214.2 MB to 213.8 MB.
Total: 4.714100 ms (FindLiveObjects: 0.613500 ms CreateObjectMapping: 0.343000 ms MarkObjects: 3.449300 ms  DeleteObjects: 0.307200 ms)

AssetImportParameters requested are different than current active one (requested -> active):
  custom:video-decoder-ogg-theora: a1e56fd34408186e4bbccfd4996cb3dc -> 
  custom:container-muxer-webm: aa71ff27fc2769a1b78a27578f13a17b -> 
  custom:container-demuxer-webm: 4f35f7cbe854078d1ac9338744f61a02 -> 
  custom:video-encoder-webm-vp8: eb34c28f22e8b96e1ab97ce403110664 -> 
  custom:audio-encoder-webm-vorbis: bf7c407c2cedff20999df2af8eb42d56 -> 
  custom:framework-win-MediaFoundation: 216162199b28c13a410421893ffa2e32 -> 
  custom:container-demuxer-ogg: 62fdf1f143b41e24485cea50d1cbac27 -> 
  custom:video-decoder-webm-vp8: 9c59270c3fd7afecdb556c50c9e8de78 -> 
  custom:audio-decoder-ogg-vorbis: bf7c407c2cedff20999df2af8eb42d56 -> 
========================================================================
Received Import Request.
  Time since last request: 43742.543822 seconds.
  path: Assets/Weapon/FBX format/blasterA.fbx
  artifactKey: Guid(4d3731c909decc94a816f21a0d79cffd) Importer(815301076,1909f56bfc062723c751e8b465ee728b)
Start importing Assets/Weapon/FBX format/blasterA.fbx using Guid(4d3731c909decc94a816f21a0d79cffd) Importer(815301076,1909f56bfc062723c751e8b465ee728b)  -> (artifact id: '12fb21067f7082eb18f04e507131e06c') in 0.434560 seconds 
========================================================================
Received Import Request.
  Time since last request: 0.000042 seconds.
  path: Assets/Weapon/FBX format/blasterK.fbx
  artifactKey: Guid(74184c93756a817448046e119dd05345) Importer(815301076,1909f56bfc062723c751e8b465ee728b)
Start importing Assets/Weapon/FBX format/blasterK.fbx using Guid(74184c93756a817448046e119dd05345) Importer(815301076,1909f56bfc062723c751e8b465ee728b)  -> (artifact id: 'd38d0e1874bfb45284ba8a075bfbb9c6') in 0.066005 seconds 
========================================================================
Received Import Request.
  Time since last request: 0.000042 seconds.
  path: Assets/Weapon/FBX format/blasterN.fbx
  artifactKey: Guid(f2a6c872f1b14f346890972b2800f32f) Importer(815301076,1909f56bfc062723c751e8b465ee728b)
Start importing Assets/Weapon/FBX format/blasterN.fbx using Guid(f2a6c872f1b14f346890972b2800f32f) Importer(815301076,1909f56bfc062723c751e8b465ee728b)  -> (artifact id: '405f1cca136b85b50159956249758158') in 0.074423 seconds 
========================================================================
Received Import Request.
  Time since last request: 0.000031 seconds.
  path: Assets/Weapon/FBX format/blasterI.fbx
  artifactKey: Guid(a7747f05b5425e84a8c3594acc1a3b85) Importer(815301076,1909f56bfc062723c751e8b465ee728b)
Start importing Assets/Weapon/FBX format/blasterI.fbx using Guid(a7747f05b5425e84a8c3594acc1a3b85) Importer(815301076,1909f56bfc062723c751e8b465ee728b)  -> (artifact id: '23309feb8d2c34bd15153823418d7e3a') in 0.064362 seconds 
========================================================================
Received Import Request.
  Time since last request: 0.000034 seconds.
  path: Assets/Weapon/FBX format/foamBulletA.fbx
  artifactKey: Guid(c45843626b4b9454a867ffcbd8fcd620) Importer(815301076,1909f56bfc062723c751e8b465ee728b)
Start importing Assets/Weapon/FBX format/foamBulletA.fbx using Guid(c45843626b4b9454a867ffcbd8fcd620) Importer(815301076,1909f56bfc062723c751e8b465ee728b)  -> (artifact id: 'ffb92f8ee805a7ba17c2c8ca9b229abd') in 0.043652 seconds 
========================================================================
Received Import Request.
  Time since last request: 0.000037 seconds.
  path: Assets/Weapon/FBX format/foamBulletB.fbx
  artifactKey: Guid(a1f4a30bd271b6b468fea510e4309ae8) Importer(815301076,1909f56bfc062723c751e8b465ee728b)
Start importing Assets/Weapon/FBX format/foamBulletB.fbx using Guid(a1f4a30bd271b6b468fea510e4309ae8) Importer(815301076,1909f56bfc062723c751e8b465ee728b)  -> (artifact id: 'd2da2de4991781f21a486fcdccb597d4') in 0.047747 seconds 
========================================================================
Received Import Request.
  Time since last request: 0.000043 seconds.
  path: Assets/Weapon/FBX format/blasterM.fbx
  artifactKey: Guid(195b3d71f3ab1e040ad87f16a290df35) Importer(815301076,1909f56bfc062723c751e8b465ee728b)
Start importing Assets/Weapon/FBX format/blasterM.fbx using Guid(195b3d71f3ab1e040ad87f16a290df35) Importer(815301076,1909f56bfc062723c751e8b465ee728b)  -> (artifact id: '7cca0583af885a58a6cc5ae70bbade23') in 0.071910 seconds 
========================================================================
Received Import Request.
  Time since last request: 0.000028 seconds.
  path: Assets/Weapon/FBX format/blasterH.fbx
  artifactKey: Guid(8fcb6327beeebd949b38ed1b00e6b332) Importer(815301076,1909f56bfc062723c751e8b465ee728b)
Start importing Assets/Weapon/FBX format/blasterH.fbx using Guid(8fcb6327beeebd949b38ed1b00e6b332) Importer(815301076,1909f56bfc062723c751e8b465ee728b)  -> (artifact id: 'cb5f4ed106c621aed010cb3e6178a481') in 0.061107 seconds 
========================================================================
Received Import Request.
  Time since last request: 0.000026 seconds.
  path: Assets/Weapon/FBX format/blasterG.fbx
  artifactKey: Guid(3d327868f8b54a34d9633dcda45da905) Importer(815301076,1909f56bfc062723c751e8b465ee728b)
Start importing Assets/Weapon/FBX format/blasterG.fbx using Guid(3d327868f8b54a34d9633dcda45da905) Importer(815301076,1909f56bfc062723c751e8b465ee728b)  -> (artifact id: '728abe9de5c5d5e0c8a400ba3239095c') in 0.065233 seconds 
========================================================================
Received Import Request.
  Time since last request: 0.000030 seconds.
  path: Assets/Weapon/FBX format/blasterF.fbx
  artifactKey: Guid(8fa873e2be49de844afb260e14ab0281) Importer(815301076,1909f56bfc062723c751e8b465ee728b)
Start importing Assets/Weapon/FBX format/blasterF.fbx using Guid(8fa873e2be49de844afb260e14ab0281) Importer(815301076,1909f56bfc062723c751e8b465ee728b)  -> (artifact id: 'fbce5f87da14a09f0504a219bd705e21') in 0.059744 seconds 
========================================================================
Received Import Request.
  Time since last request: 63.455509 seconds.
  path: Assets/Weapon/FBX format/blasterB.fbx
  artifactKey: Guid(571114aca4bd32e43a43da37b01472fc) Importer(815301076,1909f56bfc062723c751e8b465ee728b)
Start importing Assets/Weapon/FBX format/blasterB.fbx using Guid(571114aca4bd32e43a43da37b01472fc) Importer(815301076,1909f56bfc062723c751e8b465ee728b)  -> (artifact id: '33fe0729fc96f96ba4f5285cd44ead77') in 0.070506 seconds 
========================================================================
Received Import Request.
  Time since last request: 0.000035 seconds.
  path: Assets/Weapon/FBX format/blasterI.fbx
  artifactKey: Guid(a7747f05b5425e84a8c3594acc1a3b85) Importer(815301076,1909f56bfc062723c751e8b465ee728b)
Start importing Assets/Weapon/FBX format/blasterI.fbx using Guid(a7747f05b5425e84a8c3594acc1a3b85) Importer(815301076,1909f56bfc062723c751e8b465ee728b)  -> (artifact id: '5c0a64603c7d3c015fd252d2ce12dab1') in 0.060448 seconds 
========================================================================
Received Import Request.
  Time since last request: 0.000037 seconds.
  path: Assets/Weapon/FBX format/blasterM.fbx
  artifactKey: Guid(195b3d71f3ab1e040ad87f16a290df35) Importer(815301076,1909f56bfc062723c751e8b465ee728b)
Start importing Assets/Weapon/FBX format/blasterM.fbx using Guid(195b3d71f3ab1e040ad87f16a290df35) Importer(815301076,1909f56bfc062723c751e8b465ee728b)  -> (artifact id: '71d8fcf8c7391fb2a7ad1f236e94c37f') in 0.057451 seconds 
========================================================================
Received Import Request.
  Time since last request: 0.000042 seconds.
  path: Assets/Weapon/FBX format/blasterH.fbx
  artifactKey: Guid(8fcb6327beeebd949b38ed1b00e6b332) Importer(815301076,1909f56bfc062723c751e8b465ee728b)
Start importing Assets/Weapon/FBX format/blasterH.fbx using Guid(8fcb6327beeebd949b38ed1b00e6b332) Importer(815301076,1909f56bfc062723c751e8b465ee728b)  -> (artifact id: 'd0e5f5f92a93fb4a01a86b7ce70bcc29') in 0.056465 seconds 
========================================================================
Received Import Request.
  Time since last request: 0.000034 seconds.
  path: Assets/Weapon/FBX format/blasterE.fbx
  artifactKey: Guid(1d8a53ff21e56e048b31616a2bc78fd6) Importer(815301076,1909f56bfc062723c751e8b465ee728b)
Start importing Assets/Weapon/FBX format/blasterE.fbx using Guid(1d8a53ff21e56e048b31616a2bc78fd6) Importer(815301076,1909f56bfc062723c751e8b465ee728b)  -> (artifact id: '72fceb61ef3c3f650b40f923f726ac01') in 0.058085 seconds 
Editor requested this worker to shutdown with reason: Scaling down because of idle timeout
AssetImportWorker is now disconnected from the server
Process exiting
Exiting without the bug reporter. Application will terminate with return code 0