Using pre-set license
Built from '2022.1/staging' branch; Version is '2022.1.0b16 (098023fe5c31) revision 622627'; Using compiler version '192829333'; Build Type 'Release'
OS: 'Windows 10  (10.0.19043) 64bit CoreSingleLanguage' Language: 'ru' Physical Memory: 16224 MB
BatchMode: 1, IsHumanControllingUs: 0, StartBugReporterOnCrash: 0, Is64bit: 1, IsPro: 1

COMMAND LINE ARGUMENTS:
C:\Program Files\Unity\Hub\Editor\2022.1.0b16\Editor\Unity.exe
-adb2
-batchMode
-noUpm
-name
AssetImportWorker4
-projectPath
C:/Games/Test/GameECS
-logFile
Logs/AssetImportWorker4.log
-srvPort
22557
Successfully changed project path to: C:/Games/Test/GameECS
C:/Games/Test/GameECS
[UnityMemory] Configuration Parameters - Can be set up in boot.config
    "memorysetup-bucket-allocator-granularity=16"
    "memorysetup-bucket-allocator-bucket-count=8"
    "memorysetup-bucket-allocator-block-size=33554432"
    "memorysetup-bucket-allocator-block-count=8"
    "memorysetup-main-allocator-block-size=16777216"
    "memorysetup-thread-allocator-block-size=16777216"
    "memorysetup-gfx-main-allocator-block-size=16777216"
    "memorysetup-gfx-thread-allocator-block-size=16777216"
    "memorysetup-cache-allocator-block-size=4194304"
    "memorysetup-typetree-allocator-block-size=2097152"
    "memorysetup-profiler-bucket-allocator-granularity=16"
    "memorysetup-profiler-bucket-allocator-bucket-count=8"
    "memorysetup-profiler-bucket-allocator-block-size=33554432"
    "memorysetup-profiler-bucket-allocator-block-count=8"
    "memorysetup-profiler-allocator-block-size=16777216"
    "memorysetup-profiler-editor-allocator-block-size=1048576"
    "memorysetup-temp-allocator-size-main=16777216"
    "memorysetup-job-temp-allocator-block-size=2097152"
    "memorysetup-job-temp-allocator-block-size-background=1048576"
    "memorysetup-job-temp-allocator-reduction-small-platforms=262144"
    "memorysetup-temp-allocator-size-background-worker=32768"
    "memorysetup-temp-allocator-size-job-worker=262144"
    "memorysetup-temp-allocator-size-preload-manager=33554432"
    "memorysetup-temp-allocator-size-nav-mesh-worker=65536"
    "memorysetup-temp-allocator-size-audio-worker=65536"
    "memorysetup-temp-allocator-size-cloud-worker=32768"
    "memorysetup-temp-allocator-size-gi-baking-worker=262144"
    "memorysetup-temp-allocator-size-gfx=262144"
Refreshing native plugins compatible for Editor in 77.43 ms, found 2 plugins.
Preloading 0 native plugins for Editor in 0.00 ms.
Initialize engine version: 2022.1.0b16 (098023fe5c31)
[Subsystems] Discovering subsystems at path C:/Program Files/Unity/Hub/Editor/2022.1.0b16/Editor/Data/Resources/UnitySubsystems
[Subsystems] Discovering subsystems at path C:/Games/Test/GameECS/Assets
GfxDevice: creating device client; threaded=0; jobified=0
Direct3D:
    Version:  Direct3D 11.0 [level 11.1]
    Renderer: AMD Radeon (TM) R7 370 Series (ID=0x6811)
    Vendor:   ATI
    VRAM:     4075 MB
    Driver:   27.20.20903.8001
Initialize mono
Mono path[0] = 'C:/Program Files/Unity/Hub/Editor/2022.1.0b16/Editor/Data/Managed'
Mono path[1] = 'C:/Program Files/Unity/Hub/Editor/2022.1.0b16/Editor/Data/MonoBleedingEdge/lib/mono/unityjit-win32'
Mono config path = 'C:/Program Files/Unity/Hub/Editor/2022.1.0b16/Editor/Data/MonoBleedingEdge/etc'
Using monoOptions --debugger-agent=transport=dt_socket,embedding=1,server=y,suspend=n,address=127.0.0.1:56124
Begin MonoManager ReloadAssembly
Registering precompiled unity dll's ...
Register platform support module: C:/Program Files/Unity/Hub/Editor/2022.1.0b16/Editor/Data/PlaybackEngines/WebGLSupport/UnityEditor.WebGL.Extensions.dll
Register platform support module: C:/Program Files/Unity/Hub/Editor/2022.1.0b16/Editor/Data/PlaybackEngines/WindowsStandaloneSupport/UnityEditor.WindowsStandalone.Extensions.dll
Registered in 0.009684 seconds.
Native extension for WindowsStandalone target not found
Native extension for WebGL target not found
Refreshing native plugins compatible for Editor in 73.60 ms, found 2 plugins.
Preloading 0 native plugins for Editor in 0.00 ms.
Mono: successfully reloaded assembly
- Completed reload, in  0.846 seconds
Domain Reload Profiling:
	ReloadAssembly (847ms)
		BeginReloadAssembly (102ms)
			ExecutionOrderSort (0ms)
			DisableScriptedObjects (0ms)
			BackupInstance (0ms)
			ReleaseScriptingObjects (0ms)
			CreateAndSetChildDomain (1ms)
		EndReloadAssembly (598ms)
			LoadAssemblies (99ms)
			RebuildTransferFunctionScriptingTraits (0ms)
			SetupTypeCache (154ms)
				TypeCache.Initialize (154ms)
					TypeCache.ScanAssembly (152ms)
				ResolveRequiredComponents (1ms)
			ReleaseScriptCaches (0ms)
			RebuildScriptCaches (38ms)
			SetupLoadedEditorAssemblies (334ms)
				LogAssemblyErrors (0ms)
				InitializePlatformSupportModulesInManaged (11ms)
				SetLoadedEditorAssemblies (9ms)
				RefreshPlugins (74ms)
				BeforeProcessingInitializeOnLoad (2ms)
				ProcessInitializeOnLoadAttributes (179ms)
				ProcessInitializeOnLoadMethodAttributes (58ms)
				AfterProcessingInitializeOnLoad (0ms)
				EditorAssembliesLoaded (0ms)
			ExecutionOrderSort2 (0ms)
			AwakeInstancesAfterBackupRestoration (0ms)
Platform modules already initialized, skipping
Registering precompiled user dll's ...
Registered in 0.006180 seconds.
Begin MonoManager ReloadAssembly
Symbol file LoadedFromMemory is not a mono symbol file
Native extension for WindowsStandalone target not found
Native extension for WebGL target not found
Refreshing native plugins compatible for Editor in 74.62 ms, found 2 plugins.
Preloading 0 native plugins for Editor in 0.00 ms.
Mono: successfully reloaded assembly
- Completed reload, in  1.520 seconds
Domain Reload Profiling:
	ReloadAssembly (1521ms)
		BeginReloadAssembly (155ms)
			ExecutionOrderSort (0ms)
			DisableScriptedObjects (7ms)
			BackupInstance (0ms)
			ReleaseScriptingObjects (0ms)
			CreateAndSetChildDomain (27ms)
		EndReloadAssembly (1217ms)
			LoadAssemblies (136ms)
			RebuildTransferFunctionScriptingTraits (0ms)
			SetupTypeCache (299ms)
				TypeCache.Initialize (283ms)
					TypeCache.ScanAssembly (279ms)
				ResolveRequiredComponents (16ms)
			ReleaseScriptCaches (1ms)
			RebuildScriptCaches (76ms)
			SetupLoadedEditorAssemblies (642ms)
				LogAssemblyErrors (0ms)
				InitializePlatformSupportModulesInManaged (7ms)
				SetLoadedEditorAssemblies (8ms)
				RefreshPlugins (75ms)
				BeforeProcessingInitializeOnLoad (101ms)
				ProcessInitializeOnLoadAttributes (336ms)
				ProcessInitializeOnLoadMethodAttributes (105ms)
				AfterProcessingInitializeOnLoad (9ms)
				EditorAssembliesLoaded (0ms)
			ExecutionOrderSort2 (0ms)
			AwakeInstancesAfterBackupRestoration (8ms)
Platform modules already initialized, skipping
========================================================================
Worker process is ready to serve import requests
Launched and connected shader compiler UnityShaderCompiler.exe after 0.09 seconds
Refreshing native plugins compatible for Editor in 0.89 ms, found 2 plugins.
Preloading 0 native plugins for Editor in 0.00 ms.
Unloading 3727 Unused Serialized files (Serialized files now loaded: 0)
Unloading 38 unused Assets / (145.3 KB). Loaded Objects now: 4203.
Memory consumption went from 0.61 GB to 0.61 GB.
Total: 4.548000 ms (FindLiveObjects: 0.425600 ms CreateObjectMapping: 0.214300 ms MarkObjects: 3.762100 ms  DeleteObjects: 0.145000 ms)

AssetImportParameters requested are different than current active one (requested -> active):
  custom:video-decoder-ogg-theora: a1e56fd34408186e4bbccfd4996cb3dc -> 
  custom:container-muxer-webm: aa71ff27fc2769a1b78a27578f13a17b -> 
  custom:container-demuxer-webm: 4f35f7cbe854078d1ac9338744f61a02 -> 
  custom:video-encoder-webm-vp8: eb34c28f22e8b96e1ab97ce403110664 -> 
  custom:audio-encoder-webm-vorbis: bf7c407c2cedff20999df2af8eb42d56 -> 
  custom:framework-win-MediaFoundation: 216162199b28c13a410421893ffa2e32 -> 
  custom:container-demuxer-ogg: 62fdf1f143b41e24485cea50d1cbac27 -> 
  custom:video-decoder-webm-vp8: 9c59270c3fd7afecdb556c50c9e8de78 -> 
  custom:audio-decoder-ogg-vorbis: bf7c407c2cedff20999df2af8eb42d56 -> 
========================================================================
Received Import Request.
  Time since last request: 8949.979918 seconds.
  path: Assets/10WeaponsPack/Models/Blaster2.fbx
  artifactKey: Guid(ae28c140271a1264a92aaf85e1e67c96) Importer(815301076,1909f56bfc062723c751e8b465ee728b)
Start importing Assets/10WeaponsPack/Models/Blaster2.fbx using Guid(ae28c140271a1264a92aaf85e1e67c96) Importer(815301076,1909f56bfc062723c751e8b465ee728b)  -> (artifact id: '3e86b7f5994f506c9cc008587b929148') in 0.538587 seconds 
========================================================================
Received Import Request.
  Time since last request: 17.182012 seconds.
  path: Assets/10WeaponsPack/Documentation
  artifactKey: Guid(2888a033b598d3b4daa3a514f6c05431) Importer(815301076,1909f56bfc062723c751e8b465ee728b)
Start importing Assets/10WeaponsPack/Documentation using Guid(2888a033b598d3b4daa3a514f6c05431) Importer(815301076,1909f56bfc062723c751e8b465ee728b)  -> (artifact id: '4715372172420bb5e309325281556cb2') in 0.006031 seconds 
========================================================================
Received Import Request.
  Time since last request: 1.833403 seconds.
  path: Assets/10WeaponsPack/Documentation/Documentation.txt
  artifactKey: Guid(6f6b8860a980ef34ab4d08af9cda9d80) Importer(815301076,1909f56bfc062723c751e8b465ee728b)
Start importing Assets/10WeaponsPack/Documentation/Documentation.txt using Guid(6f6b8860a980ef34ab4d08af9cda9d80) Importer(815301076,1909f56bfc062723c751e8b465ee728b)  -> (artifact id: 'c72023b4bc02eeb9f5503e7e367865a7') in 0.009481 seconds 
========================================================================
Received Import Request.
  Time since last request: 81.086588 seconds.
  path: Assets/Scenes/GameScene.unity
  artifactKey: Guid(9fc0d4010bbf28b4594072e72b8655ab) Importer(815301076,1909f56bfc062723c751e8b465ee728b)
Start importing Assets/Scenes/GameScene.unity using Guid(9fc0d4010bbf28b4594072e72b8655ab) Importer(815301076,1909f56bfc062723c751e8b465ee728b)  -> (artifact id: 'c53b3046fa4fc5365479fcb50b24b347') in 0.006537 seconds 
========================================================================
Received Import Request.
  Time since last request: 3.071432 seconds.
  path: Assets/Scenes/SampleScene
  artifactKey: Guid(f072d65ec237ca14db6ae790f37130ec) Importer(815301076,1909f56bfc062723c751e8b465ee728b)
Start importing Assets/Scenes/SampleScene using Guid(f072d65ec237ca14db6ae790f37130ec) Importer(815301076,1909f56bfc062723c751e8b465ee728b)  -> (artifact id: 'b05bd30fb068162bc2750cbe5f9a473a') in 0.006500 seconds 
========================================================================
Received Import Request.
  Time since last request: 0.184992 seconds.
  path: Assets/Scenes/SampleScene/GlobalVolume Profile.asset
  artifactKey: Guid(7e807feef7b69ff4f94f147747106269) Importer(815301076,1909f56bfc062723c751e8b465ee728b)
Start importing Assets/Scenes/SampleScene/GlobalVolume Profile.asset using Guid(7e807feef7b69ff4f94f147747106269) Importer(815301076,1909f56bfc062723c751e8b465ee728b)  -> (artifact id: '43a95ce320f273e6b4c92b110704a5bb') in 0.011284 seconds 
========================================================================
Received Import Request.
  Time since last request: 12.790015 seconds.
  path: Assets/10WeaponsPack/Prefabs/Weapon 2.prefab
  artifactKey: Guid(c2107d6b89a397a47a200faf13fc5d23) Importer(815301076,1909f56bfc062723c751e8b465ee728b)
Start importing Assets/10WeaponsPack/Prefabs/Weapon 2.prefab using Guid(c2107d6b89a397a47a200faf13fc5d23) Importer(815301076,1909f56bfc062723c751e8b465ee728b)  -> (artifact id: '6fa22c3a7c7477c6210a2dc56cfab2dd') in 0.021718 seconds 
========================================================================
Received Import Request.
  Time since last request: 0.000025 seconds.
  path: Assets/10WeaponsPack/Prefabs/Weapon8.prefab
  artifactKey: Guid(64fe1025baf628c4cae82f971680f07d) Importer(815301076,1909f56bfc062723c751e8b465ee728b)
Start importing Assets/10WeaponsPack/Prefabs/Weapon8.prefab using Guid(64fe1025baf628c4cae82f971680f07d) Importer(815301076,1909f56bfc062723c751e8b465ee728b)  -> (artifact id: 'cc3447beeb7416210d6565f546566963') in 0.022482 seconds 
========================================================================
Received Import Request.
  Time since last request: 0.000024 seconds.
  path: Assets/10WeaponsPack/Prefabs/Weapon6.prefab
  artifactKey: Guid(05fad388f99760149a03a8a3f889dfaa) Importer(815301076,1909f56bfc062723c751e8b465ee728b)
Start importing Assets/10WeaponsPack/Prefabs/Weapon6.prefab using Guid(05fad388f99760149a03a8a3f889dfaa) Importer(815301076,1909f56bfc062723c751e8b465ee728b)  -> (artifact id: '253c2231df5ec1fa966961a0b765fbf0') in 0.014922 seconds 
========================================================================
Received Import Request.
  Time since last request: 0.000023 seconds.
  path: Assets/10WeaponsPack/Prefabs/Weapon 7.prefab
  artifactKey: Guid(cf522fc33bfbfdf4fb6995b125071336) Importer(815301076,1909f56bfc062723c751e8b465ee728b)
Start importing Assets/10WeaponsPack/Prefabs/Weapon 7.prefab using Guid(cf522fc33bfbfdf4fb6995b125071336) Importer(815301076,1909f56bfc062723c751e8b465ee728b)  -> (artifact id: '53834c9a2d37bb0ffa6172db35ee526d') in 0.020631 seconds 
Editor requested this worker to shutdown with reason: Scaling down because of idle timeout
AssetImportWorker is now disconnected from the server
Process exiting
Exiting without the bug reporter. Application will terminate with return code 0